Updating system with the options from the configuration file
SynD propagator inferring 10001 steps per iteration from west.system.system_options.pcoord_len
Maximum wallclock time: 1 day, 0:00:00

Tue Feb 25 16:19:15 2025
Iteration 1 (10 requested)
Beginning iteration 1
6 segments remain in iteration 1 (6 total)
1 of 1 (100.000000%) active bins are populated
per-bin minimum non-zero probability:       1
per-bin maximum probability:                1
per-bin probability dynamic range (kT):     0
per-segment minimum non-zero probability:   0.166667
per-segment maximum non-zero probability:   0.166667
per-segment probability dynamic range (kT): 0
norm = 1, error in norm = -1.11022e-16 (-0.5*epsilon)
Waiting for segments to complete...
WE weights: 
 [0.16666667 0.16666667 0.16666667 0.16666667 0.16666667 0.16666667] 
weights sum:  0.9999999999999999
curr pcoords:
 [2.0577059 1.8352276 2.0870075 2.1043074 1.9659497 2.0809348]
curr parent ids:
 [-6 -2 -5 -3 -4 -1]
curr parent wtg ids:
 [{-6} {-2} {-5} {-3} {-4} {-1}]
curr data len:  6

# INFO ON THE DATASET
# Number of methyls:  116
# Number of rates:    3
# Number of blocks:   6
# Overall chi square: 557.30
# THETA: 1000         
# Done! All minimizations terminated successfully
Skip save of results.pkl for temp testing
ABSURDer weights: 
 [0.15720732 0.17170122 0.16445168 0.1660534  0.17048699 0.17009939]
ABSURDer phi_eff: 0.9995566686303851
current iteration:  1
WEER split: [0, 1, 0, 0, 1, 0]
WEER merge: [[5], [], [3], [], [], []]
Split indices:  [1, 4]
split sum:  2
merge sum:  2
Bin attrs post WEER:  <Bin at 0x141e199a0, label=None, count=6, weight=1>
New weights:
 [0.08333333 0.08333333 0.08333333 0.33333333 0.08333333 0.33333333]
Total = 6, splitting = 2, merging = 4
Iteration completed successfully
Iteration wallclock: 0:00:25.830981, cputime: 0:00:00


Tue Feb 25 16:19:41 2025
Iteration 2 (10 requested)
Beginning iteration 2
6 segments remain in iteration 2 (6 total)
1 of 1 (100.000000%) active bins are populated
per-bin minimum non-zero probability:       1
per-bin maximum probability:                1
per-bin probability dynamic range (kT):     0
per-segment minimum non-zero probability:   0.0833333
per-segment maximum non-zero probability:   0.333333
per-segment probability dynamic range (kT): 1.38629
norm = 1, error in norm = 0 (0*epsilon)
Waiting for segments to complete...
WE weights: 
 [0.08333333 0.08333333 0.08333333 0.08333333 0.33333333 0.33333333] 
weights sum:  1.0
curr pcoords:
 [1.9364493 1.861559  1.9537132 1.9084052 1.9354267 2.3224041]
curr parent ids:
 [2 1 2 1 3 0]
curr parent wtg ids:
 [{2} {1} {2} {1} {3, 4} {0, 5}]
curr data len:  6

# INFO ON THE DATASET
# Number of methyls:  116
# Number of rates:    3
# Number of blocks:   6
# Overall chi square: 595.91
# THETA: 1000         
# Done! All minimizations terminated successfully
Skip save of results.pkl for temp testing
ABSURDer weights: 
 [0.1613604  0.16401296 0.15826282 0.16279034 0.18667956 0.16689391]
ABSURDer phi_eff: 0.9984772770686343
current iteration:  2
WEER split: [0, 0, 0, 0, 1, 1]
WEER merge: [[], [], [0], [1], [], []]
Split indices:  [4, 5]
split sum:  2
merge sum:  1
Bin attrs post WEER:  <Bin at 0x141e18c80, label=None, count=6, weight=1>
New weights:
 [0.16666667 0.16666667 0.16666667 0.16666667 0.16666667 0.16666667]
Total = 6, splitting = 2, merging = 4
Iteration completed successfully
Iteration wallclock: 0:00:26.376331, cputime: 0:00:00


Tue Feb 25 16:20:07 2025
Iteration 3 (10 requested)
Beginning iteration 3
6 segments remain in iteration 3 (6 total)
1 of 1 (100.000000%) active bins are populated
per-bin minimum non-zero probability:       1
per-bin maximum probability:                1
per-bin probability dynamic range (kT):     0
per-segment minimum non-zero probability:   0.166667
per-segment maximum non-zero probability:   0.166667
per-segment probability dynamic range (kT): 0
norm = 1, error in norm = -1.11022e-16 (-0.5*epsilon)
Waiting for segments to complete...
WE weights: 
 [0.16666667 0.16666667 0.16666667 0.16666667 0.16666667 0.16666667] 
weights sum:  0.9999999999999999
curr pcoords:
 [1.5909102 2.201053  2.3935127 2.313222  2.1148133 2.1057475]
curr parent ids:
 [5 3 5 0 3 2]
curr parent wtg ids:
 [{5} {3} {5} {0, 1} {3} {2, 4}]
curr data len:  6

# INFO ON THE DATASET
# Number of methyls:  116
# Number of rates:    3
# Number of blocks:   6
# Overall chi square: 606.66
# THETA: 1000         
# Done! All minimizations terminated successfully
Skip save of results.pkl for temp testing
ABSURDer weights: 
 [0.16535915 0.16896731 0.16173722 0.1723482  0.16988119 0.16170693]
ABSURDer phi_eff: 0.9997043674863374
current iteration:  3
WEER split: [0, 0, 0, 1, 1, 0]
WEER merge: [[], [], [0], [], [], [1]]
Split indices:  [3, 4]
split sum:  2
merge sum:  1
Bin attrs post WEER:  <Bin at 0x16a0c8050, label=None, count=6, weight=1>
New weights:
 [0.33333333 0.08333333 0.08333333 0.33333333 0.08333333 0.08333333]
Total = 6, splitting = 2, merging = 4
Iteration completed successfully
Iteration wallclock: 0:00:26.646508, cputime: 0:00:00


Tue Feb 25 16:20:34 2025
Iteration 4 (10 requested)
Beginning iteration 4
6 segments remain in iteration 4 (6 total)
1 of 1 (100.000000%) active bins are populated
per-bin minimum non-zero probability:       1
per-bin maximum probability:                1
per-bin probability dynamic range (kT):     0
per-segment minimum non-zero probability:   0.0833333
per-segment maximum non-zero probability:   0.333333
per-segment probability dynamic range (kT): 1.38629
norm = 1, error in norm = 0 (0*epsilon)
Waiting for segments to complete...
WE weights: 
 [0.08333333 0.08333333 0.08333333 0.08333333 0.33333333 0.33333333] 
weights sum:  1.0
curr pcoords:
 [2.0815358 2.1806571 1.6953673 2.3002596 1.8959196 1.9807312]
curr parent ids:
 [3 5 3 5 0 1]
curr parent wtg ids:
 [{3} {5} {3} {5} {0, 2} {1, 4}]
curr data len:  6

# INFO ON THE DATASET
# Number of methyls:  116
# Number of rates:    3
# Number of blocks:   6
# Overall chi square: 607.00
# THETA: 1000         
# Done! All minimizations terminated successfully
Skip save of results.pkl for temp testing
ABSURDer weights: 
 [0.1839522  0.17299276 0.16362761 0.14416824 0.17233309 0.16292611]
ABSURDer phi_eff: 0.9972609846407311
current iteration:  4
WEER split: [1, 1, 0, 0, 0, 0]
WEER merge: [[], [], [4], [5], [], []]
Split indices:  [0, 1]
split sum:  2
merge sum:  2
Bin attrs post WEER:  <Bin at 0x141e1a5d0, label=None, count=6, weight=1>
New weights:
 [0.41666667 0.04166667 0.04166667 0.41666667 0.04166667 0.04166667]
Total = 6, splitting = 2, merging = 4
Iteration completed successfully
Iteration wallclock: 0:00:26.572756, cputime: 0:00:00


Tue Feb 25 16:21:00 2025
Iteration 5 (10 requested)
Beginning iteration 5
6 segments remain in iteration 5 (6 total)
1 of 1 (100.000000%) active bins are populated
per-bin minimum non-zero probability:       1
per-bin maximum probability:                1
per-bin probability dynamic range (kT):     0
per-segment minimum non-zero probability:   0.0416667
per-segment maximum non-zero probability:   0.416667
per-segment probability dynamic range (kT): 2.30259
norm = 1, error in norm = -1.11022e-16 (-0.5*epsilon)
Waiting for segments to complete...
WE weights: 
 [0.04166667 0.04166667 0.04166667 0.04166667 0.41666667 0.41666667] 
weights sum:  0.9999999999999999
curr pcoords:
 [1.5909102 2.645886  1.8296833 2.1188264 1.9514853 1.9630297]
curr parent ids:
 [4 4 2 2 0 3]
curr parent wtg ids:
 [{4} {4} {2} {2} {0, 1} {3, 5}]
curr data len:  6

# INFO ON THE DATASET
# Number of methyls:  116
# Number of rates:    3
# Number of blocks:   6
# Overall chi square: 588.90
# THETA: 1000         
# Done! All minimizations terminated successfully
Skip save of results.pkl for temp testing
ABSURDer weights: 
 [0.15957654 0.17940364 0.16255383 0.15481852 0.17330161 0.17034586]
ABSURDer phi_eff: 0.9987197622558088
current iteration:  5
WEER split: [0, 1, 0, 0, 1, 0]
WEER merge: [[2], [], [], [5], [], []]
Split indices:  [1, 4]
split sum:  2
merge sum:  2
Bin attrs post WEER:  <Bin at 0x141e1b5c0, label=None, count=6, weight=1>
New weights:
 [0.20833333 0.02083333 0.08333333 0.20833333 0.02083333 0.45833333]
Total = 6, splitting = 2, merging = 4
Iteration completed successfully
Iteration wallclock: 0:00:27.102855, cputime: 0:00:00


Tue Feb 25 16:21:27 2025
Iteration 6 (10 requested)
Beginning iteration 6
6 segments remain in iteration 6 (6 total)
1 of 1 (100.000000%) active bins are populated
per-bin minimum non-zero probability:       1
per-bin maximum probability:                1
per-bin probability dynamic range (kT):     0
per-segment minimum non-zero probability:   0.0208333
per-segment maximum non-zero probability:   0.458333
per-segment probability dynamic range (kT): 3.09104
norm = 1, error in norm = 0 (0*epsilon)
Waiting for segments to complete...
WE weights: 
 [0.02083333 0.02083333 0.08333333 0.20833333 0.20833333 0.45833333] 
weights sum:  1.0
curr pcoords:
 [1.8163829 1.920597  2.2937312 1.9954851 1.8551781 1.709005 ]
curr parent ids:
 [1 1 5 3 3 0]
curr parent wtg ids:
 [{1} {1} {2, 5} {3} {3} {0, 4}]
curr data len:  6

# INFO ON THE DATASET
# Number of methyls:  116
# Number of rates:    3
# Number of blocks:   6
# Overall chi square: 599.14
# THETA: 1000         
# Done! All minimizations terminated successfully
Skip save of results.pkl for temp testing
ABSURDer weights: 
 [0.1533919  0.16863252 0.16917466 0.1796598  0.16266421 0.16647691]
ABSURDer phi_eff: 0.9988846665286316
current iteration:  6
WEER split: [0, 0, 1, 1, 0, 0]
WEER merge: [[4], [], [], [], [], [1]]
Split indices:  [2, 3]
split sum:  2
merge sum:  2
Bin attrs post WEER:  <Bin at 0x141e1be30, label=None, count=6, weight=1>
New weights:
 [0.04166667 0.47916667 0.04166667 0.22916667 0.10416667 0.10416667]
Total = 6, splitting = 2, merging = 4
Iteration completed successfully
Iteration wallclock: 0:00:27.204274, cputime: 0:00:00


Tue Feb 25 16:21:55 2025
Iteration 7 (10 requested)
Beginning iteration 7
6 segments remain in iteration 7 (6 total)
1 of 1 (100.000000%) active bins are populated
per-bin minimum non-zero probability:       1
per-bin maximum probability:                1
per-bin probability dynamic range (kT):     0
per-segment minimum non-zero probability:   0.0416667
per-segment maximum non-zero probability:   0.479167
per-segment probability dynamic range (kT): 2.44235
norm = 1, error in norm = -2.22045e-16 (-1*epsilon)
Waiting for segments to complete...
WE weights: 
 [0.04166667 0.04166667 0.10416667 0.10416667 0.22916667 0.47916667] 
weights sum:  0.9999999999999999
curr pcoords:
 [1.9402169 2.2444363 1.9530864 2.0030947 2.0439808 2.067627 ]
curr parent ids:
 [2 2 0 0 3 5]
curr parent wtg ids:
 [{2} {2} {0} {0} {3, 4} {1, 5}]
curr data len:  6

# INFO ON THE DATASET
# Number of methyls:  116
# Number of rates:    3
# Number of blocks:   6
# Overall chi square: 578.03
# THETA: 1000         
# Done! All minimizations terminated successfully
Skip save of results.pkl for temp testing
ABSURDer weights: 
 [0.1598241  0.15845423 0.15970238 0.16225956 0.19423793 0.16552179]
ABSURDer phi_eff: 0.9972809941216131
current iteration:  7
WEER split: [0, 0, 0, 0, 1, 1]
WEER merge: [[], [3], [0], [], [], []]
Split indices:  [4, 5]
split sum:  2
merge sum:  1
Bin attrs post WEER:  <Bin at 0x141eec500, label=None, count=6, weight=1>
New weights:
 [0.11458333 0.11458333 0.14583333 0.23958333 0.23958333 0.14583333]
Total = 6, splitting = 2, merging = 4
Iteration completed successfully
Iteration wallclock: 0:00:26.987752, cputime: 0:00:00


Tue Feb 25 16:22:22 2025
Iteration 8 (10 requested)
Beginning iteration 8
6 segments remain in iteration 8 (6 total)
1 of 1 (100.000000%) active bins are populated
per-bin minimum non-zero probability:       1
per-bin maximum probability:                1
per-bin probability dynamic range (kT):     0
per-segment minimum non-zero probability:   0.114583
per-segment maximum non-zero probability:   0.239583
per-segment probability dynamic range (kT): 0.737599
norm = 1, error in norm = -2.22045e-16 (-1*epsilon)
Waiting for segments to complete...
WE weights: 
 [0.11458333 0.11458333 0.14583333 0.14583333 0.23958333 0.23958333] 
weights sum:  0.9999999999999998
curr pcoords:
 [1.6147337 2.7266161 1.9064316 2.127684  1.8829337 2.0351965]
curr parent ids:
 [3 3 5 4 1 1]
curr parent wtg ids:
 [{3} {3} {0, 5} {2, 4} {1} {1}]
curr data len:  6

# INFO ON THE DATASET
# Number of methyls:  116
# Number of rates:    3
# Number of blocks:   6
# Overall chi square: 580.22
# THETA: 1000         
# Done! All minimizations terminated successfully
Skip save of results.pkl for temp testing
ABSURDer weights: 
 [0.17284459 0.1530371  0.16375644 0.1766509  0.17673077 0.1569802 ]
ABSURDer phi_eff: 0.998411177755915
current iteration:  8
WEER split: [0, 0, 0, 1, 1, 0]
WEER merge: [[], [5], [0], [], [], []]
Split indices:  [3, 4]
split sum:  2
merge sum:  1
Bin attrs post WEER:  <Bin at 0x141e1be30, label=None, count=6, weight=1>
New weights:
 [0.35416667 0.07291667 0.07291667 0.11979167 0.11979167 0.26041667]
Total = 6, splitting = 2, merging = 4
Iteration completed successfully
Iteration wallclock: 0:00:27.142429, cputime: 0:00:00


Tue Feb 25 16:22:49 2025
Iteration 9 (10 requested)
Beginning iteration 9
6 segments remain in iteration 9 (6 total)
1 of 1 (100.000000%) active bins are populated
per-bin minimum non-zero probability:       1
per-bin maximum probability:                1
per-bin probability dynamic range (kT):     0
per-segment minimum non-zero probability:   0.0729167
per-segment maximum non-zero probability:   0.354167
per-segment probability dynamic range (kT): 1.58045
norm = 1, error in norm = -2.22045e-16 (-1*epsilon)
Waiting for segments to complete...
WE weights: 
 [0.07291667 0.07291667 0.11979167 0.11979167 0.26041667 0.35416667] 
weights sum:  0.9999999999999999
curr pcoords:
 [1.791979  2.3505437 2.2140934 2.0345488 1.9345795 2.2329433]
curr parent ids:
 [5 5 3 3 2 4]
curr parent wtg ids:
 [{5} {5} {3} {3} {1, 2} {0, 4}]
curr data len:  6

# INFO ON THE DATASET
# Number of methyls:  116
# Number of rates:    3
# Number of blocks:   6
# Overall chi square: 593.96
# THETA: 1000         
# Done! All minimizations terminated successfully
Skip save of results.pkl for temp testing
ABSURDer weights: 
 [0.15218539 0.16322308 0.18524676 0.17171346 0.16403356 0.16359775]
ABSURDer phi_eff: 0.9981934562380917
current iteration:  9
WEER split: [0, 0, 1, 1, 0, 0]
WEER merge: [[4], [5], [], [], [], []]
Split indices:  [2, 3]
split sum:  2
merge sum:  2
Bin attrs post WEER:  <Bin at 0x141e194f0, label=None, count=6, weight=1>
New weights:
 [0.42708333 0.05989583 0.33333333 0.05989583 0.05989583 0.05989583]
Total = 6, splitting = 2, merging = 4
Iteration completed successfully
Iteration wallclock: 0:00:26.828122, cputime: 0:00:00


Tue Feb 25 16:23:16 2025
Iteration 10 (10 requested)
Beginning iteration 10
6 segments remain in iteration 10 (6 total)
1 of 1 (100.000000%) active bins are populated
per-bin minimum non-zero probability:       1
per-bin maximum probability:                1
per-bin probability dynamic range (kT):     0
per-segment minimum non-zero probability:   0.0598958
per-segment maximum non-zero probability:   0.427083
per-segment probability dynamic range (kT): 1.96437
norm = 1, error in norm = -1.11022e-16 (-0.5*epsilon)
Waiting for segments to complete...
WE weights: 
 [0.05989583 0.05989583 0.05989583 0.05989583 0.33333333 0.42708333] 
weights sum:  0.9999999999999998
curr pcoords:
 [2.1263294 1.9610829 2.1304553 2.2075725 1.8746071 2.153377 ]
curr parent ids:
 [3 3 4 4 5 0]
curr parent wtg ids:
 [{3} {3} {4} {4} {2, 5} {0, 1}]
curr data len:  6

# INFO ON THE DATASET
# Number of methyls:  116
# Number of rates:    3
# Number of blocks:   6
# Overall chi square: 583.75
# THETA: 1000         
# Done! All minimizations terminated successfully
Skip save of results.pkl for temp testing
ABSURDer weights: 
 [0.17812358 0.16050621 0.15504945 0.15061519 0.17918094 0.17652463]
ABSURDer phi_eff: 0.9975445786530035
current iteration:  10
WEER split: [1, 0, 0, 0, 1, 0]
WEER merge: [[], [], [1], [5], [], []]
Split indices:  [0, 4]
split sum:  2
merge sum:  2
Bin attrs post WEER:  <Bin at 0x141e18e60, label=None, count=6, weight=1>
New weights:
 [0.11979167 0.48697917 0.16666667 0.02994792 0.02994792 0.16666667]
Total = 6, splitting = 2, merging = 4
Iteration completed successfully
Iteration wallclock: 0:00:26.841300, cputime: 0:00:00


Tue Feb 25 16:23:42 2025
WEST run complete.
