Updating system with the options from the configuration file
Maximum wallclock time: 1:00:00

Wed Dec 20 16:57:29 2023
Iteration 31 (35 requested)
0 segments remain in iteration 31 (50 total)
1 of 1 (100.000000%) active bins are populated
per-bin minimum non-zero probability:       1
per-bin maximum probability:                1
per-bin probability dynamic range (kT):     0
per-segment minimum non-zero probability:   0.02
per-segment maximum non-zero probability:   0.02
per-segment probability dynamic range (kT): 0
norm = 1, error in norm = 0 (0*epsilon)
Waiting for segments to complete...
segments:  <Segment(0x7f9398d48820) n_iter=32 seg_id=None weight=0.02 parent_id=20 wtg_parent_ids=(20,) pcoord[0]=array([5.386324], dtype=float32) pcoord[-1]=array([0.], dtype=float32)>
weights:  [0.02 0.02 0.02 0.02 0.02 0.02 0.02 0.02 0.02 0.02 0.02 0.02 0.02 0.02
 0.02 0.02 0.02 0.02 0.02 0.02 0.02 0.02 0.02 0.02 0.02 0.02 0.02 0.02
 0.02 0.02 0.02 0.02 0.02 0.02 0.02 0.02 0.02 0.02 0.02 0.02 0.02 0.02
 0.02 0.02 0.02 0.02 0.02 0.02 0.02 0.02]
OPT SEG WEIGHTS UNSORTED:  [0.02 0.02 0.02 0.02 0.02 0.02 0.02 0.02 0.02 0.02 0.02 0.02 0.02 0.02
 0.02 0.02 0.02 0.02 0.02 0.02 0.02 0.02 0.02 0.02 0.02 0.02 0.02 0.02
 0.02 0.02 0.02 0.02 0.02 0.02 0.02 0.02 0.02 0.02 0.02 0.02 0.02 0.02
 0.02 0.02 0.02 0.02 0.02 0.02 0.02 0.02]
OPT SEG WEIGHTS SORTED:  [0.02, 0.02, 0.02, 0.02, 0.02, 0.02, 0.02, 0.02, 0.02, 0.02, 0.02, 0.02, 0.02, 0.02, 0.02, 0.02, 0.02, 0.02, 0.02, 0.02, 0.02, 0.02, 0.02, 0.02, 0.02, 0.02, 0.02, 0.02, 0.02, 0.02, 0.02, 0.02, 0.02, 0.02, 0.02, 0.02, 0.02, 0.02, 0.02, 0.02, 0.02, 0.02, 0.02, 0.02, 0.02, 0.02, 0.02, 0.02, 0.02, 0.02]
Iteration completed successfully
Iteration wallclock: 0:00:00.727607, cputime: 0:00:00


Wed Dec 20 16:57:29 2023
Iteration 32 (35 requested)
Beginning iteration 32
50 segments remain in iteration 32 (50 total)
1 of 1 (100.000000%) active bins are populated
per-bin minimum non-zero probability:       1
per-bin maximum probability:                1
per-bin probability dynamic range (kT):     0
per-segment minimum non-zero probability:   0.02
per-segment maximum non-zero probability:   0.02
per-segment probability dynamic range (kT): 0
norm = 1, error in norm = 0 (0*epsilon)
Waiting for segments to complete...
segments:  <Segment(0x7f93885e1820) n_iter=33 seg_id=None weight=0.02 parent_id=4 wtg_parent_ids=(4,) pcoord[0]=array([9.684847], dtype=float32) pcoord[-1]=array([0.], dtype=float32)>
weights:  [0.02 0.02 0.02 0.02 0.02 0.02 0.02 0.02 0.02 0.02 0.02 0.02 0.02 0.02
 0.02 0.02 0.02 0.02 0.02 0.02 0.02 0.02 0.02 0.02 0.02 0.02 0.02 0.02
 0.02 0.02 0.02 0.02 0.02 0.02 0.02 0.02 0.02 0.02 0.02 0.02 0.02 0.02
 0.02 0.02 0.02 0.02 0.02 0.02 0.02 0.02]
Initial KL div:  0.3060427658241039
     fun: 0.02386420778498213
     jac: array([-0.1126057 , -0.00329988,  0.01115623,  0.0114247 , -0.01257149,
        0.01029715, -0.00894157,  0.00425957,  0.02046319, -0.0029813 ,
        0.01320714,  0.09208505,  0.03969824,  0.040671  , -0.00880783,
        0.01574334,  0.01917816,  0.00234414, -0.00707679,  0.00159291,
        0.00589442, -0.00398053,  0.0122225 ,  0.01497987,  0.00335615,
        0.0311273 , -0.01182058,  0.01172095,  0.00592165,  0.01094458,
        0.02564183,  0.08546203,  0.0159897 ,  0.02064016, -0.20611156,
        0.003548  ,  0.00281273,  0.04066181, -0.45753922,  0.01679685,
        0.05721508,  0.01644041,  0.01221481, -0.00250792,  0.00576575,
       -0.2282038 ,  0.00174899,  0.00567144, -0.01047537,  0.00360306])
 message: 'Iteration limit reached'
    nfev: 1571
     nit: 30
    njev: 30
  status: 9
 success: False
       x: array([9.44740777e-03, 5.31256900e-03, 3.14237916e-04, 2.99616265e-03,
       2.62856557e-01, 6.07837120e-03, 1.23634830e-02, 4.27358054e-04,
       3.64397330e-04, 1.28046383e-02, 5.99095243e-04, 2.37721126e-02,
       3.06225761e-04, 3.06225761e-04, 2.14527733e-03, 1.46303539e-03,
       3.06225761e-04, 4.64506820e-01, 7.15541570e-03, 1.79935098e-03,
       1.03060713e-02, 8.28354637e-03, 3.06225761e-04, 3.06225761e-04,
       8.37615851e-03, 3.94888797e-04, 4.26729768e-03, 3.37439503e-03,
       8.96112131e-04, 6.86455719e-03, 3.89020053e-03, 4.76176691e-02,
       8.16818293e-03, 8.93851792e-03, 3.06225761e-04, 4.72444008e-04,
       2.47765924e-03, 1.38801891e-02, 3.32791506e-03, 2.12896525e-03,
       3.06225761e-04, 1.19184192e-02, 4.85147749e-04, 4.65137815e-04,
       3.97334485e-03, 1.20125014e-02, 7.08204951e-03, 3.27741952e-04,
       4.54019757e-03, 8.98081960e-03])
OPT SEG WEIGHTS UNSORTED:  [9.44740777e-03 5.31256900e-03 3.14237916e-04 2.99616265e-03
 2.62856557e-01 6.07837120e-03 1.23634830e-02 4.27358054e-04
 3.64397330e-04 1.28046383e-02 5.99095243e-04 2.37721126e-02
 3.06225761e-04 3.06225761e-04 2.14527733e-03 1.46303539e-03
 3.06225761e-04 4.64506820e-01 7.15541570e-03 1.79935098e-03
 1.03060713e-02 8.28354637e-03 3.06225761e-04 3.06225761e-04
 8.37615851e-03 3.94888797e-04 4.26729768e-03 3.37439503e-03
 8.96112131e-04 6.86455719e-03 3.89020053e-03 4.76176691e-02
 8.16818293e-03 8.93851792e-03 3.06225761e-04 4.72444008e-04
 2.47765924e-03 1.38801891e-02 3.32791506e-03 2.12896525e-03
 3.06225761e-04 1.19184192e-02 4.85147749e-04 4.65137815e-04
 3.97334485e-03 1.20125014e-02 7.08204951e-03 3.27741952e-04
 4.54019757e-03 8.98081960e-03]
OPT SEG WEIGHTS SORTED:  [0.0003062257609608512, 0.0003062257609608547, 0.0003062257609608558, 0.00030622576096088353, 0.00030622576096089133, 0.0003062257609609188, 0.00030622576096092386, 0.00031423791589975966, 0.0003277419515576317, 0.0003643973296432059, 0.00039488879683134, 0.00042735805394404554, 0.0004651378147967559, 0.000472444007762788, 0.00048514774884040923, 0.0005990952431338442, 0.0008961121310332162, 0.0014630353898321784, 0.0017993509801197492, 0.0021289652510052557, 0.002145277331469228, 0.002477659236538426, 0.0029961626522608618, 0.0033279150554181717, 0.003374395033016177, 0.003890200527497694, 0.003973344851238512, 0.0042672976754326054, 0.004540197566191206, 0.005312569002684972, 0.006078371196875504, 0.00686455719113011, 0.007082049506977715, 0.007155415696218896, 0.008168182926376758, 0.008283546371274821, 0.008376158514449342, 0.008938517919866645, 0.008980819604295285, 0.009447407766459371, 0.010306071270186413, 0.011918419193640156, 0.012012501420617336, 0.012363483040271591, 0.012804638318106276, 0.013880189085758903, 0.023772112552995692, 0.04761766914983985, 0.2628565571881332, 0.4645068202136538]
Iteration completed successfully
Iteration wallclock: 0:00:02.973429, cputime: 0:00:00


Wed Dec 20 16:57:32 2023
Iteration 33 (35 requested)
Beginning iteration 33
50 segments remain in iteration 33 (50 total)
1 of 1 (100.000000%) active bins are populated
per-bin minimum non-zero probability:       1
per-bin maximum probability:                1
per-bin probability dynamic range (kT):     0
per-segment minimum non-zero probability:   0.000306226
per-segment maximum non-zero probability:   0.464507
per-segment probability dynamic range (kT): 7.32441
norm = 1, error in norm = 1.77636e-15 (8*epsilon)
Waiting for segments to complete...
segments:  <Segment(0x7f9398d481f0) n_iter=34 seg_id=None weight=0.0003062257609608512 parent_id=34 wtg_parent_ids=(34,) pcoord[0]=array([6.259906], dtype=float32) pcoord[-1]=array([0.], dtype=float32)>
weights:  [3.06225761e-04 3.06225761e-04 3.06225761e-04 3.06225761e-04
 3.06225761e-04 3.06225761e-04 3.06225761e-04 3.14237916e-04
 3.27741952e-04 3.64397330e-04 3.94888797e-04 4.27358054e-04
 4.65137815e-04 4.72444008e-04 4.85147749e-04 5.99095243e-04
 8.96112131e-04 1.46303539e-03 1.79935098e-03 2.12896525e-03
 2.14527733e-03 2.47765924e-03 2.99616265e-03 3.32791506e-03
 3.37439503e-03 3.89020053e-03 3.97334485e-03 4.26729768e-03
 4.54019757e-03 5.31256900e-03 6.07837120e-03 6.86455719e-03
 7.08204951e-03 7.15541570e-03 8.16818293e-03 8.28354637e-03
 8.37615851e-03 8.93851792e-03 8.98081960e-03 9.44740777e-03
 1.03060713e-02 1.19184192e-02 1.20125014e-02 1.23634830e-02
 1.28046383e-02 1.38801891e-02 2.37721126e-02 4.76176691e-02
 2.62856557e-01 4.64506820e-01]
OPT SEG WEIGHTS UNSORTED:  [3.06225761e-04 3.06225761e-04 3.06225761e-04 3.06225761e-04
 3.06225761e-04 3.06225761e-04 3.06225761e-04 3.14237916e-04
 3.27741952e-04 3.64397330e-04 3.94888797e-04 4.27358054e-04
 4.65137815e-04 4.72444008e-04 4.85147749e-04 5.99095243e-04
 8.96112131e-04 1.46303539e-03 1.79935098e-03 2.12896525e-03
 2.14527733e-03 2.47765924e-03 2.99616265e-03 3.32791506e-03
 3.37439503e-03 3.89020053e-03 3.97334485e-03 4.26729768e-03
 4.54019757e-03 5.31256900e-03 6.07837120e-03 6.86455719e-03
 7.08204951e-03 7.15541570e-03 8.16818293e-03 8.28354637e-03
 8.37615851e-03 8.93851792e-03 8.98081960e-03 9.44740777e-03
 1.03060713e-02 1.19184192e-02 1.20125014e-02 1.23634830e-02
 1.28046383e-02 1.38801891e-02 2.37721126e-02 4.76176691e-02
 2.62856557e-01 4.64506820e-01]
OPT SEG WEIGHTS SORTED:  [0.0003062257609608512, 0.0003062257609608547, 0.0003062257609608558, 0.00030622576096088353, 0.00030622576096089133, 0.0003062257609609188, 0.00030622576096092386, 0.00031423791589975966, 0.0003277419515576317, 0.0003643973296432059, 0.00039488879683134, 0.00042735805394404554, 0.0004651378147967559, 0.000472444007762788, 0.00048514774884040923, 0.0005990952431338442, 0.0008961121310332162, 0.0014630353898321784, 0.0017993509801197492, 0.0021289652510052557, 0.002145277331469228, 0.002477659236538426, 0.0029961626522608618, 0.0033279150554181717, 0.003374395033016177, 0.003890200527497694, 0.003973344851238512, 0.0042672976754326054, 0.004540197566191206, 0.005312569002684972, 0.006078371196875504, 0.00686455719113011, 0.007082049506977715, 0.007155415696218896, 0.008168182926376758, 0.008283546371274821, 0.008376158514449342, 0.008938517919866645, 0.008980819604295285, 0.009447407766459371, 0.010306071270186413, 0.011918419193640156, 0.012012501420617336, 0.012363483040271591, 0.012804638318106276, 0.013880189085758903, 0.023772112552995692, 0.04761766914983985, 0.2628565571881332, 0.4645068202136538]
Iteration completed successfully
Iteration wallclock: 0:00:00.163925, cputime: 0:00:00


Wed Dec 20 16:57:32 2023
Iteration 34 (35 requested)
Beginning iteration 34
50 segments remain in iteration 34 (50 total)
1 of 1 (100.000000%) active bins are populated
per-bin minimum non-zero probability:       1
per-bin maximum probability:                1
per-bin probability dynamic range (kT):     0
per-segment minimum non-zero probability:   0.000306226
per-segment maximum non-zero probability:   0.464507
per-segment probability dynamic range (kT): 7.32441
norm = 1, error in norm = 1.77636e-15 (8*epsilon)
Waiting for segments to complete...
segments:  <Segment(0x7f93885e1e50) n_iter=35 seg_id=None weight=0.0003062257609608512 parent_id=13 wtg_parent_ids=(13,) pcoord[0]=array([6.373829], dtype=float32) pcoord[-1]=array([0.], dtype=float32)>
weights:  [3.06225761e-04 3.06225761e-04 3.06225761e-04 3.06225761e-04
 3.06225761e-04 3.06225761e-04 3.06225761e-04 3.14237916e-04
 3.27741952e-04 3.64397330e-04 3.94888797e-04 4.27358054e-04
 4.65137815e-04 4.72444008e-04 4.85147749e-04 5.99095243e-04
 8.96112131e-04 1.46303539e-03 1.79935098e-03 2.12896525e-03
 2.14527733e-03 2.47765924e-03 2.99616265e-03 3.32791506e-03
 3.37439503e-03 3.89020053e-03 3.97334485e-03 4.26729768e-03
 4.54019757e-03 5.31256900e-03 6.07837120e-03 6.86455719e-03
 7.08204951e-03 7.15541570e-03 8.16818293e-03 8.28354637e-03
 8.37615851e-03 8.93851792e-03 8.98081960e-03 9.44740777e-03
 1.03060713e-02 1.19184192e-02 1.20125014e-02 1.23634830e-02
 1.28046383e-02 1.38801891e-02 2.37721126e-02 4.76176691e-02
 2.62856557e-01 4.64506820e-01]
OPT SEG WEIGHTS UNSORTED:  [3.06225761e-04 3.06225761e-04 3.06225761e-04 3.06225761e-04
 3.06225761e-04 3.06225761e-04 3.06225761e-04 3.14237916e-04
 3.27741952e-04 3.64397330e-04 3.94888797e-04 4.27358054e-04
 4.65137815e-04 4.72444008e-04 4.85147749e-04 5.99095243e-04
 8.96112131e-04 1.46303539e-03 1.79935098e-03 2.12896525e-03
 2.14527733e-03 2.47765924e-03 2.99616265e-03 3.32791506e-03
 3.37439503e-03 3.89020053e-03 3.97334485e-03 4.26729768e-03
 4.54019757e-03 5.31256900e-03 6.07837120e-03 6.86455719e-03
 7.08204951e-03 7.15541570e-03 8.16818293e-03 8.28354637e-03
 8.37615851e-03 8.93851792e-03 8.98081960e-03 9.44740777e-03
 1.03060713e-02 1.19184192e-02 1.20125014e-02 1.23634830e-02
 1.28046383e-02 1.38801891e-02 2.37721126e-02 4.76176691e-02
 2.62856557e-01 4.64506820e-01]
OPT SEG WEIGHTS SORTED:  [0.0003062257609608512, 0.0003062257609608547, 0.0003062257609608558, 0.00030622576096088353, 0.00030622576096089133, 0.0003062257609609188, 0.00030622576096092386, 0.00031423791589975966, 0.0003277419515576317, 0.0003643973296432059, 0.00039488879683134, 0.00042735805394404554, 0.0004651378147967559, 0.000472444007762788, 0.00048514774884040923, 0.0005990952431338442, 0.0008961121310332162, 0.0014630353898321784, 0.0017993509801197492, 0.0021289652510052557, 0.002145277331469228, 0.002477659236538426, 0.0029961626522608618, 0.0033279150554181717, 0.003374395033016177, 0.003890200527497694, 0.003973344851238512, 0.0042672976754326054, 0.004540197566191206, 0.005312569002684972, 0.006078371196875504, 0.00686455719113011, 0.007082049506977715, 0.007155415696218896, 0.008168182926376758, 0.008283546371274821, 0.008376158514449342, 0.008938517919866645, 0.008980819604295285, 0.009447407766459371, 0.010306071270186413, 0.011918419193640156, 0.012012501420617336, 0.012363483040271591, 0.012804638318106276, 0.013880189085758903, 0.023772112552995692, 0.04761766914983985, 0.2628565571881332, 0.4645068202136538]
Iteration completed successfully
Iteration wallclock: 0:00:00.163390, cputime: 0:00:00


Wed Dec 20 16:57:32 2023
Iteration 35 (35 requested)
Beginning iteration 35
50 segments remain in iteration 35 (50 total)
1 of 1 (100.000000%) active bins are populated
per-bin minimum non-zero probability:       1
per-bin maximum probability:                1
per-bin probability dynamic range (kT):     0
per-segment minimum non-zero probability:   0.000306226
per-segment maximum non-zero probability:   0.464507
per-segment probability dynamic range (kT): 7.32441
norm = 1, error in norm = 1.9984e-15 (9*epsilon)
Waiting for segments to complete...
segments:  <Segment(0x7f9398d48610) n_iter=36 seg_id=None weight=0.0003062257609608512 parent_id=36 wtg_parent_ids=(36,) pcoord[0]=array([6.20795], dtype=float32) pcoord[-1]=array([0.], dtype=float32)>
weights:  [3.06225761e-04 3.06225761e-04 3.06225761e-04 3.06225761e-04
 3.06225761e-04 3.06225761e-04 3.06225761e-04 3.14237916e-04
 3.27741952e-04 3.64397330e-04 3.94888797e-04 4.27358054e-04
 4.65137815e-04 4.72444008e-04 4.85147749e-04 5.99095243e-04
 8.96112131e-04 1.46303539e-03 1.79935098e-03 2.12896525e-03
 2.14527733e-03 2.47765924e-03 2.99616265e-03 3.32791506e-03
 3.37439503e-03 3.89020053e-03 3.97334485e-03 4.26729768e-03
 4.54019757e-03 5.31256900e-03 6.07837120e-03 6.86455719e-03
 7.08204951e-03 7.15541570e-03 8.16818293e-03 8.28354637e-03
 8.37615851e-03 8.93851792e-03 8.98081960e-03 9.44740777e-03
 1.03060713e-02 1.19184192e-02 1.20125014e-02 1.23634830e-02
 1.28046383e-02 1.38801891e-02 2.37721126e-02 4.76176691e-02
 2.62856557e-01 4.64506820e-01]
OPT SEG WEIGHTS UNSORTED:  [3.06225761e-04 3.06225761e-04 3.06225761e-04 3.06225761e-04
 3.06225761e-04 3.06225761e-04 3.06225761e-04 3.14237916e-04
 3.27741952e-04 3.64397330e-04 3.94888797e-04 4.27358054e-04
 4.65137815e-04 4.72444008e-04 4.85147749e-04 5.99095243e-04
 8.96112131e-04 1.46303539e-03 1.79935098e-03 2.12896525e-03
 2.14527733e-03 2.47765924e-03 2.99616265e-03 3.32791506e-03
 3.37439503e-03 3.89020053e-03 3.97334485e-03 4.26729768e-03
 4.54019757e-03 5.31256900e-03 6.07837120e-03 6.86455719e-03
 7.08204951e-03 7.15541570e-03 8.16818293e-03 8.28354637e-03
 8.37615851e-03 8.93851792e-03 8.98081960e-03 9.44740777e-03
 1.03060713e-02 1.19184192e-02 1.20125014e-02 1.23634830e-02
 1.28046383e-02 1.38801891e-02 2.37721126e-02 4.76176691e-02
 2.62856557e-01 4.64506820e-01]
OPT SEG WEIGHTS SORTED:  [0.0003062257609608512, 0.0003062257609608547, 0.0003062257609608558, 0.00030622576096088353, 0.00030622576096089133, 0.0003062257609609188, 0.00030622576096092386, 0.00031423791589975966, 0.0003277419515576317, 0.0003643973296432059, 0.00039488879683134, 0.00042735805394404554, 0.0004651378147967559, 0.000472444007762788, 0.00048514774884040923, 0.0005990952431338442, 0.0008961121310332162, 0.0014630353898321784, 0.0017993509801197492, 0.0021289652510052557, 0.002145277331469228, 0.002477659236538426, 0.0029961626522608618, 0.0033279150554181717, 0.003374395033016177, 0.003890200527497694, 0.003973344851238512, 0.0042672976754326054, 0.004540197566191206, 0.005312569002684972, 0.006078371196875504, 0.00686455719113011, 0.007082049506977715, 0.007155415696218896, 0.008168182926376758, 0.008283546371274821, 0.008376158514449342, 0.008938517919866645, 0.008980819604295285, 0.009447407766459371, 0.010306071270186413, 0.011918419193640156, 0.012012501420617336, 0.012363483040271591, 0.012804638318106276, 0.013880189085758903, 0.023772112552995692, 0.04761766914983985, 0.2628565571881332, 0.4645068202136538]
Iteration completed successfully
Iteration wallclock: 0:00:00.162608, cputime: 0:00:00


Wed Dec 20 16:57:32 2023
WEST run complete.
