Updating system with the options from the configuration file
SynD propagator inferring 10001 steps per iteration from west.system.system_options.pcoord_len
Maximum wallclock time: 1 day, 0:00:00

Mon Feb 24 17:18:18 2025
Iteration 1 (10 requested)
Beginning iteration 1
6 segments remain in iteration 1 (6 total)
1 of 1 (100.000000%) active bins are populated
per-bin minimum non-zero probability:       1
per-bin maximum probability:                1
per-bin probability dynamic range (kT):     0
per-segment minimum non-zero probability:   0.166667
per-segment maximum non-zero probability:   0.166667
per-segment probability dynamic range (kT): 0
norm = 1, error in norm = -1.11022e-16 (-0.5*epsilon)
Waiting for segments to complete...
WE weights: 
 [0.16666667 0.16666667 0.16666667 0.16666667 0.16666667 0.16666667] 
weights sum:  0.9999999999999999
curr pcoords:
 [1.6607203 1.981059  1.7353461 1.5707915 1.9637268 1.6877786]
curr parent ids:
 [-5 -1 -6 -3 -4 -2]
curr data len:  6

# INFO ON THE DATASET
# Number of methyls:  116
# Number of rates:    3
# Number of blocks:   6
# Overall chi square: 586.62
# THETA: 100         
# Done! All minimizations terminated successfully
Skip save of results.pkl for temp testing
ABSURDer weights: 
 [0.05238943 0.19092389 0.1881424  0.27609345 0.09079868 0.20165215]
ABSURDer phi_eff: 0.8951621186478999
current iteration:  1
WEER split: [0, 0, 0, 1, 0, 1]
WEER merge: [[2], [], [], [], [1], []]
Split indices:  [3, 5]
split sum:  2
merge sum:  2
Bin attrs post WEER:  <Bin at 0x1391159a0, label=None, count=6, weight=1>
New weights:
 [0.08333333 0.33333333 0.08333333 0.08333333 0.33333333 0.08333333]
Total = 6, splitting = 2, merging = 4
Iteration completed successfully
Iteration wallclock: 0:00:25.520053, cputime: 0:00:00


Mon Feb 24 17:18:44 2025
Iteration 2 (10 requested)
Beginning iteration 2
6 segments remain in iteration 2 (6 total)
1 of 1 (100.000000%) active bins are populated
per-bin minimum non-zero probability:       1
per-bin maximum probability:                1
per-bin probability dynamic range (kT):     0
per-segment minimum non-zero probability:   0.0833333
per-segment maximum non-zero probability:   0.333333
per-segment probability dynamic range (kT): 1.38629
norm = 1, error in norm = -1.11022e-16 (-0.5*epsilon)
Waiting for segments to complete...
WE weights: 
 [0.08333333 0.08333333 0.08333333 0.08333333 0.33333333 0.33333333] 
weights sum:  1.0
curr pcoords:
 [2.3979218 2.1810179 2.0030947 2.2629316 2.1085718 1.726145 ]
curr parent ids:
 [5 2 2 5 3 4]
curr data len:  6

# INFO ON THE DATASET
# Number of methyls:  116
# Number of rates:    3
# Number of blocks:   6
# Overall chi square: 603.18
# THETA: 100         
# Done! All minimizations terminated successfully
Skip save of results.pkl for temp testing
ABSURDer weights: 
 [0.24374184 0.19165157 0.12791996 0.20703631 0.11863731 0.11101301]
ABSURDer phi_eff: 0.9559575373053348
current iteration:  2
WEER split: [1, 0, 0, 1, 0, 0]
WEER merge: [[], [], [], [], [1], [2]]
Split indices:  [0, 3]
split sum:  2
merge sum:  2
Bin attrs post WEER:  <Bin at 0x139114b90, label=None, count=6, weight=1>
New weights:
 [0.04166667 0.04166667 0.41666667 0.04166667 0.04166667 0.41666667]
Total = 6, splitting = 2, merging = 4
Iteration completed successfully
Iteration wallclock: 0:00:26.409043, cputime: 0:00:00


Mon Feb 24 17:19:10 2025
Iteration 3 (10 requested)
Beginning iteration 3
6 segments remain in iteration 3 (6 total)
1 of 1 (100.000000%) active bins are populated
per-bin minimum non-zero probability:       1
per-bin maximum probability:                1
per-bin probability dynamic range (kT):     0
per-segment minimum non-zero probability:   0.0416667
per-segment maximum non-zero probability:   0.416667
per-segment probability dynamic range (kT): 2.30259
norm = 1, error in norm = -1.11022e-16 (-0.5*epsilon)
Waiting for segments to complete...
WE weights: 
 [0.04166667 0.04166667 0.04166667 0.04166667 0.41666667 0.41666667] 
weights sum:  0.9999999999999999
curr pcoords:
 [1.9252601 1.7402997 2.1005716 1.9971538 2.091974  1.869741 ]
curr parent ids:
 [2 2 3 3 0 4]
curr data len:  6

# INFO ON THE DATASET
# Number of methyls:  116
# Number of rates:    3
# Number of blocks:   6
# Overall chi square: 592.49
# THETA: 100         
# Done! All minimizations terminated successfully
Skip save of results.pkl for temp testing
ABSURDer weights: 
 [0.12842703 0.09419078 0.1466848  0.2342921  0.1608093  0.23559599]
ABSURDer phi_eff: 0.951583752191406
current iteration:  3
WEER split: [0, 0, 0, 1, 0, 1]
WEER merge: [[], [0], [4], [], [], []]
Split indices:  [3, 5]
split sum:  2
merge sum:  1
Bin attrs post WEER:  <Bin at 0x13d078050, label=None, count=6, weight=1>
New weights:
 [0.02083333 0.08333333 0.20833333 0.02083333 0.45833333 0.20833333]
Total = 6, splitting = 2, merging = 4
Iteration completed successfully
Iteration wallclock: 0:00:26.308670, cputime: 0:00:00


Mon Feb 24 17:19:36 2025
Iteration 4 (10 requested)
Beginning iteration 4
6 segments remain in iteration 4 (6 total)
1 of 1 (100.000000%) active bins are populated
per-bin minimum non-zero probability:       1
per-bin maximum probability:                1
per-bin probability dynamic range (kT):     0
per-segment minimum non-zero probability:   0.0208333
per-segment maximum non-zero probability:   0.458333
per-segment probability dynamic range (kT): 3.09104
norm = 1, error in norm = 0 (0*epsilon)
Waiting for segments to complete...
WE weights: 
 [0.02083333 0.02083333 0.08333333 0.20833333 0.20833333 0.45833333] 
weights sum:  1.0
curr pcoords:
 [2.1494231 2.0054092 1.6466421 2.1517448 2.0911    2.1960955]
curr parent ids:
 [4 4 3 2 2 5]
curr data len:  6

# INFO ON THE DATASET
# Number of methyls:  116
# Number of rates:    3
# Number of blocks:   6
# Overall chi square: 583.15
# THETA: 100         
# Done! All minimizations terminated successfully
Skip save of results.pkl for temp testing
ABSURDer weights: 
 [0.18867926 0.39355683 0.08665517 0.20631002 0.05608105 0.06871767]
ABSURDer phi_eff: 0.7969677416777536
current iteration:  4
WEER split: [0, 1, 0, 1, 0, 0]
WEER merge: [[], [], [], [], [0], [2]]
Split indices:  [1, 3]
split sum:  2
merge sum:  1
Bin attrs post WEER:  <Bin at 0x139116d50, label=None, count=6, weight=1>
New weights:
 [0.01041667 0.10416667 0.10416667 0.22916667 0.01041667 0.54166667]
Total = 6, splitting = 2, merging = 4
Iteration completed successfully
Iteration wallclock: 0:00:26.568886, cputime: 0:00:00


Mon Feb 24 17:20:03 2025
Iteration 5 (10 requested)
Beginning iteration 5
6 segments remain in iteration 5 (6 total)
1 of 1 (100.000000%) active bins are populated
per-bin minimum non-zero probability:       1
per-bin maximum probability:                1
per-bin probability dynamic range (kT):     0
per-segment minimum non-zero probability:   0.0104167
per-segment maximum non-zero probability:   0.541667
per-segment probability dynamic range (kT): 3.95124
norm = 1, error in norm = 0 (0*epsilon)
Waiting for segments to complete...
WE weights: 
 [0.01041667 0.01041667 0.10416667 0.10416667 0.22916667 0.54166667] 
weights sum:  0.9999999999999999
curr pcoords:
 [2.1345837 1.9364493 2.0311663 2.042708  2.5919218 2.5074751]
curr parent ids:
 [3 3 5 5 0 4]
curr data len:  6

# INFO ON THE DATASET
# Number of methyls:  116
# Number of rates:    3
# Number of blocks:   6
# Overall chi square: 602.05
# THETA: 100         
# Done! All minimizations terminated successfully
Skip save of results.pkl for temp testing
ABSURDer weights: 
 [0.18001681 0.19258939 0.1666113  0.0943779  0.12391395 0.24249066]
ABSURDer phi_eff: 0.9586946894208231
current iteration:  5
WEER split: [0, 1, 0, 0, 0, 1]
WEER merge: [[], [], [], [2], [0], []]
Split indices:  [1, 5]
split sum:  2
merge sum:  1
Bin attrs post WEER:  <Bin at 0x139115310, label=None, count=6, weight=1>
New weights:
 [0.20833333 0.00520833 0.23958333 0.00520833 0.27083333 0.27083333]
Total = 6, splitting = 2, merging = 4
Iteration completed successfully
Iteration wallclock: 0:00:26.609793, cputime: 0:00:00


Mon Feb 24 17:20:29 2025
Iteration 6 (10 requested)
Beginning iteration 6
6 segments remain in iteration 6 (6 total)
1 of 1 (100.000000%) active bins are populated
per-bin minimum non-zero probability:       1
per-bin maximum probability:                1
per-bin probability dynamic range (kT):     0
per-segment minimum non-zero probability:   0.00520833
per-segment maximum non-zero probability:   0.270833
per-segment probability dynamic range (kT): 3.95124
norm = 1, error in norm = 0 (0*epsilon)
Waiting for segments to complete...
WE weights: 
 [0.00520833 0.00520833 0.20833333 0.23958333 0.27083333 0.27083333] 
weights sum:  0.9999999999999998
curr pcoords:
 [2.2189875 1.924927  2.277246  1.9558291 2.5074751 2.127857 ]
curr parent ids:
 [0 0 1 3 5 5]
curr data len:  6

# INFO ON THE DATASET
# Number of methyls:  116
# Number of rates:    3
# Number of blocks:   6
# Overall chi square: 579.83
# THETA: 100         
# Done! All minimizations terminated successfully
Skip save of results.pkl for temp testing
ABSURDer weights: 
 [0.27123337 0.14447443 0.02771189 0.13957357 0.06227329 0.35473345]
ABSURDer phi_eff: 0.7837919848160336
current iteration:  6
WEER split: [1, 0, 0, 0, 0, 1]
WEER merge: [[], [], [4], [1], [], []]
Split indices:  [0, 5]
split sum:  2
merge sum:  2
Bin attrs post WEER:  <Bin at 0x139116d50, label=None, count=6, weight=1>
New weights:
 [0.00260417 0.13541667 0.13541667 0.00260417 0.47916667 0.24479167]
Total = 6, splitting = 2, merging = 4
Iteration completed successfully
Iteration wallclock: 0:00:26.677446, cputime: 0:00:00


Mon Feb 24 17:20:56 2025
Iteration 7 (10 requested)
Beginning iteration 7
6 segments remain in iteration 7 (6 total)
1 of 1 (100.000000%) active bins are populated
per-bin minimum non-zero probability:       1
per-bin maximum probability:                1
per-bin probability dynamic range (kT):     0
per-segment minimum non-zero probability:   0.00260417
per-segment maximum non-zero probability:   0.479167
per-segment probability dynamic range (kT): 5.21494
norm = 1, error in norm = -1.11022e-16 (-0.5*epsilon)
Waiting for segments to complete...
WE weights: 
 [0.00260417 0.00260417 0.13541667 0.13541667 0.24479167 0.47916667] 
weights sum:  0.9999999999999999
curr pcoords:
 [2.3275566 1.9116818 1.6937048 2.470264  1.7216921 1.8003421]
curr parent ids:
 [1 1 4 4 2 5]
curr data len:  6

# INFO ON THE DATASET
# Number of methyls:  116
# Number of rates:    3
# Number of blocks:   6
# Overall chi square: 578.79
# THETA: 100         
# Done! All minimizations terminated successfully
Skip save of results.pkl for temp testing
ABSURDer weights: 
 [0.06642364 0.19239638 0.35211138 0.11553802 0.11267094 0.16085964]
ABSURDer phi_eff: 0.8713370567181693
current iteration:  7
WEER split: [0, 1, 1, 0, 0, 0]
WEER merge: [[3], [], [], [], [5], []]
Split indices:  [1, 2]
split sum:  2
merge sum:  2
Bin attrs post WEER:  <Bin at 0x13d1b0500, label=None, count=6, weight=1>
New weights:
 [0.06770833 0.00130208 0.00130208 0.72395833 0.13802083 0.06770833]
Total = 6, splitting = 2, merging = 4
Iteration completed successfully
Iteration wallclock: 0:00:27.025299, cputime: 0:00:00


Mon Feb 24 17:21:23 2025
Iteration 8 (10 requested)
Beginning iteration 8
6 segments remain in iteration 8 (6 total)
1 of 1 (100.000000%) active bins are populated
per-bin minimum non-zero probability:       1
per-bin maximum probability:                1
per-bin probability dynamic range (kT):     0
per-segment minimum non-zero probability:   0.00130208
per-segment maximum non-zero probability:   0.723958
per-segment probability dynamic range (kT): 6.32077
norm = 1, error in norm = -1.11022e-16 (-0.5*epsilon)
Waiting for segments to complete...
WE weights: 
 [0.00130208 0.00130208 0.06770833 0.06770833 0.13802083 0.72395833] 
weights sum:  0.9999999999999999
curr pcoords:
 [2.0897765 2.0253942 2.148312  1.9727944 2.134785  2.105982 ]
curr parent ids:
 [0 0 1 1 2 4]
curr data len:  6

# INFO ON THE DATASET
# Number of methyls:  116
# Number of rates:    3
# Number of blocks:   6
# Overall chi square: 601.55
# THETA: 100         
# Done! All minimizations terminated successfully
Skip save of results.pkl for temp testing
ABSURDer weights: 
 [0.2051194  0.10115758 0.15541305 0.07070838 0.21887254 0.24872904]
ABSURDer phi_eff: 0.9232967246108843
current iteration:  8
WEER split: [0, 0, 0, 0, 1, 1]
WEER merge: [[], [], [0], [1], [], []]
Split indices:  [4, 5]
split sum:  2
merge sum:  1
Bin attrs post WEER:  <Bin at 0x1391176b0, label=None, count=6, weight=1>
New weights:
 [0.06901042 0.36197917 0.06901042 0.06901042 0.36197917 0.06901042]
Total = 6, splitting = 2, merging = 4
Iteration completed successfully
Iteration wallclock: 0:00:27.000911, cputime: 0:00:00


Mon Feb 24 17:21:50 2025
Iteration 9 (10 requested)
Beginning iteration 9
6 segments remain in iteration 9 (6 total)
1 of 1 (100.000000%) active bins are populated
per-bin minimum non-zero probability:       1
per-bin maximum probability:                1
per-bin probability dynamic range (kT):     0
per-segment minimum non-zero probability:   0.0690104
per-segment maximum non-zero probability:   0.361979
per-segment probability dynamic range (kT): 1.65733
norm = 1, error in norm = -2.22045e-16 (-1*epsilon)
Waiting for segments to complete...
WE weights: 
 [0.06901042 0.06901042 0.06901042 0.06901042 0.36197917 0.36197917] 
weights sum:  0.9999999999999999
curr pcoords:
 [1.941993  1.8871064 2.0897765 1.9971538 1.8446044 2.0563986]
curr parent ids:
 [4 5 4 0 3 3]
curr data len:  6

# INFO ON THE DATASET
# Number of methyls:  116
# Number of rates:    3
# Number of blocks:   6
# Overall chi square: 616.55
# THETA: 100         
# Done! All minimizations terminated successfully
Skip save of results.pkl for temp testing
ABSURDer weights: 
 [0.04448387 0.36011633 0.0563391  0.08047103 0.18753376 0.27105591]
ABSURDer phi_eff: 0.7765180602070658
current iteration:  9
WEER split: [0, 1, 0, 0, 0, 1]
WEER merge: [[3], [], [4], [], [], []]
Split indices:  [1, 5]
split sum:  2
merge sum:  2
Bin attrs post WEER:  <Bin at 0x139114aa0, label=None, count=6, weight=1>
New weights:
 [0.43098958 0.18098958 0.03450521 0.13802083 0.03450521 0.18098958]
Total = 6, splitting = 2, merging = 4
Iteration completed successfully
Iteration wallclock: 0:00:26.566729, cputime: 0:00:00


Mon Feb 24 17:22:17 2025
Iteration 10 (10 requested)
Beginning iteration 10
6 segments remain in iteration 10 (6 total)
1 of 1 (100.000000%) active bins are populated
per-bin minimum non-zero probability:       1
per-bin maximum probability:                1
per-bin probability dynamic range (kT):     0
per-segment minimum non-zero probability:   0.0345052
per-segment maximum non-zero probability:   0.43099
per-segment probability dynamic range (kT): 2.52497
norm = 1, error in norm = 0 (0*epsilon)
Waiting for segments to complete...
WE weights: 
 [0.03450521 0.03450521 0.13802083 0.18098958 0.18098958 0.43098958] 
weights sum:  0.9999999999999998
curr pcoords:
 [1.8519535 1.9364493 2.1812778 2.1429052 1.9205726 1.941723 ]
curr parent ids:
 [3 3 0 1 1 4]
curr data len:  6

# INFO ON THE DATASET
# Number of methyls:  116
# Number of rates:    3
# Number of blocks:   6
# Overall chi square: 596.89
# THETA: 100         
# Done! All minimizations terminated successfully
Skip save of results.pkl for temp testing
ABSURDer weights: 
 [0.09530481 0.08138782 0.26848378 0.09956559 0.35024776 0.10501023]
ABSURDer phi_eff: 0.8380182897036786
current iteration:  10
WEER split: [0, 0, 1, 0, 1, 0]
WEER merge: [[3], [5], [], [], [], []]
Split indices:  [2, 4]
split sum:  2
merge sum:  2
Bin attrs post WEER:  <Bin at 0x139115a90, label=None, count=6, weight=1>
New weights:
 [0.09049479 0.09049479 0.46549479 0.06901042 0.21549479 0.06901042]
Total = 6, splitting = 2, merging = 4
Iteration completed successfully
Iteration wallclock: 0:00:26.897317, cputime: 0:00:00


Mon Feb 24 17:22:44 2025
WEST run complete.
