

      Least-Squares R2/R1 Diffusion Analysis

          ******************** Input Data ********************
 Residue        R2/R1          dR2/R1           x              y              z
    2          2.86826        0.02868        0.77747       -0.03397        0.62800
    3          2.76220        0.02762       -0.99427       -0.03204        0.10195
    4          2.74074        0.02741        0.84465        0.36116       -0.39514
    5          2.66667        0.02667       -0.61564       -0.43600        0.65642
    6          2.71598        0.02716        0.65319        0.65125       -0.38629
    7          2.76647        0.02766       -0.16505       -0.56312        0.80973
   12          2.55612        0.02556       -0.19032       -0.62341        0.75838
   13          2.75882        0.02759        0.36775        0.41820       -0.83058
   14          2.77011        0.02770       -0.68651       -0.54474        0.48162
   15          2.52486        0.02525        0.97910        0.06896       -0.19135
   16          2.72973        0.02730       -0.98788       -0.04468       -0.14862
   17          2.80982        0.02810        0.86411       -0.37477        0.33594
   20          2.83234        0.02832       -0.15051       -0.18061        0.97197
   21          2.70988        0.02710        0.52877       -0.61027        0.58989
   22          2.64162        0.02642       -0.87933        0.26884        0.39308
   26          2.61047        0.02610        0.60979        0.65931       -0.43986
   27          2.79114        0.02791        0.37085        0.82712       -0.42230
   28          2.71429        0.02714        0.50090        0.86298       -0.06601
   29          2.82609        0.02826        0.73614        0.62639       -0.25638
   30          2.70909        0.02709        0.41556        0.72917       -0.54372
   32          2.81250        0.02812        0.55743        0.81284       -0.16898
   33          2.76923        0.02769        0.70660        0.50374       -0.49695
   34          2.73099        0.02731        0.16794        0.85912       -0.48344
   35          2.84242        0.02842        0.23982        0.80492        0.54276
   39          2.65318        0.02632       -0.95346       -0.05146        0.29711
   40          2.74251        0.02743       -0.49784        0.06696        0.86468
   41          2.70175        0.02702       -0.65631        0.72039        0.22427
   42          2.64407        0.02644       -0.01942       -0.95934        0.28159
   43          2.66102        0.02661       -0.24376        0.91190       -0.33019
   44          2.59322        0.02593       -0.30192       -0.76499        0.56889
   45          2.76506        0.02765        0.01651        0.63790       -0.76994
   46          2.68391        0.02684       -0.15144       -0.76882        0.62127
   47          2.69101        0.02691       -0.45271       -0.69655        0.55666
   48          2.83929        0.02839       -0.04177       -0.16803        0.98490
   49          2.58462        0.02031        0.34749        0.37370       -0.86000
   50          2.60795        0.02608       -0.31749       -0.90489        0.28351
   51          2.76404        0.02764        0.77092        0.46799        0.43206
   52          2.94828        0.02462       -0.30962       -0.30476       -0.90070
   54          2.94479        0.02945       -0.10002       -0.80794       -0.58071
   55          2.82424        0.02824        0.75073        0.61476       -0.24183
   56          2.72840        0.02728       -0.77962        0.12039        0.61457
   57          2.66864        0.02669       -0.85128        0.43583        0.29217
   58          2.73006        0.02730       -0.99389       -0.02815        0.10677
   59          2.76786        0.02768       -0.87696       -0.12431        0.46421
   60          2.78659        0.02787       -0.51258        0.84945        0.12523
   61          2.65497        0.02655       -0.66816        0.71769       -0.19617
   63          2.87059        0.02465        0.44754        0.75043        0.48637
   64          2.64671        0.02647       -0.93324        0.30882        0.18354
   65          2.72455        0.02725       -0.34947        0.89211        0.28637
   66          2.77907        0.02779        0.89987        0.11649       -0.42033
   67          2.65143        0.02651       -0.71655       -0.12913        0.68548
   68          2.83636        0.02836        0.43194        0.73672       -0.52027
   69          2.65517        0.02655        0.08348       -0.83580        0.54264
   70          2.87898        0.02879        0.18648        0.97418       -0.12724
   71          2.58919        0.02589        0.28162       -0.95945       -0.01165

          ***** Grid Search for Initial Parameter Values *****
   X2new        X2old        Diso/10^7   Dpar/Dper     Theta        Phi
    781.08       781.08      4.04530      1.00000      0.00000      0.00000
    773.47       781.08      4.04530      0.88000      0.69813      3.31613
    769.04       773.47      4.04530      0.88000      0.69813      3.49066
    756.10       769.04      4.04530      0.88000      0.87266      3.31613
    755.02       756.10      4.04530      0.88000      0.87266      3.49066
    749.48       755.02      4.04530      0.92000      0.52360      3.31613
    736.55       749.48      4.04530      0.92000      0.52360      3.49066
    730.31       736.55      4.04530      0.92000      0.52360      3.66519
    729.54       730.31      4.04530      0.92000      0.52360      3.83973
    723.79       729.54      4.04530      0.92000      0.69813      3.14159
    704.02       723.79      4.04530      0.92000      0.69813      3.31613
    693.19       704.02      4.04530      0.92000      0.69813      3.49066
    689.72       693.19      4.04530      0.92000      0.69813      3.66519
    685.96       689.72      4.04530      0.92000      0.87266      3.31613
    677.50       685.96      4.04530      0.92000      0.87266      3.49066
    676.51       677.50      4.04530      0.92000      0.87266      3.66519
    673.14       676.51      4.04530      1.04000      0.34907      0.17453
    662.35       673.14      4.04530      1.04000      0.34907      0.34907
    654.36       662.35      4.04530      1.04000      0.34907      0.52360
    649.42       654.36      4.04530      1.04000      0.34907      0.69813
    647.66       649.42      4.04530      1.04000      0.34907      0.87266
    641.79       647.66      4.04530      1.04000      0.52360      0.34907
    630.73       641.79      4.04530      1.04000      0.52360      0.52360
    623.87       630.73      4.04530      1.04000      0.52360      0.69813
    621.47       623.87      4.04530      1.04000      0.52360      0.87266
    615.93       621.47      4.04530      1.04000      0.69813      0.69813
    613.02       615.93      4.04530      1.04000      0.69813      0.87266
    612.41       613.02      4.04530      1.08000      0.34907      0.17453
    592.32       612.41      4.04530      1.08000      0.34907      0.34907
    577.54       592.32      4.04530      1.08000      0.34907      0.52360
    568.36       577.54      4.04530      1.08000      0.34907      0.69813
    564.96       568.36      4.04530      1.08000      0.34907      0.87266
    553.49       564.96      4.04530      1.08000      0.52360      0.34907
    533.60       553.49      4.04530      1.08000      0.52360      0.52360
    521.39       533.60      4.04530      1.08000      0.52360      0.69813
    517.18       521.39      4.04530      1.08000      0.52360      0.87266
    506.14       517.18      4.04530      1.08000      0.69813      0.69813
    501.34       506.14      4.04530      1.08000      0.69813      0.87266
    481.36       501.34      4.04530      1.12000      0.52360      0.52360
    465.15       481.36      4.04530      1.12000      0.52360      0.69813
    459.69       465.15      4.04530      1.12000      0.52360      0.87266
    443.57       459.69      4.04530      1.12000      0.69813      0.69813
    437.93       443.57      4.04530      1.12000      0.69813      0.87266
    421.65       437.93      4.04530      1.16000      0.69813      0.69813
    416.21       421.65      4.04530      1.16000      0.69813      0.87266


          **************** Isotropic Results *****************
 Parameters          Actual
Diso (1/s) 0.40892E+08 +/-  0.46872E+05

 X2    690.3032         X2 (red)    12.78339    

          ****************** Axial Results *******************
 Parameters          Actual
Diso (1/s) 0.40490E+08 +/-  0.51078E+05
Dpar/Dper  0.11609E+01 +/-  0.10159E-01
Theta      0.70939E+00 +/-  0.34748E-01
Phi        0.83938E+00 +/-  0.64581E-01

 X2    415.2818         X2 (red)    8.142779    

 F      11.25829         #points            55


          **************** Residual Analysis *****************
Res#     Y20      R2/R1    dR2/R1  R2/R1(iso)     X2(iso)   R2/R1(axial)  X2(axial)
   2    0.4559    2.8683   0.0287    2.7265      24.4225    2.8383       1.0879
   3   -0.2938    2.7622   0.0276    2.7265       1.6692    2.7164       2.7467
   4   -0.4116    2.7407   0.0274    2.7265       0.2695    2.6985       2.3714
   5   -0.4995    2.6667   0.0267    2.7265       5.0360    2.6854       0.4940
   6   -0.3588    2.7160   0.0272    2.7265       0.1504    2.7065       0.1216
   7   -0.3910    2.7665   0.0277    2.7265       2.0861    2.7016       5.4908
  12   -0.4456    2.5561   0.0256    2.7265      44.4366    2.6934      28.8583
  13   -0.3927    2.7588   0.0276    2.7265       1.3714    2.7014       4.3337
  14   -0.4416    2.7701   0.0277    2.7265       2.4770    2.6940       7.5422
  15   -0.3519    2.5249   0.0252    2.7265      63.7874    2.7076      52.3600
  16   -0.0225    2.7297   0.0273    2.7265       0.0139    2.7589       1.1427
  17   -0.1974    2.8098   0.0281    2.7265       8.7904    2.7313       7.8060
  20    0.0124    2.8323   0.0283    2.7265      13.9606    2.7645       5.7364
  21   -0.2813    2.7099   0.0271    2.7265       0.3767    2.7183       0.0973
  22   -0.4968    2.6416   0.0264    2.7265      10.3277    2.6858       2.7976
  26   -0.4054    2.6105   0.0261    2.7265      19.7606    2.6995      11.6245
  27   -0.4122    2.7911   0.0279    2.7265       5.3613    2.6984      11.0304
  28    0.0154    2.7143   0.0271    2.7265       0.2028    2.7650       3.4890
  29   -0.2234    2.8261   0.0283    2.7265      12.4150    2.7273      12.2275
  30   -0.4778    2.7091   0.0271    2.7265       0.4136    2.6886       0.5701
  32   -0.1124    2.8125   0.0281    2.7265       9.3472    2.7446       5.8231
  33   -0.4543    2.7692   0.0277    2.7265       2.3795    2.6921       7.7504
  34   -0.4774    2.7310   0.0273    2.7265       0.0269    2.6887       2.3991
  35    0.7322    2.8424   0.0284    2.7265      16.6282    2.8870       2.4571
  39   -0.4311    2.6532   0.0263    2.7265       7.7644    2.6956       2.5992
  40   -0.1659    2.7425   0.0274    2.7265       0.3402    2.7362       0.0525
  41   -0.4180    2.7018   0.0270    2.7265       0.8401    2.6976       0.0238
  42   -0.3987    2.6441   0.0264    2.7265       9.7221    2.7005       4.5511
  43   -0.4890    2.6610   0.0266    2.7265       6.0575    2.6870       0.9502
  44   -0.4925    2.5932   0.0259    2.7265      26.4202    2.6864      12.9224
  45   -0.3924    2.7651   0.0277    2.7265       1.9434    2.7014       5.2965
  46   -0.4984    2.6839   0.0268    2.7265       2.5197    2.6856       0.0038
  47   -0.4811    2.6910   0.0269    2.7265       1.7406    2.6881       0.0114
  48    0.1292    2.8393   0.0284    2.7265      15.7769    2.7835       3.8660
  49   -0.3462    2.5846   0.0203    2.7265      48.8246    2.7084      37.1691
  50   -0.3038    2.6079   0.0261    2.7265      20.6680    2.7149      16.8158
  51    0.6884    2.7640   0.0276    2.7265       1.8433    2.8791      17.3353
  52    0.8993    2.9483   0.0246    2.7265      81.1099    2.9174       1.5739
  54    0.6505    2.9448   0.0294    2.7265      54.9423    2.8724       6.0460
  55   -0.2081    2.8242   0.0282    2.7265      11.9736    2.7296      11.2174
  56   -0.4484    2.7284   0.0273    2.7265       0.0048    2.6930       1.6817
  57   -0.4941    2.6686   0.0267    2.7265       4.7030    2.6862       0.4332
  58   -0.3001    2.7301   0.0273    2.7265       0.0169    2.7155       0.2862
  59   -0.4880    2.7679   0.0277    2.7265       2.2315    2.6871       8.5094
  60   -0.3792    2.7866   0.0279    2.7265       4.6481    2.7034       8.9070
  61   -0.4874    2.6550   0.0265    2.7265       7.2613    2.6872       1.4739
  63    0.7905    2.8706   0.0247    2.7265      34.1547    2.8975       1.1905
  64   -0.4794    2.6467   0.0265    2.7265       9.0913    2.6884       2.4795
  65   -0.1284    2.7246   0.0272    2.7265       0.0052    2.7421       0.4151
  66   -0.4750    2.7791   0.0278    2.7265       3.5765    2.6890      10.4937
  67   -0.4681    2.6514   0.0265    2.7265       8.0191    2.6901       2.1240
  68   -0.4661    2.8364   0.0284    2.7265      14.9987    2.6904      26.4917
  69   -0.4972    2.6552   0.0266    2.7265       7.2197    2.6857       1.3258
  70   -0.1869    2.8790   0.0288    2.7265      28.0462    2.7329      25.7314
  71   -0.3147    2.5892   0.0259    2.7265      28.1292    2.7132      22.9467
