Updating system with the options from the configuration file
SynD propagator inferring 101 steps per iteration from west.system.system_options.pcoord_len
Maximum wallclock time: 1 day, 0:00:00

Thu Mar 13 15:47:22 2025
Iteration 1 (15 requested)
Beginning iteration 1
6 segments remain in iteration 1 (6 total)
1 of 1 (100.000000%) active bins are populated
per-bin minimum non-zero probability:       1
per-bin maximum probability:                1
per-bin probability dynamic range (kT):     0
per-segment minimum non-zero probability:   0.166667
per-segment maximum non-zero probability:   0.166667
per-segment probability dynamic range (kT): 0
norm = 1, error in norm = -1.11022e-16 (-0.5*epsilon)
Waiting for segments to complete...
WE weights: 
 [0.16666667 0.16666667 0.16666667 0.16666667 0.16666667 0.16666667] 
weights sum:  0.9999999999999999
curr pcoords:
 [2.3434494 2.1415439 1.8546821 1.9048495 1.8681763 2.1710937]
curr parent ids:
 [-5 -6 -4 -2 -1 -3]
curr parent wtg ids:
 [{-5} {-6} {-4} {-2} {-1} {-3}]
curr data len:  6

# INFO ON THE DATASET
# Number of methyls:  116
# Number of rates:    3
# Number of blocks:   6
# Overall chi square: 175.98
# THETA: 10         
# Done! All minimizations terminated successfully
Skip save of results.pkl for temp testing
ABSURDer weights: 
 [1.29011353e-05 0.00000000e+00 8.92689740e-01 0.00000000e+00
 7.41209947e-05 1.07223238e-01]
ABSURDer phi_eff: 0.23453228435715126
current iteration:  1
WEER split: [0, 0, 1, 0, 0, 1]
WEER merge: [[], [0], [], [4], [], []]
Split indices:  [2, 5]
split sum:  2
merge sum:  1
Bin attrs post WEER:  <Bin at 0x14a05bb60, label=None, count=6, weight=1>
New weights:
 [0.08333333 0.33333333 0.08333333 0.08333333 0.08333333 0.33333333]
Total = 6, splitting = 2, merging = 4
Iteration completed successfully
Iteration wallclock: 0:00:06.328501, cputime: 0:00:00


Thu Mar 13 15:47:29 2025
Iteration 2 (15 requested)
Beginning iteration 2
6 segments remain in iteration 2 (6 total)
1 of 1 (100.000000%) active bins are populated
per-bin minimum non-zero probability:       1
per-bin maximum probability:                1
per-bin probability dynamic range (kT):     0
per-segment minimum non-zero probability:   0.0833333
per-segment maximum non-zero probability:   0.333333
per-segment probability dynamic range (kT): 1.38629
norm = 1, error in norm = 0 (0*epsilon)
Waiting for segments to complete...
WE weights: 
 [0.08333333 0.08333333 0.08333333 0.08333333 0.33333333 0.33333333] 
weights sum:  1.0
curr pcoords:
 [1.9659497 2.020369  2.0730443 2.1704762 2.293648  2.3974254]
curr parent ids:
 [0 0 4 4 2 3]
curr parent wtg ids:
 [{0} {0} {4} {4} {1, 2} {3, 5}]
curr data len:  6

# INFO ON THE DATASET
# Number of methyls:  116
# Number of rates:    3
# Number of blocks:   6
# Overall chi square: 208.35
# THETA: 10         
# Done! All minimizations terminated successfully
Skip save of results.pkl for temp testing
ABSURDer weights: 
 [8.31427850e-01 0.00000000e+00 1.14947291e-05 5.96694565e-02
 5.37884571e-04 1.08353314e-01]
ABSURDer phi_eff: 0.2937327567786033
current iteration:  2
WEER split: [1, 0, 0, 0, 0, 1]
WEER merge: [[], [2], [], [], [3], []]
Split indices:  [0, 5]
split sum:  2
merge sum:  2
Bin attrs post WEER:  <Bin at 0x149f28b90, label=None, count=6, weight=1>
New weights:
 [0.41666667 0.04166667 0.16666667 0.04166667 0.16666667 0.16666667]
Total = 6, splitting = 2, merging = 4
Iteration completed successfully
Iteration wallclock: 0:00:06.322481, cputime: 0:00:00


Thu Mar 13 15:47:35 2025
Iteration 3 (15 requested)
Beginning iteration 3
6 segments remain in iteration 3 (6 total)
1 of 1 (100.000000%) active bins are populated
per-bin minimum non-zero probability:       1
per-bin maximum probability:                1
per-bin probability dynamic range (kT):     0
per-segment minimum non-zero probability:   0.0416667
per-segment maximum non-zero probability:   0.416667
per-segment probability dynamic range (kT): 2.30259
norm = 1, error in norm = -1.11022e-16 (-0.5*epsilon)
Waiting for segments to complete...
WE weights: 
 [0.04166667 0.04166667 0.16666667 0.16666667 0.16666667 0.41666667] 
weights sum:  0.9999999999999999
curr pcoords:
 [2.1269755 1.7959014 2.1218889 2.332131  2.5389824 1.8724755]
curr parent ids:
 [4 4 1 0 1 5]
curr parent wtg ids:
 [{4} {4} {1} {0, 2} {1} {3, 5}]
curr data len:  6

# INFO ON THE DATASET
# Number of methyls:  116
# Number of rates:    3
# Number of blocks:   6
# Overall chi square: 219.72
# THETA: 10         
# Done! All minimizations terminated successfully
Skip save of results.pkl for temp testing
ABSURDer weights: 
 [5.45065621e-04 1.08267707e-06 2.19664281e-01 7.79743121e-01
 0.00000000e+00 4.64497207e-05]
ABSURDer phi_eff: 0.28358110975222234
current iteration:  3
WEER split: [0, 0, 1, 1, 0, 0]
WEER merge: [[], [5], [], [], [0], []]
Split indices:  [2, 3]
split sum:  2
merge sum:  1
Bin attrs post WEER:  <Bin at 0x14a05b3e0, label=None, count=6, weight=1>
New weights:
 [0.08333333 0.08333333 0.20833333 0.08333333 0.45833333 0.08333333]
Total = 6, splitting = 2, merging = 4
Iteration completed successfully
Iteration wallclock: 0:00:06.103023, cputime: 0:00:00


Thu Mar 13 15:47:41 2025
Iteration 4 (15 requested)
Beginning iteration 4
6 segments remain in iteration 4 (6 total)
1 of 1 (100.000000%) active bins are populated
per-bin minimum non-zero probability:       1
per-bin maximum probability:                1
per-bin probability dynamic range (kT):     0
per-segment minimum non-zero probability:   0.0833333
per-segment maximum non-zero probability:   0.458333
per-segment probability dynamic range (kT): 1.70475
norm = 1, error in norm = 0 (0*epsilon)
Waiting for segments to complete...
WE weights: 
 [0.08333333 0.08333333 0.08333333 0.08333333 0.20833333 0.45833333] 
weights sum:  1.0
curr pcoords:
 [2.0827694 2.441989  1.941723  2.2923326 2.04491   1.9354267]
curr parent ids:
 [4 2 4 2 5 0]
curr parent wtg ids:
 [{4} {2} {4} {2} {3, 5} {0, 1}]
curr data len:  6

# INFO ON THE DATASET
# Number of methyls:  116
# Number of rates:    3
# Number of blocks:   6
# Overall chi square: 238.61
# THETA: 10         
# Done! All minimizations terminated successfully
Skip save of results.pkl for temp testing
ABSURDer weights: 
 [7.48693218e-06 1.49708878e-01 3.76218468e-01 0.00000000e+00
 1.20723630e-05 4.74053095e-01]
ABSURDer phi_eff: 0.4558497850606294
current iteration:  4
WEER split: [0, 0, 1, 0, 0, 1]
WEER merge: [[4], [], [], [1], [], []]
Split indices:  [2, 5]
split sum:  2
merge sum:  2
Bin attrs post WEER:  <Bin at 0x14ce1d4f0, label=None, count=6, weight=1>
New weights:
 [0.04166667 0.29166667 0.16666667 0.22916667 0.04166667 0.22916667]
Total = 6, splitting = 2, merging = 4
Iteration completed successfully
Iteration wallclock: 0:00:06.291928, cputime: 0:00:00


Thu Mar 13 15:47:47 2025
Iteration 5 (15 requested)
Beginning iteration 5
6 segments remain in iteration 5 (6 total)
1 of 1 (100.000000%) active bins are populated
per-bin minimum non-zero probability:       1
per-bin maximum probability:                1
per-bin probability dynamic range (kT):     0
per-segment minimum non-zero probability:   0.0416667
per-segment maximum non-zero probability:   0.291667
per-segment probability dynamic range (kT): 1.94591
norm = 1, error in norm = -1.11022e-16 (-0.5*epsilon)
Waiting for segments to complete...
WE weights: 
 [0.04166667 0.04166667 0.16666667 0.22916667 0.22916667 0.29166667] 
weights sum:  0.9999999999999999
curr pcoords:
 [2.141012  1.8393197 1.7201959 2.1099408 2.1290498 1.621359 ]
curr parent ids:
 [0 0 3 4 4 2]
curr parent wtg ids:
 [{0} {0} {3, 5} {4} {4} {1, 2}]
curr data len:  6

# INFO ON THE DATASET
# Number of methyls:  116
# Number of rates:    3
# Number of blocks:   6
# Overall chi square: 245.15
# THETA: 10         
# Done! All minimizations terminated successfully
Skip save of results.pkl for temp testing
ABSURDer weights: 
 [2.85827126e-02 3.42913365e-01 6.56067934e-05 2.02092116e-01
 3.81777774e-01 4.45684258e-02]
ABSURDer phi_eff: 0.6107346232960592
current iteration:  5
WEER split: [0, 1, 0, 0, 1, 0]
WEER merge: [[3], [], [5], [], [], []]
Split indices:  [1, 4]
split sum:  2
merge sum:  2
Bin attrs post WEER:  <Bin at 0x14a05b3e0, label=None, count=6, weight=1>
New weights:
 [0.27083333 0.02083333 0.11458333 0.11458333 0.45833333 0.02083333]
Total = 6, splitting = 2, merging = 4
Iteration completed successfully
Iteration wallclock: 0:00:06.257316, cputime: 0:00:00


Thu Mar 13 15:47:54 2025
Iteration 6 (15 requested)
Beginning iteration 6
6 segments remain in iteration 6 (6 total)
1 of 1 (100.000000%) active bins are populated
per-bin minimum non-zero probability:       1
per-bin maximum probability:                1
per-bin probability dynamic range (kT):     0
per-segment minimum non-zero probability:   0.0208333
per-segment maximum non-zero probability:   0.458333
per-segment probability dynamic range (kT): 3.09104
norm = 1, error in norm = -1.11022e-16 (-0.5*epsilon)
Waiting for segments to complete...
WE weights: 
 [0.02083333 0.02083333 0.11458333 0.11458333 0.27083333 0.45833333] 
weights sum:  0.9999999999999999
curr pcoords:
 [1.7972816 1.4509019 2.023216  1.9514853 1.9683672 2.0884814]
curr parent ids:
 [0 0 3 3 5 2]
curr parent wtg ids:
 [{0} {0} {3} {3} {4, 5} {1, 2}]
curr data len:  6

# INFO ON THE DATASET
# Number of methyls:  116
# Number of rates:    3
# Number of blocks:   6
# Overall chi square: 240.00
# THETA: 10         
# Done! All minimizations terminated successfully
Skip save of results.pkl for temp testing
ABSURDer weights: 
 [1.02423908e-02 2.86943939e-07 1.49844166e-06 2.96783172e-01
 6.75335229e-01 1.76374225e-02]
ABSURDer phi_eff: 0.35064581808067885
current iteration:  6
WEER split: [0, 0, 0, 1, 1, 0]
WEER merge: [[], [0], [5], [], [], []]
Split indices:  [3, 4]
split sum:  2
merge sum:  1
Bin attrs post WEER:  <Bin at 0x14a634320, label=None, count=6, weight=1>
New weights:
 [0.13541667 0.05729167 0.04166667 0.57291667 0.13541667 0.05729167]
Total = 6, splitting = 2, merging = 4
Iteration completed successfully
Iteration wallclock: 0:00:06.266844, cputime: 0:00:00


Thu Mar 13 15:48:00 2025
Iteration 7 (15 requested)
Beginning iteration 7
6 segments remain in iteration 7 (6 total)
1 of 1 (100.000000%) active bins are populated
per-bin minimum non-zero probability:       1
per-bin maximum probability:                1
per-bin probability dynamic range (kT):     0
per-segment minimum non-zero probability:   0.0416667
per-segment maximum non-zero probability:   0.572917
per-segment probability dynamic range (kT): 2.62104
norm = 1, error in norm = -1.11022e-16 (-0.5*epsilon)
Waiting for segments to complete...
WE weights: 
 [0.04166667 0.05729167 0.05729167 0.13541667 0.13541667 0.57291667] 
weights sum:  0.9999999999999999
curr pcoords:
 [1.7353461 2.042708  2.2203636 1.6918796 1.6918796 2.2212532]
curr parent ids:
 [1 3 3 0 0 4]
curr parent wtg ids:
 [{1, 5} {3} {3} {0} {0} {2, 4}]
curr data len:  6

# INFO ON THE DATASET
# Number of methyls:  116
# Number of rates:    3
# Number of blocks:   6
# Overall chi square: 226.55
# THETA: 10         
# Done! All minimizations terminated successfully
Skip save of results.pkl for temp testing
ABSURDer weights: 
 [9.85402010e-02 9.85155167e-02 1.81468351e-04 1.73121782e-03
 3.69954492e-01 4.31077105e-01]
ABSURDer phi_eff: 0.5532661283873035
current iteration:  7
WEER split: [0, 0, 0, 0, 1, 1]
WEER merge: [[], [], [1], [0], [], []]
Split indices:  [4, 5]
split sum:  2
merge sum:  1
Bin attrs post WEER:  <Bin at 0x14a05b3e0, label=None, count=6, weight=1>
New weights:
 [0.06770833 0.11458333 0.28645833 0.06770833 0.28645833 0.17708333]
Total = 6, splitting = 2, merging = 4
Iteration completed successfully
Iteration wallclock: 0:00:06.221994, cputime: 0:00:00


Thu Mar 13 15:48:06 2025
Iteration 8 (15 requested)
Beginning iteration 8
6 segments remain in iteration 8 (6 total)
1 of 1 (100.000000%) active bins are populated
per-bin minimum non-zero probability:       1
per-bin maximum probability:                1
per-bin probability dynamic range (kT):     0
per-segment minimum non-zero probability:   0.0677083
per-segment maximum non-zero probability:   0.286458
per-segment probability dynamic range (kT): 1.44238
norm = 1, error in norm = 0 (0*epsilon)
Waiting for segments to complete...
WE weights: 
 [0.06770833 0.06770833 0.11458333 0.17708333 0.28645833 0.28645833] 
weights sum:  1.0
curr pcoords:
 [2.423023  1.7553203 1.791979  1.9364493 2.2142794 1.5788736]
curr parent ids:
 [0 0 5 4 3 3]
curr parent wtg ids:
 [{0} {0} {1, 5} {2, 4} {3} {3}]
curr data len:  6

# INFO ON THE DATASET
# Number of methyls:  116
# Number of rates:    3
# Number of blocks:   6
# Overall chi square: 236.23
# THETA: 10         
# Done! All minimizations terminated successfully
Skip save of results.pkl for temp testing
ABSURDer weights: 
 [2.98995870e-02 9.70675050e-03 4.81063402e-01 4.79294423e-01
 2.67988695e-06 3.31580116e-05]
ABSURDer phi_eff: 0.39182712460140506
current iteration:  8
WEER split: [0, 0, 1, 1, 0, 0]
WEER merge: [[], [], [], [], [0], [1]]
Split indices:  [2, 3]
split sum:  2
merge sum:  1
Bin attrs post WEER:  <Bin at 0x14ce1d4f0, label=None, count=6, weight=1>
New weights:
 [0.08854167 0.08854167 0.05729167 0.35416667 0.35416667 0.05729167]
Total = 6, splitting = 2, merging = 4
Iteration completed successfully
Iteration wallclock: 0:00:06.270125, cputime: 0:00:00


Thu Mar 13 15:48:12 2025
Iteration 9 (15 requested)
Beginning iteration 9
6 segments remain in iteration 9 (6 total)
1 of 1 (100.000000%) active bins are populated
per-bin minimum non-zero probability:       1
per-bin maximum probability:                1
per-bin probability dynamic range (kT):     0
per-segment minimum non-zero probability:   0.0572917
per-segment maximum non-zero probability:   0.354167
per-segment probability dynamic range (kT): 1.82161
norm = 1, error in norm = -1.11022e-16 (-0.5*epsilon)
Waiting for segments to complete...
WE weights: 
 [0.05729167 0.05729167 0.08854167 0.08854167 0.35416667 0.35416667] 
weights sum:  0.9999999999999999
curr pcoords:
 [1.8551781 2.9057322 1.8926227 1.9656872 2.0563986 1.9345795]
curr parent ids:
 [1 1 5 5 2 4]
curr parent wtg ids:
 [{1} {1} {5} {5} {2, 3} {0, 4}]
curr data len:  6

# INFO ON THE DATASET
# Number of methyls:  116
# Number of rates:    3
# Number of blocks:   6
# Overall chi square: 238.10
# THETA: 10         
# Done! All minimizations terminated successfully
Skip save of results.pkl for temp testing
ABSURDer weights: 
 [1.71908510e-06 1.25658654e-01 1.18218890e-02 8.25652080e-01
 2.30640173e-02 1.38016399e-02]
ABSURDer phi_eff: 0.3090034863762827
current iteration:  9
WEER split: [0, 1, 0, 1, 0, 0]
WEER merge: [[2], [], [], [], [], [4]]
Split indices:  [1, 3]
split sum:  2
merge sum:  2
Bin attrs post WEER:  <Bin at 0x14cfe8aa0, label=None, count=6, weight=1>
New weights:
 [0.02864583 0.04427083 0.70833333 0.02864583 0.04427083 0.14583333]
Total = 6, splitting = 2, merging = 4
Iteration completed successfully
Iteration wallclock: 0:00:06.066731, cputime: 0:00:00


Thu Mar 13 15:48:18 2025
Iteration 10 (15 requested)
Beginning iteration 10
6 segments remain in iteration 10 (6 total)
1 of 1 (100.000000%) active bins are populated
per-bin minimum non-zero probability:       1
per-bin maximum probability:                1
per-bin probability dynamic range (kT):     0
per-segment minimum non-zero probability:   0.0286458
per-segment maximum non-zero probability:   0.708333
per-segment probability dynamic range (kT): 3.20791
norm = 1, error in norm = 0 (0*epsilon)
Waiting for segments to complete...
WE weights: 
 [0.02864583 0.02864583 0.04427083 0.04427083 0.14583333 0.70833333] 
weights sum:  0.9999999999999999
curr pcoords:
 [2.117248  2.100667  2.1815681 1.7072355 1.9659497 2.109763 ]
curr parent ids:
 [5 5 1 1 2 3]
curr parent wtg ids:
 [{5} {5} {1} {1} {0, 2} {3, 4}]
curr data len:  6

# INFO ON THE DATASET
# Number of methyls:  116
# Number of rates:    3
# Number of blocks:   6
# Overall chi square: 202.49
# THETA: 10         
# Done! All minimizations terminated successfully
Skip save of results.pkl for temp testing
ABSURDer weights: 
 [2.70764389e-07 3.33432870e-01 1.47482550e-03 6.89999093e-03
 1.15297469e-03 6.57039068e-01]
ABSURDer phi_eff: 0.3335954365915761
current iteration:  10
WEER split: [0, 1, 0, 0, 0, 1]
WEER merge: [[2], [], [], [], [3], []]
Split indices:  [1, 5]
split sum:  2
merge sum:  2
Bin attrs post WEER:  <Bin at 0x14cf5e4e0, label=None, count=6, weight=1>
New weights:
 [0.07291667 0.01432292 0.01432292 0.35416667 0.35416667 0.19010417]
Total = 6, splitting = 2, merging = 4
Iteration completed successfully
Iteration wallclock: 0:00:06.579574, cputime: 0:00:00


Thu Mar 13 15:48:25 2025
Iteration 11 (15 requested)
Beginning iteration 11
6 segments remain in iteration 11 (6 total)
1 of 1 (100.000000%) active bins are populated
per-bin minimum non-zero probability:       1
per-bin maximum probability:                1
per-bin probability dynamic range (kT):     0
per-segment minimum non-zero probability:   0.0143229
per-segment maximum non-zero probability:   0.354167
per-segment probability dynamic range (kT): 3.20791
norm = 1, error in norm = -1.11022e-16 (-0.5*epsilon)
Waiting for segments to complete...
WE weights: 
 [0.01432292 0.01432292 0.07291667 0.19010417 0.35416667 0.35416667] 
weights sum:  0.9999999999999999
curr pcoords:
 [2.101968  2.1236334 2.157887  2.791249  2.1622798 2.539082 ]
curr parent ids:
 [0 0 4 5 2 2]
curr parent wtg ids:
 [{0} {0} {3, 4} {1, 5} {2} {2}]
curr data len:  6

# INFO ON THE DATASET
# Number of methyls:  116
# Number of rates:    3
# Number of blocks:   6
# Overall chi square: 227.39
# THETA: 10         
# Done! All minimizations terminated successfully
Skip save of results.pkl for temp testing
ABSURDer weights: 
 [2.93862338e-01 2.19699648e-02 1.53273263e-02 0.00000000e+00
 6.68840293e-01 7.74659543e-08]
ABSURDer phi_eff: 0.36242242842528544
current iteration:  11
WEER split: [1, 0, 0, 0, 1, 0]
WEER merge: [[], [], [1], [5], [], []]
Split indices:  [0, 4]
split sum:  2
merge sum:  2
Bin attrs post WEER:  <Bin at 0x14cfe8aa0, label=None, count=6, weight=1>
New weights:
 [0.17708333 0.00716146 0.08723958 0.00716146 0.54427083 0.17708333]
Total = 6, splitting = 2, merging = 4
Iteration completed successfully
Iteration wallclock: 0:00:06.308163, cputime: 0:00:00


Thu Mar 13 15:48:31 2025
Iteration 12 (15 requested)
Beginning iteration 12
6 segments remain in iteration 12 (6 total)
1 of 1 (100.000000%) active bins are populated
per-bin minimum non-zero probability:       1
per-bin maximum probability:                1
per-bin probability dynamic range (kT):     0
per-segment minimum non-zero probability:   0.00716146
per-segment maximum non-zero probability:   0.544271
per-segment probability dynamic range (kT): 4.33073
norm = 1, error in norm = -2.22045e-16 (-1*epsilon)
Waiting for segments to complete...
WE weights: 
 [0.00716146 0.00716146 0.08723958 0.17708333 0.17708333 0.54427083] 
weights sum:  0.9999999999999999
curr pcoords:
 [1.8410125 2.3751786 1.9049369 1.9109931 1.9116818 1.9727944]
curr parent ids:
 [2 2 0 4 4 5]
curr parent wtg ids:
 [{2} {2} {0, 1} {4} {4} {3, 5}]
curr data len:  6

# INFO ON THE DATASET
# Number of methyls:  116
# Number of rates:    3
# Number of blocks:   6
# Overall chi square: 213.15
# THETA: 10         
# Done! All minimizations terminated successfully
Skip save of results.pkl for temp testing
ABSURDer weights: 
 [2.64151914e-02 5.37180678e-01 3.75550659e-01 1.27078796e-04
 6.07263929e-02 0.00000000e+00]
ABSURDer phi_eff: 0.4391567892348986
current iteration:  12
WEER split: [0, 1, 1, 0, 0, 0]
WEER merge: [[], [], [], [0], [], [4]]
Split indices:  [1, 2]
split sum:  2
merge sum:  1
Bin attrs post WEER:  <Bin at 0x14d811f40, label=None, count=6, weight=1>
New weights:
 [0.18424479 0.00358073 0.04361979 0.04361979 0.00358073 0.72135417]
Total = 6, splitting = 2, merging = 4
Iteration completed successfully
Iteration wallclock: 0:00:06.225548, cputime: 0:00:00


Thu Mar 13 15:48:37 2025
Iteration 13 (15 requested)
Beginning iteration 13
6 segments remain in iteration 13 (6 total)
1 of 1 (100.000000%) active bins are populated
per-bin minimum non-zero probability:       1
per-bin maximum probability:                1
per-bin probability dynamic range (kT):     0
per-segment minimum non-zero probability:   0.00358073
per-segment maximum non-zero probability:   0.721354
per-segment probability dynamic range (kT): 5.30556
norm = 1, error in norm = -2.22045e-16 (-1*epsilon)
Waiting for segments to complete...
WE weights: 
 [0.00358073 0.00358073 0.04361979 0.04361979 0.18424479 0.72135417] 
weights sum:  0.9999999999999998
curr pcoords:
 [2.0067744 1.8132172 2.3445861 1.9800829 1.8566387 1.5753895]
curr parent ids:
 [3 3 2 2 5 4]
curr parent wtg ids:
 [{3} {3} {2} {2} {1, 5} {0, 4}]
curr data len:  6

# INFO ON THE DATASET
# Number of methyls:  116
# Number of rates:    3
# Number of blocks:   6
# Overall chi square: 237.89
# THETA: 10         
# Done! All minimizations terminated successfully
Skip save of results.pkl for temp testing
ABSURDer weights: 
 [8.48388197e-06 4.84674365e-01 2.48973303e-01 2.66338844e-01
 4.90197493e-06 1.03013325e-07]
ABSURDer phi_eff: 0.4761499733980322
current iteration:  13
WEER split: [0, 1, 0, 1, 0, 0]
WEER merge: [[2], [], [], [], [], [4]]
Split indices:  [1, 3]
split sum:  2
merge sum:  2
Bin attrs post WEER:  <Bin at 0x14cf5e4e0, label=None, count=6, weight=1>
New weights:
 [0.0218099  0.00179036 0.04720052 0.00179036 0.0218099  0.90559896]
Total = 6, splitting = 2, merging = 4
Iteration completed successfully
Iteration wallclock: 0:00:06.901279, cputime: 0:00:00


Thu Mar 13 15:48:44 2025
Iteration 14 (15 requested)
Beginning iteration 14
6 segments remain in iteration 14 (6 total)
1 of 1 (100.000000%) active bins are populated
per-bin minimum non-zero probability:       1
per-bin maximum probability:                1
per-bin probability dynamic range (kT):     0
per-segment minimum non-zero probability:   0.00179036
per-segment maximum non-zero probability:   0.905599
per-segment probability dynamic range (kT): 6.22618
norm = 1, error in norm = -2.22045e-16 (-1*epsilon)
Waiting for segments to complete...
WE weights: 
 [0.00179036 0.00179036 0.0218099  0.0218099  0.04720052 0.90559896] 
weights sum:  0.9999999999999998
curr pcoords:
 [1.9508278 2.2923326 1.9850075 2.0967329 2.4209838 1.7688746]
curr parent ids:
 [4 4 2 2 3 5]
curr parent wtg ids:
 [{4} {4} {2} {2} {1, 3} {0, 5}]
curr data len:  6

# INFO ON THE DATASET
# Number of methyls:  116
# Number of rates:    3
# Number of blocks:   6
# Overall chi square: 218.58
# THETA: 10         
# Done! All minimizations terminated successfully
Skip save of results.pkl for temp testing
ABSURDer weights: 
 [3.58619223e-04 2.00284804e-01 0.00000000e+00 4.86384600e-01
 3.12971977e-01 0.00000000e+00]
ABSURDer phi_eff: 0.47107978754434104
current iteration:  14
WEER split: [0, 0, 0, 1, 1, 0]
WEER merge: [[], [], [0], [], [], [1]]
Split indices:  [3, 4]
split sum:  2
merge sum:  1
Bin attrs post WEER:  <Bin at 0x14a561d60, label=None, count=6, weight=1>
New weights:
 [0.02360026 0.02360026 0.90738932 0.02360026 0.01090495 0.01090495]
Total = 6, splitting = 2, merging = 4
Iteration completed successfully
Iteration wallclock: 0:00:06.489698, cputime: 0:00:00


Thu Mar 13 15:48:51 2025
Iteration 15 (15 requested)
Beginning iteration 15
6 segments remain in iteration 15 (6 total)
1 of 1 (100.000000%) active bins are populated
per-bin minimum non-zero probability:       1
per-bin maximum probability:                1
per-bin probability dynamic range (kT):     0
per-segment minimum non-zero probability:   0.0109049
per-segment maximum non-zero probability:   0.907389
per-segment probability dynamic range (kT): 4.42135
norm = 1, error in norm = -2.22045e-16 (-1*epsilon)
Waiting for segments to complete...
WE weights: 
 [0.01090495 0.01090495 0.02360026 0.02360026 0.02360026 0.90738932] 
weights sum:  0.9999999999999998
curr pcoords:
 [2.188457  1.981059  2.1191416 2.0382013 2.2105916 2.0439808]
curr parent ids:
 [0 0 2 4 2 5]
curr parent wtg ids:
 [{0} {0} {2} {3, 4} {2} {1, 5}]
curr data len:  6

# INFO ON THE DATASET
# Number of methyls:  116
# Number of rates:    3
# Number of blocks:   6
# Overall chi square: 230.61
# THETA: 10         
# Done! All minimizations terminated successfully
Skip save of results.pkl for temp testing
ABSURDer weights: 
 [2.55216310e-01 3.32605668e-01 0.00000000e+00 4.10275637e-01
 1.90200649e-03 3.78800756e-07]
ABSURDer phi_eff: 0.49676077181937434
current iteration:  15
WEER split: [0, 1, 0, 1, 0, 0]
WEER merge: [[], [], [0], [], [], [4]]
Split indices:  [1, 3]
split sum:  2
merge sum:  1
Bin attrs post WEER:  <Bin at 0x149f2bd40, label=None, count=6, weight=1>
New weights:
 [0.00545247 0.01180013 0.01180013 0.00545247 0.03450521 0.93098958]
Total = 6, splitting = 2, merging = 4
Iteration completed successfully
Iteration wallclock: 0:00:06.583936, cputime: 0:00:00


Thu Mar 13 15:48:57 2025
WEST run complete.
