Updating system with the options from the configuration file
SynD propagator inferring 10001 steps per iteration from west.system.system_options.pcoord_len
Maximum wallclock time: 1 day, 0:00:00

Thu Feb 20 12:55:36 2025
Iteration 1 (10 requested)
Beginning iteration 1
12 segments remain in iteration 1 (12 total)
1 of 1 (100.000000%) active bins are populated
per-bin minimum non-zero probability:       1
per-bin maximum probability:                1
per-bin probability dynamic range (kT):     0
per-segment minimum non-zero probability:   0.0833333
per-segment maximum non-zero probability:   0.0833333
per-segment probability dynamic range (kT): 0
norm = 1, error in norm = 0 (0*epsilon)
Waiting for segments to complete...
WE weights: 
 [0.08333333 0.08333333 0.08333333 0.08333333 0.08333333 0.08333333
 0.08333333 0.08333333 0.08333333 0.08333333 0.08333333 0.08333333] 
weights sum:  1.0
pcoords shape:  (12, 1)
curr data len:  12

# INFO ON THE DATASET
# Number of methyls:  116
# Number of rates:    3
# Number of blocks:   12
# Overall chi square: 629.38
# THETA: 100         
# Done! All minimizations terminated successfully
Skip save of results.pkl for temp testing
ABSURDer weights: 
 [0.04954366 0.07105193 0.08391402 0.0190546  0.08155452 0.03328572
 0.1520829  0.05931577 0.12239764 0.12409064 0.05441665 0.14929194]
ABSURDer phi_eff: 0.8739704168350972
current iteration:  1
WEER split: [0, 0, 0, 0, 0, 0, 1, 0, 1, 1, 0, 1]
WEER merge: [[2], [], [], [4], [], [7], [], [], [], [], [1], []]
Split indices:  [6, 8, 9, 11]
split sum:  4
merge sum:  4
Bin attrs post WEER:  <Bin at 0x16e4ad9a0, label=None, count=12, weight=1>
New weights:
 [0.16666667 0.04166667 0.04166667 0.04166667 0.04166667 0.04166667
 0.16666667 0.04166667 0.04166667 0.04166667 0.16666667 0.16666667]
Total = 12, splitting = 4, merging = 8
Iteration completed successfully
Iteration wallclock: 0:00:53.271597, cputime: 0:00:00


Thu Feb 20 12:56:29 2025
Iteration 2 (10 requested)
Beginning iteration 2
12 segments remain in iteration 2 (12 total)
1 of 1 (100.000000%) active bins are populated
per-bin minimum non-zero probability:       1
per-bin maximum probability:                1
per-bin probability dynamic range (kT):     0
per-segment minimum non-zero probability:   0.0416667
per-segment maximum non-zero probability:   0.166667
per-segment probability dynamic range (kT): 1.38629
norm = 1, error in norm = -2.22045e-16 (-1*epsilon)
Waiting for segments to complete...
WE weights: 
 [0.04166667 0.04166667 0.04166667 0.04166667 0.04166667 0.04166667
 0.04166667 0.04166667 0.16666667 0.16666667 0.16666667 0.16666667] 
weights sum:  0.9999999999999999
pcoords shape:  (12, 1)
curr data len:  12

# INFO ON THE DATASET
# Number of methyls:  116
# Number of rates:    3
# Number of blocks:   12
# Overall chi square: 628.15
# THETA: 100         
# Done! All minimizations terminated successfully
Skip save of results.pkl for temp testing
ABSURDer weights: 
 [0.07273747 0.14737074 0.04788421 0.07095545 0.02750291 0.11243951
 0.09513042 0.06826886 0.0703855  0.03809317 0.13140854 0.11782321]
ABSURDer phi_eff: 0.9072702949298217
current iteration:  2
WEER split: [0, 1, 0, 0, 0, 1, 0, 0, 0, 0, 1, 1]
WEER merge: [[], [], [], [6], [2], [], [], [8], [], [0], [], []]
Split indices:  [1, 5, 10, 11]
split sum:  4
merge sum:  3
Bin attrs post WEER:  <Bin at 0x16e4acc80, label=None, count=12, weight=1>
New weights:
 [0.20833333 0.02083333 0.08333333 0.02083333 0.02083333 0.08333333
 0.20833333 0.08333333 0.08333333 0.02083333 0.08333333 0.08333333]
Total = 12, splitting = 4, merging = 8
Iteration completed successfully
Iteration wallclock: 0:00:54.214068, cputime: 0:00:00


Thu Feb 20 12:57:24 2025
Iteration 3 (10 requested)
Beginning iteration 3
12 segments remain in iteration 3 (12 total)
1 of 1 (100.000000%) active bins are populated
per-bin minimum non-zero probability:       1
per-bin maximum probability:                1
per-bin probability dynamic range (kT):     0
per-segment minimum non-zero probability:   0.0208333
per-segment maximum non-zero probability:   0.208333
per-segment probability dynamic range (kT): 2.30259
norm = 1, error in norm = 0 (0*epsilon)
Waiting for segments to complete...
WE weights: 
 [0.02083333 0.02083333 0.02083333 0.02083333 0.08333333 0.08333333
 0.08333333 0.08333333 0.08333333 0.08333333 0.20833333 0.20833333] 
weights sum:  0.9999999999999998
pcoords shape:  (12, 1)
curr data len:  12

# INFO ON THE DATASET
# Number of methyls:  116
# Number of rates:    3
# Number of blocks:   12
# Overall chi square: 635.37
# THETA: 100         
# Done! All minimizations terminated successfully
Skip save of results.pkl for temp testing
ABSURDer weights: 
 [0.08067076 0.04015    0.08061785 0.05428564 0.04426158 0.1683603
 0.08111758 0.01794074 0.03676812 0.1140595  0.1722313  0.10953662]
ABSURDer phi_eff: 0.8491807660279813
current iteration:  3
WEER split: [0, 0, 0, 0, 0, 1, 0, 0, 0, 1, 1, 1]
WEER merge: [[], [2], [], [], [0], [], [], [6], [3], [], [], []]
Split indices:  [5, 9, 10, 11]
split sum:  4
merge sum:  3
Bin attrs post WEER:  <Bin at 0x16e4ad5e0, label=None, count=12, weight=1>
New weights:
 [0.10416667 0.10416667 0.04166667 0.04166667 0.10416667 0.04166667
 0.10416667 0.04166667 0.04166667 0.16666667 0.10416667 0.10416667]
Total = 12, splitting = 4, merging = 8
Iteration completed successfully
Iteration wallclock: 0:00:54.483366, cputime: 0:00:00


Thu Feb 20 12:58:18 2025
Iteration 4 (10 requested)
Beginning iteration 4
12 segments remain in iteration 4 (12 total)
1 of 1 (100.000000%) active bins are populated
per-bin minimum non-zero probability:       1
per-bin maximum probability:                1
per-bin probability dynamic range (kT):     0
per-segment minimum non-zero probability:   0.0416667
per-segment maximum non-zero probability:   0.166667
per-segment probability dynamic range (kT): 1.38629
norm = 1, error in norm = -2.22045e-16 (-1*epsilon)
Waiting for segments to complete...
WE weights: 
 [0.04166667 0.04166667 0.04166667 0.04166667 0.04166667 0.10416667
 0.10416667 0.10416667 0.10416667 0.10416667 0.10416667 0.16666667] 
weights sum:  0.9999999999999998
pcoords shape:  (12, 1)
curr data len:  12

# INFO ON THE DATASET
# Number of methyls:  116
# Number of rates:    3
# Number of blocks:   12
# Overall chi square: 638.04
# THETA: 100         
# Done! All minimizations terminated successfully
Skip save of results.pkl for temp testing
ABSURDer weights: 
 [0.07148825 0.0447663  0.14566009 0.08675619 0.05641449 0.06939297
 0.17655491 0.11240011 0.09086595 0.04761136 0.0633858  0.03470357]
ABSURDer phi_eff: 0.894940858078465
current iteration:  4
WEER split: [0, 0, 1, 0, 0, 0, 1, 1, 1, 0, 0, 0]
WEER merge: [[], [3], [], [], [], [], [], [], [], [5], [0], [4]]
Split indices:  [2, 6, 7, 8]
split sum:  4
merge sum:  3
Bin attrs post WEER:  <Bin at 0x16e4ac8c0, label=None, count=12, weight=1>
New weights:
 [0.08333333 0.05208333 0.02083333 0.05208333 0.20833333 0.05208333
 0.14583333 0.05208333 0.05208333 0.05208333 0.02083333 0.20833333]
Total = 12, splitting = 4, merging = 8
Iteration completed successfully
Iteration wallclock: 0:00:54.845582, cputime: 0:00:00


Thu Feb 20 12:59:13 2025
Iteration 5 (10 requested)
Beginning iteration 5
12 segments remain in iteration 5 (12 total)
1 of 1 (100.000000%) active bins are populated
per-bin minimum non-zero probability:       1
per-bin maximum probability:                1
per-bin probability dynamic range (kT):     0
per-segment minimum non-zero probability:   0.0208333
per-segment maximum non-zero probability:   0.208333
per-segment probability dynamic range (kT): 2.30259
norm = 1, error in norm = 0 (0*epsilon)
Waiting for segments to complete...
WE weights: 
 [0.02083333 0.02083333 0.05208333 0.05208333 0.05208333 0.05208333
 0.05208333 0.05208333 0.08333333 0.14583333 0.20833333 0.20833333] 
weights sum:  0.9999999999999998
pcoords shape:  (12, 1)
curr data len:  12

# INFO ON THE DATASET
# Number of methyls:  116
# Number of rates:    3
# Number of blocks:   12
# Overall chi square: 641.78
# THETA: 100         
# Done! All minimizations terminated successfully
Skip save of results.pkl for temp testing
ABSURDer weights: 
 [0.0404253  0.09511687 0.02214382 0.06324304 0.05363944 0.18377473
 0.05428152 0.05817085 0.09352323 0.15988359 0.11241272 0.06338487]
ABSURDer phi_eff: 0.8647226092944902
current iteration:  5
WEER split: [0, 1, 0, 0, 0, 1, 0, 0, 0, 1, 1, 0]
WEER merge: [[7], [], [3], [], [6], [], [], [], [], [], [], [8]]
Split indices:  [1, 5, 9, 10]
split sum:  4
merge sum:  4
Bin attrs post WEER:  <Bin at 0x16e4af110, label=None, count=12, weight=1>
New weights:
 [0.10416667 0.02604167 0.01041667 0.01041667 0.02604167 0.10416667
 0.10416667 0.07291667 0.07291667 0.07291667 0.10416667 0.29166667]
Total = 12, splitting = 4, merging = 8
Iteration completed successfully
Iteration wallclock: 0:00:54.757406, cputime: 0:00:00


Thu Feb 20 13:00:08 2025
Iteration 6 (10 requested)
Beginning iteration 6
12 segments remain in iteration 6 (12 total)
1 of 1 (100.000000%) active bins are populated
per-bin minimum non-zero probability:       1
per-bin maximum probability:                1
per-bin probability dynamic range (kT):     0
per-segment minimum non-zero probability:   0.0104167
per-segment maximum non-zero probability:   0.291667
per-segment probability dynamic range (kT): 3.3322
norm = 1, error in norm = -2.22045e-16 (-1*epsilon)
Waiting for segments to complete...
WE weights: 
 [0.01041667 0.01041667 0.02604167 0.02604167 0.07291667 0.07291667
 0.07291667 0.10416667 0.10416667 0.10416667 0.10416667 0.29166667] 
weights sum:  0.9999999999999998
pcoords shape:  (12, 1)
curr data len:  12

# INFO ON THE DATASET
# Number of methyls:  116
# Number of rates:    3
# Number of blocks:   12
# Overall chi square: 640.23
# THETA: 100         
# Done! All minimizations terminated successfully
Skip save of results.pkl for temp testing
ABSURDer weights: 
 [0.06232366 0.09754327 0.10592262 0.03021584 0.14701179 0.14762499
 0.10668452 0.06720692 0.0511267  0.08187165 0.05853534 0.04393271]
ABSURDer phi_eff: 0.9079670517001026
current iteration:  6
WEER split: [0, 0, 1, 0, 1, 1, 1, 0, 0, 0, 0, 0]
WEER merge: [[], [], [], [0], [], [], [], [9], [], [], [1], [8]]
Split indices:  [2, 4, 5, 6]
split sum:  4
merge sum:  3
Bin attrs post WEER:  <Bin at 0x16ec36f30, label=None, count=12, weight=1>
New weights:
 [0.39583333 0.03645833 0.03645833 0.20833333 0.03645833 0.03645833
 0.01302083 0.03645833 0.11458333 0.03645833 0.03645833 0.01302083]
Total = 12, splitting = 4, merging = 8
Iteration completed successfully
Iteration wallclock: 0:00:54.727116, cputime: 0:00:00


Thu Feb 20 13:01:02 2025
Iteration 7 (10 requested)
Beginning iteration 7
12 segments remain in iteration 7 (12 total)
1 of 1 (100.000000%) active bins are populated
per-bin minimum non-zero probability:       1
per-bin maximum probability:                1
per-bin probability dynamic range (kT):     0
per-segment minimum non-zero probability:   0.0130208
per-segment maximum non-zero probability:   0.395833
per-segment probability dynamic range (kT): 3.41444
norm = 1, error in norm = 0 (0*epsilon)
Waiting for segments to complete...
WE weights: 
 [0.01302083 0.01302083 0.03645833 0.03645833 0.03645833 0.03645833
 0.03645833 0.03645833 0.03645833 0.11458333 0.20833333 0.39583333] 
weights sum:  0.9999999999999998
pcoords shape:  (12, 1)
curr data len:  12

# INFO ON THE DATASET
# Number of methyls:  116
# Number of rates:    3
# Number of blocks:   12
# Overall chi square: 624.03
# THETA: 100         
# Done! All minimizations terminated successfully
Skip save of results.pkl for temp testing
ABSURDer weights: 
 [0.0283184  0.01785053 0.06201128 0.03645036 0.0534306  0.19455144
 0.07220942 0.05405726 0.04935166 0.09092407 0.25184085 0.08900414]
ABSURDer phi_eff: 0.765383694081471
current iteration:  7
WEER split: [0, 0, 0, 0, 0, 1, 0, 0, 0, 1, 1, 1]
WEER merge: [[], [0], [6], [8], [7], [], [], [], [], [], [], []]
Split indices:  [5, 9, 10, 11]
split sum:  4
merge sum:  3
Bin attrs post WEER:  <Bin at 0x16ec35220, label=None, count=12, weight=1>
New weights:
 [0.07291667 0.19791667 0.01822917 0.05729167 0.10416667 0.07291667
 0.02604167 0.19791667 0.01822917 0.07291667 0.10416667 0.05729167]
Total = 12, splitting = 4, merging = 8
Iteration completed successfully
Iteration wallclock: 0:00:53.969707, cputime: 0:00:00


Thu Feb 20 13:01:56 2025
Iteration 8 (10 requested)
Beginning iteration 8
12 segments remain in iteration 8 (12 total)
1 of 1 (100.000000%) active bins are populated
per-bin minimum non-zero probability:       1
per-bin maximum probability:                1
per-bin probability dynamic range (kT):     0
per-segment minimum non-zero probability:   0.0182292
per-segment maximum non-zero probability:   0.197917
per-segment probability dynamic range (kT): 2.38482
norm = 1, error in norm = -2.22045e-16 (-1*epsilon)
Waiting for segments to complete...
WE weights: 
 [0.01822917 0.01822917 0.02604167 0.05729167 0.05729167 0.07291667
 0.07291667 0.07291667 0.10416667 0.10416667 0.19791667 0.19791667] 
weights sum:  0.9999999999999998
pcoords shape:  (12, 1)
curr data len:  12

# INFO ON THE DATASET
# Number of methyls:  116
# Number of rates:    3
# Number of blocks:   12
# Overall chi square: 616.16
# THETA: 100         
# Done! All minimizations terminated successfully
Skip save of results.pkl for temp testing
ABSURDer weights: 
 [0.0218427  0.04768324 0.02860369 0.09484532 0.11929555 0.14944717
 0.25814239 0.10449563 0.04494569 0.08000577 0.00312824 0.0475646 ]
ABSURDer phi_eff: 0.7382462200356242
current iteration:  8
WEER split: [0, 0, 0, 0, 1, 1, 1, 1, 0, 0, 0, 0]
WEER merge: [[3], [], [9], [], [], [], [], [], [], [], [8], [1]]
Split indices:  [4, 5, 6, 7]
split sum:  4
merge sum:  4
Bin attrs post WEER:  <Bin at 0x16e4af200, label=None, count=12, weight=1>
New weights:
 [0.30208333 0.03645833 0.07552083 0.02864583 0.03645833 0.02864583
 0.03645833 0.03645833 0.03645833 0.13020833 0.21614583 0.03645833]
Total = 12, splitting = 4, merging = 8
Iteration completed successfully
Iteration wallclock: 0:00:53.842786, cputime: 0:00:00


Thu Feb 20 13:02:50 2025
Iteration 9 (10 requested)
Beginning iteration 9
12 segments remain in iteration 9 (12 total)
1 of 1 (100.000000%) active bins are populated
per-bin minimum non-zero probability:       1
per-bin maximum probability:                1
per-bin probability dynamic range (kT):     0
per-segment minimum non-zero probability:   0.0286458
per-segment maximum non-zero probability:   0.302083
per-segment probability dynamic range (kT): 2.35569
norm = 1, error in norm = -1.11022e-16 (-0.5*epsilon)
Waiting for segments to complete...
WE weights: 
 [0.02864583 0.02864583 0.03645833 0.03645833 0.03645833 0.03645833
 0.03645833 0.03645833 0.07552083 0.13020833 0.21614583 0.30208333] 
weights sum:  0.9999999999999998
pcoords shape:  (12, 1)
curr data len:  12

# INFO ON THE DATASET
# Number of methyls:  116
# Number of rates:    3
# Number of blocks:   12
# Overall chi square: 636.87
# THETA: 100         
# Done! All minimizations terminated successfully
Skip save of results.pkl for temp testing
ABSURDer weights: 
 [0.05373536 0.06974656 0.08734412 0.1208383  0.05832631 0.0452225
 0.09855858 0.1058914  0.0611663  0.24000883 0.04493754 0.01422419]
ABSURDer phi_eff: 0.82816364597586
current iteration:  9
WEER split: [0, 0, 0, 1, 0, 0, 1, 1, 0, 1, 0, 0]
WEER merge: [[2], [], [], [], [1], [], [], [], [], [], [5], [8]]
Split indices:  [3, 6, 7, 9]
split sum:  4
merge sum:  4
Bin attrs post WEER:  <Bin at 0x16e4afc50, label=None, count=12, weight=1>
New weights:
 [0.37760417 0.01822917 0.01822917 0.01822917 0.06510417 0.01822917
 0.06510417 0.25260417 0.01822917 0.06510417 0.01822917 0.06510417]
Total = 12, splitting = 4, merging = 8
Iteration completed successfully
Iteration wallclock: 0:00:54.060349, cputime: 0:00:00


Thu Feb 20 13:03:44 2025
Iteration 10 (10 requested)
Beginning iteration 10
12 segments remain in iteration 10 (12 total)
1 of 1 (100.000000%) active bins are populated
per-bin minimum non-zero probability:       1
per-bin maximum probability:                1
per-bin probability dynamic range (kT):     0
per-segment minimum non-zero probability:   0.0182292
per-segment maximum non-zero probability:   0.377604
per-segment probability dynamic range (kT): 3.03082
norm = 1, error in norm = -3.33067e-16 (-1.5*epsilon)
Waiting for segments to complete...
WE weights: 
 [0.01822917 0.01822917 0.01822917 0.01822917 0.01822917 0.01822917
 0.06510417 0.06510417 0.06510417 0.06510417 0.25260417 0.37760417] 
weights sum:  0.9999999999999998
pcoords shape:  (12, 1)
curr data len:  12

# INFO ON THE DATASET
# Number of methyls:  116
# Number of rates:    3
# Number of blocks:   12
# Overall chi square: 640.37
# THETA: 100         
# Done! All minimizations terminated successfully
Skip save of results.pkl for temp testing
ABSURDer weights: 
 [0.09402144 0.18728174 0.01238182 0.04860498 0.06759004 0.18973151
 0.06132462 0.07483532 0.10424979 0.02579834 0.07771634 0.05646407]
ABSURDer phi_eff: 0.8236750073036878
current iteration:  10
WEER split: [1, 1, 0, 0, 0, 1, 0, 0, 1, 0, 0, 0]
WEER merge: [[], [], [10], [11], [], [], [7], [], [], [4], [], []]
Split indices:  [0, 1, 5, 8]
split sum:  4
merge sum:  4
Bin attrs post WEER:  <Bin at 0x16e4af110, label=None, count=12, weight=1>
New weights:
 [0.03255208 0.00911458 0.08333333 0.00911458 0.03255208 0.27083333
 0.00911458 0.00911458 0.00911458 0.13020833 0.39583333 0.00911458]
Total = 12, splitting = 4, merging = 8
Iteration completed successfully
Iteration wallclock: 0:00:53.858161, cputime: 0:00:00


Thu Feb 20 13:04:38 2025
WEST run complete.
