Updating system with the options from the configuration file
SynD propagator inferring 101 steps per iteration from west.system.system_options.pcoord_len
Maximum wallclock time: 1 day, 0:00:00

Wed Apr  9 17:41:13 2025
Iteration 1 (50 requested)
Beginning iteration 1
6 segments remain in iteration 1 (6 total)
1 of 1 (100.000000%) active bins are populated
per-bin minimum non-zero probability:       1
per-bin maximum probability:                1
per-bin probability dynamic range (kT):     0
per-segment minimum non-zero probability:   0.166667
per-segment maximum non-zero probability:   0.166667
per-segment probability dynamic range (kT): 0
norm = 1, error in norm = -1.11022e-16 (-0.5*epsilon)
Waiting for segments to complete...
WE weights: 
 [0.16666667 0.16666667 0.16666667 0.16666667 0.16666667 0.16666667] 
weights sum:  0.9999999999999999
curr pcoords:
 [2.069511  1.794828  2.157887  1.9680191 2.0577059 1.7553203]
curr parent ids:
 [-1 -2 -5 -6 -4 -3]
curr parent wtg ids:
 [{-1} {-2} {-5} {-6} {-4} {-3}]
curr data len:  6

# INFO ON THE DATASET
# Number of methyls:  116
# Number of rates:    3
# Number of blocks:   6
# Overall chi square: 232.04
# THETA: 10         
# Done! All minimizations terminated successfully
Skip save of results.pkl for temp testing
ABSURDer weights: 
 [0.18397731 0.         0.02694284 0.         0.06550912 0.72357073]
ABSURDer weight change: 
 [ 0.01731064 -0.16666667 -0.13972383 -0.16666667 -0.10115754  0.55690406]
ABSURDer phi_eff: 0.3789851830773989
current iteration:  1
WEER split: [1, 0, 0, 0, 0, 1]
WEER merge: [[], [3], [4], [], [], []]
Split indices:  [0, 5]
split sum:  2
merge sum:  2
Bin attrs post WEER:  <Bin at 0x16d375040, label=None, count=6, weight=1>
New weights:
 [0.08333333 0.08333333 0.08333333 0.08333333 0.33333333 0.33333333]
Total = 6, splitting = 2, merging = 4
Iteration completed successfully
Iteration wallclock: 0:00:06.155202, cputime: 0:00:00


Wed Apr  9 17:41:19 2025
Iteration 2 (50 requested)
Beginning iteration 2
6 segments remain in iteration 2 (6 total)
1 of 1 (100.000000%) active bins are populated
per-bin minimum non-zero probability:       1
per-bin maximum probability:                1
per-bin probability dynamic range (kT):     0
per-segment minimum non-zero probability:   0.0833333
per-segment maximum non-zero probability:   0.333333
per-segment probability dynamic range (kT): 1.38629
norm = 1, error in norm = 0 (0*epsilon)
Waiting for segments to complete...
WE weights: 
 [0.08333333 0.08333333 0.08333333 0.08333333 0.33333333 0.33333333] 
weights sum:  1.0
curr pcoords:
 [1.7413903 2.0448494 1.9921677 1.8808635 2.0253942 2.1882546]
curr parent ids:
 [4 2 4 2 3 0]
curr parent wtg ids:
 [{4} {2} {4} {2} {1, 3} {0, 5}]
curr data len:  6

# INFO ON THE DATASET
# Number of methyls:  116
# Number of rates:    3
# Number of blocks:   6
# Overall chi square: 167.18
# THETA: 10         
# Done! All minimizations terminated successfully
Skip save of results.pkl for temp testing
ABSURDer weights: 
 [3.14842293e-01 2.95342674e-01 3.56206694e-06 0.00000000e+00
 4.07666166e-03 3.85734809e-01]
ABSURDer weight change: 
 [ 0.14817563  0.12867601 -0.1666631  -0.16666667 -0.16259001  0.21906814]
ABSURDer phi_eff: 0.5077497755266376
current iteration:  2
WEER split: [1, 0, 0, 0, 0, 1]
WEER merge: [[], [], [], [2], [1], []]
Split indices:  [0, 5]
split sum:  2
merge sum:  2
Bin attrs post WEER:  <Bin at 0x16f10c320, label=None, count=6, weight=1>
New weights:
 [0.04166667 0.16666667 0.16666667 0.04166667 0.16666667 0.41666667]
Total = 6, splitting = 2, merging = 4
Iteration completed successfully
Iteration wallclock: 0:00:06.027048, cputime: 0:00:00


Wed Apr  9 17:41:25 2025
Iteration 3 (50 requested)
Beginning iteration 3
6 segments remain in iteration 3 (6 total)
1 of 1 (100.000000%) active bins are populated
per-bin minimum non-zero probability:       1
per-bin maximum probability:                1
per-bin probability dynamic range (kT):     0
per-segment minimum non-zero probability:   0.0416667
per-segment maximum non-zero probability:   0.416667
per-segment probability dynamic range (kT): 2.30259
norm = 1, error in norm = 0 (0*epsilon)
Waiting for segments to complete...
WE weights: 
 [0.04166667 0.04166667 0.16666667 0.16666667 0.16666667 0.41666667] 
weights sum:  0.9999999999999999
curr pcoords:
 [1.8094784 1.9148268 2.1377237 2.1263294 2.3244312 2.032738 ]
curr parent ids:
 [2 2 3 5 5 4]
curr parent wtg ids:
 [{2} {2} {1, 3} {5} {5} {0, 4}]
curr data len:  6

# INFO ON THE DATASET
# Number of methyls:  116
# Number of rates:    3
# Number of blocks:   6
# Overall chi square: 213.22
# THETA: 10         
# Done! All minimizations terminated successfully
Skip save of results.pkl for temp testing
ABSURDer weights: 
 [0.         0.36438436 0.18414324 0.01248489 0.38948081 0.0495067 ]
ABSURDer weight change: 
 [-0.16666667  0.19771769  0.01747657 -0.15418178  0.22281414 -0.11715996]
ABSURDer phi_eff: 0.5818529653980604
current iteration:  3
WEER split: [0, 1, 0, 0, 1, 0]
WEER merge: [[5], [], [], [2], [], []]
Split indices:  [1, 4]
split sum:  2
merge sum:  2
Bin attrs post WEER:  <Bin at 0x16f1f1b80, label=None, count=6, weight=1>
New weights:
 [0.08333333 0.45833333 0.02083333 0.02083333 0.33333333 0.08333333]
Total = 6, splitting = 2, merging = 4
Iteration completed successfully
Iteration wallclock: 0:00:06.043569, cputime: 0:00:00


Wed Apr  9 17:41:31 2025
Iteration 4 (50 requested)
Beginning iteration 4
6 segments remain in iteration 4 (6 total)
1 of 1 (100.000000%) active bins are populated
per-bin minimum non-zero probability:       1
per-bin maximum probability:                1
per-bin probability dynamic range (kT):     0
per-segment minimum non-zero probability:   0.0208333
per-segment maximum non-zero probability:   0.458333
per-segment probability dynamic range (kT): 3.09104
norm = 1, error in norm = 0 (0*epsilon)
Waiting for segments to complete...
WE weights: 
 [0.02083333 0.02083333 0.08333333 0.08333333 0.33333333 0.45833333] 
weights sum:  1.0
curr pcoords:
 [1.8850459 1.9420607 2.03552   1.6615993 2.1830714 2.1806571]
curr parent ids:
 [0 0 4 4 2 3]
curr parent wtg ids:
 [{0} {0} {4} {4} {1, 2} {3, 5}]
curr data len:  6

# INFO ON THE DATASET
# Number of methyls:  116
# Number of rates:    3
# Number of blocks:   6
# Overall chi square: 216.38
# THETA: 10         
# Done! All minimizations terminated successfully
Skip save of results.pkl for temp testing
ABSURDer weights: 
 [2.73462153e-01 2.31257998e-03 6.17479620e-01 1.27444727e-03
 1.68402994e-08 1.05471183e-01]
ABSURDer weight change: 
 [ 0.10679549 -0.16435409  0.45081295 -0.16539222 -0.16666665 -0.06119548]
ABSURDer phi_eff: 0.41489530467699925
current iteration:  4
WEER split: [1, 0, 1, 0, 0, 0]
WEER merge: [[], [], [], [1], [5], []]
Split indices:  [0, 2]
split sum:  2
merge sum:  2
Bin attrs post WEER:  <Bin at 0x16f1c6300, label=None, count=6, weight=1>
New weights:
 [0.79166667 0.01041667 0.04166667 0.10416667 0.04166667 0.01041667]
Total = 6, splitting = 2, merging = 4
Iteration completed successfully
Iteration wallclock: 0:00:06.439388, cputime: 0:00:00


Wed Apr  9 17:41:38 2025
Iteration 5 (50 requested)
Beginning iteration 5
6 segments remain in iteration 5 (6 total)
1 of 1 (100.000000%) active bins are populated
per-bin minimum non-zero probability:       1
per-bin maximum probability:                1
per-bin probability dynamic range (kT):     0
per-segment minimum non-zero probability:   0.0104167
per-segment maximum non-zero probability:   0.791667
per-segment probability dynamic range (kT): 4.33073
norm = 1, error in norm = -2.22045e-16 (-1*epsilon)
Waiting for segments to complete...
WE weights: 
 [0.01041667 0.01041667 0.04166667 0.04166667 0.10416667 0.79166667] 
weights sum:  1.0
curr pcoords:
 [2.1882546 2.4730692 1.970791  2.1309783 1.7507865 2.0054092]
curr parent ids:
 [3 3 0 0 5 4]
curr parent wtg ids:
 [{3} {3} {0} {0} {2, 5} {1, 4}]
curr data len:  6

# INFO ON THE DATASET
# Number of methyls:  116
# Number of rates:    3
# Number of blocks:   6
# Overall chi square: 232.04
# THETA: 10         
# Done! All minimizations terminated successfully
Skip save of results.pkl for temp testing
ABSURDer weights: 
 [4.13734308e-03 6.69367145e-04 3.27813697e-03 5.37760930e-01
 1.25213989e-06 4.54152971e-01]
ABSURDer weight change: 
 [-0.16252932 -0.1659973  -0.16338853  0.37109426 -0.16666541  0.2874863 ]
ABSURDer phi_eff: 0.34877610770827533
current iteration:  5
WEER split: [0, 0, 0, 1, 0, 1]
WEER merge: [[], [0], [], [], [2], []]
Split indices:  [3, 5]
split sum:  2
merge sum:  1
Bin attrs post WEER:  <Bin at 0x16f6194f0, label=None, count=6, weight=1>
New weights:
 [0.02083333 0.14583333 0.39583333 0.02083333 0.02083333 0.39583333]
Total = 6, splitting = 2, merging = 4
Iteration completed successfully
Iteration wallclock: 0:00:06.228767, cputime: 0:00:00


Wed Apr  9 17:41:44 2025
Iteration 6 (50 requested)
Beginning iteration 6
6 segments remain in iteration 6 (6 total)
1 of 1 (100.000000%) active bins are populated
per-bin minimum non-zero probability:       1
per-bin maximum probability:                1
per-bin probability dynamic range (kT):     0
per-segment minimum non-zero probability:   0.0208333
per-segment maximum non-zero probability:   0.395833
per-segment probability dynamic range (kT): 2.94444
norm = 1, error in norm = 0 (0*epsilon)
Waiting for segments to complete...
WE weights: 
 [0.02083333 0.02083333 0.02083333 0.14583333 0.39583333 0.39583333] 
weights sum:  1.0
curr pcoords:
 [1.9354267 2.2506845 2.2058098 1.994853  1.8551781 2.0020633]
curr parent ids:
 [1 2 2 3 0 0]
curr parent wtg ids:
 [{1, 5} {2} {2} {3, 4} {0} {0}]
curr data len:  6

# INFO ON THE DATASET
# Number of methyls:  116
# Number of rates:    3
# Number of blocks:   6
# Overall chi square: 185.76
# THETA: 10         
# Done! All minimizations terminated successfully
Skip save of results.pkl for temp testing
ABSURDer weights: 
 [1.58493505e-07 2.13817745e-02 4.44024618e-01 7.76456089e-04
 5.33803044e-01 1.39486707e-05]
ABSURDer weight change: 
 [-0.16666651 -0.14528489  0.27735795 -0.16589021  0.36713638 -0.16665272]
ABSURDer phi_eff: 0.3648578109517904
current iteration:  6
WEER split: [0, 0, 1, 0, 1, 0]
WEER merge: [[3], [], [], [], [], [1]]
Split indices:  [2, 4]
split sum:  2
merge sum:  2
Bin attrs post WEER:  <Bin at 0x16f5af4d0, label=None, count=6, weight=1>
New weights:
 [0.01041667 0.01041667 0.19791667 0.41666667 0.19791667 0.16666667]
Total = 6, splitting = 2, merging = 4
Iteration completed successfully
Iteration wallclock: 0:00:06.137960, cputime: 0:00:00


Wed Apr  9 17:41:50 2025
Iteration 7 (50 requested)
Beginning iteration 7
6 segments remain in iteration 7 (6 total)
1 of 1 (100.000000%) active bins are populated
per-bin minimum non-zero probability:       1
per-bin maximum probability:                1
per-bin probability dynamic range (kT):     0
per-segment minimum non-zero probability:   0.0104167
per-segment maximum non-zero probability:   0.416667
per-segment probability dynamic range (kT): 3.68888
norm = 1, error in norm = -1.11022e-16 (-0.5*epsilon)
Waiting for segments to complete...
WE weights: 
 [0.01041667 0.01041667 0.16666667 0.19791667 0.19791667 0.41666667] 
weights sum:  0.9999999999999999
curr pcoords:
 [1.941993  1.8746071 1.980523  2.0483131 2.1557093 2.1596088]
curr parent ids:
 [4 4 1 2 2 5]
curr parent wtg ids:
 [{4} {4} {0, 1} {2} {2} {3, 5}]
curr data len:  6

# INFO ON THE DATASET
# Number of methyls:  116
# Number of rates:    3
# Number of blocks:   6
# Overall chi square: 245.35
# THETA: 10         
# Done! All minimizations terminated successfully
Skip save of results.pkl for temp testing
ABSURDer weights: 
 [1.51494254e-01 4.84674192e-06 4.07402267e-01 2.89330915e-01
 0.00000000e+00 1.51767718e-01]
ABSURDer weight change: 
 [-0.01517241 -0.16666182  0.2407356   0.12266425 -0.16666667 -0.01489895]
ABSURDer phi_eff: 0.6095688572721614
current iteration:  7
WEER split: [0, 0, 1, 1, 0, 0]
WEER merge: [[], [0], [], [], [5], []]
Split indices:  [2, 3]
split sum:  2
merge sum:  1
Bin attrs post WEER:  <Bin at 0x16f1c6300, label=None, count=6, weight=1>
New weights:
 [0.09895833 0.08333333 0.02083333 0.61458333 0.09895833 0.08333333]
Total = 6, splitting = 2, merging = 4
Iteration completed successfully
Iteration wallclock: 0:00:06.408328, cputime: 0:00:00


Wed Apr  9 17:41:56 2025
Iteration 8 (50 requested)
Beginning iteration 8
6 segments remain in iteration 8 (6 total)
1 of 1 (100.000000%) active bins are populated
per-bin minimum non-zero probability:       1
per-bin maximum probability:                1
per-bin probability dynamic range (kT):     0
per-segment minimum non-zero probability:   0.0208333
per-segment maximum non-zero probability:   0.614583
per-segment probability dynamic range (kT): 3.38439
norm = 1, error in norm = 0 (0*epsilon)
Waiting for segments to complete...
WE weights: 
 [0.02083333 0.08333333 0.08333333 0.09895833 0.09895833 0.61458333] 
weights sum:  0.9999999999999999
curr pcoords:
 [2.1236334 2.2278557 2.1222107 2.296365  1.9971538 2.0439808]
curr parent ids:
 [0 5 5 4 4 3]
curr parent wtg ids:
 [{0, 1} {5} {5} {4} {4} {2, 3}]
curr data len:  6

# INFO ON THE DATASET
# Number of methyls:  116
# Number of rates:    3
# Number of blocks:   6
# Overall chi square: 202.44
# THETA: 10         
# Done! All minimizations terminated successfully
Skip save of results.pkl for temp testing
ABSURDer weights: 
 [1.06080640e-01 9.65912495e-02 3.89664438e-01 3.10871658e-01
 9.65982952e-02 1.93719757e-04]
ABSURDer weight change: 
 [-0.06058603 -0.07007542  0.22299777  0.14420499 -0.07006837 -0.16647295]
ABSURDer phi_eff: 0.6906545589323702
current iteration:  8
WEER split: [0, 0, 1, 1, 0, 0]
WEER merge: [[], [0], [], [], [], [4]]
Split indices:  [2, 3]
split sum:  2
merge sum:  1
Bin attrs post WEER:  <Bin at 0x16f1c66c0, label=None, count=6, weight=1>
New weights:
 [0.04947917 0.04166667 0.71354167 0.04166667 0.10416667 0.04947917]
Total = 6, splitting = 2, merging = 4
Iteration completed successfully
Iteration wallclock: 0:00:06.540713, cputime: 0:00:00


Wed Apr  9 17:42:03 2025
Iteration 9 (50 requested)
Beginning iteration 9
6 segments remain in iteration 9 (6 total)
1 of 1 (100.000000%) active bins are populated
per-bin minimum non-zero probability:       1
per-bin maximum probability:                1
per-bin probability dynamic range (kT):     0
per-segment minimum non-zero probability:   0.0416667
per-segment maximum non-zero probability:   0.713542
per-segment probability dynamic range (kT): 2.84054
norm = 1, error in norm = -1.11022e-16 (-0.5*epsilon)
Waiting for segments to complete...
WE weights: 
 [0.04166667 0.04166667 0.04947917 0.04947917 0.10416667 0.71354167] 
weights sum:  1.0
curr pcoords:
 [2.3246632 1.7553203 2.1858678 1.8959196 2.1330075 2.1457376]
curr parent ids:
 [5 5 0 0 1 3]
curr parent wtg ids:
 [{5} {5} {0} {0} {1, 2} {3, 4}]
curr data len:  6

# INFO ON THE DATASET
# Number of methyls:  116
# Number of rates:    3
# Number of blocks:   6
# Overall chi square: 232.52
# THETA: 10         
# Done! All minimizations terminated successfully
Skip save of results.pkl for temp testing
ABSURDer weights: 
 [1.22827629e-03 4.87954072e-03 3.44384976e-01 1.51508179e-04
 8.54726100e-04 6.48500972e-01]
ABSURDer weight change: 
 [-0.16543839 -0.16178713  0.17771831 -0.16651516 -0.16581194  0.48183431]
ABSURDer phi_eff: 0.33213592391469704
current iteration:  9
WEER split: [0, 0, 1, 0, 0, 1]
WEER merge: [[], [], [], [1], [0], []]
Split indices:  [2, 5]
split sum:  2
merge sum:  1
Bin attrs post WEER:  <Bin at 0x16d3eea80, label=None, count=6, weight=1>
New weights:
 [0.02473958 0.02473958 0.35677083 0.14583333 0.35677083 0.09114583]
Total = 6, splitting = 2, merging = 4
Iteration completed successfully
Iteration wallclock: 0:00:06.165731, cputime: 0:00:00


Wed Apr  9 17:42:09 2025
Iteration 10 (50 requested)
Beginning iteration 10
6 segments remain in iteration 10 (6 total)
1 of 1 (100.000000%) active bins are populated
per-bin minimum non-zero probability:       1
per-bin maximum probability:                1
per-bin probability dynamic range (kT):     0
per-segment minimum non-zero probability:   0.0247396
per-segment maximum non-zero probability:   0.356771
per-segment probability dynamic range (kT): 2.66869
norm = 1, error in norm = -1.11022e-16 (-0.5*epsilon)
Waiting for segments to complete...
WE weights: 
 [0.02473958 0.02473958 0.09114583 0.14583333 0.35677083 0.35677083] 
weights sum:  1.0
curr pcoords:
 [1.5909102 2.027794  1.9554136 2.154155  1.6615993 2.0448494]
curr parent ids:
 [5 5 0 4 2 2]
curr parent wtg ids:
 [{5} {5} {0, 1} {3, 4} {2} {2}]
curr data len:  6

# INFO ON THE DATASET
# Number of methyls:  116
# Number of rates:    3
# Number of blocks:   6
# Overall chi square: 210.35
# THETA: 10         
# Done! All minimizations terminated successfully
Skip save of results.pkl for temp testing
ABSURDer weights: 
 [2.25600937e-02 3.27350076e-03 5.67267785e-01 1.81790115e-01
 4.89071065e-07 2.25108017e-01]
ABSURDer weight change: 
 [-0.14410657 -0.16339317  0.40060112  0.01512345 -0.16666618  0.05844135]
ABSURDer phi_eff: 0.4866179093752564
current iteration:  10
WEER split: [0, 0, 1, 0, 0, 1]
WEER merge: [[], [3], [], [], [0], []]
Split indices:  [2, 5]
split sum:  2
merge sum:  1
Bin attrs post WEER:  <Bin at 0x3300c4500, label=None, count=6, weight=1>
New weights:
 [0.38151042 0.04557292 0.17057292 0.04557292 0.17838542 0.17838542]
Total = 6, splitting = 2, merging = 4
Iteration completed successfully
Iteration wallclock: 0:00:06.441101, cputime: 0:00:00


Wed Apr  9 17:42:16 2025
Iteration 11 (50 requested)
Beginning iteration 11
6 segments remain in iteration 11 (6 total)
1 of 1 (100.000000%) active bins are populated
per-bin minimum non-zero probability:       1
per-bin maximum probability:                1
per-bin probability dynamic range (kT):     0
per-segment minimum non-zero probability:   0.0455729
per-segment maximum non-zero probability:   0.38151
per-segment probability dynamic range (kT): 2.12482
norm = 1, error in norm = -1.11022e-16 (-0.5*epsilon)
Waiting for segments to complete...
WE weights: 
 [0.04557292 0.04557292 0.17057292 0.17838542 0.17838542 0.38151042] 
weights sum:  0.9999999999999999
curr pcoords:
 [1.7201959 2.2947593 2.2408485 2.5197375 2.2257261 1.5707915]
curr parent ids:
 [5 5 3 2 2 4]
curr parent wtg ids:
 [{5} {5} {0, 3} {2} {2} {1, 4}]
curr data len:  6

# INFO ON THE DATASET
# Number of methyls:  116
# Number of rates:    3
# Number of blocks:   6
# Overall chi square: 221.25
# THETA: 10         
# Done! All minimizations terminated successfully
Skip save of results.pkl for temp testing
ABSURDer weights: 
 [7.17974918e-02 4.38108349e-01 1.24306631e-05 4.83708770e-01
 2.94371232e-08 6.37292931e-03]
ABSURDer weight change: 
 [-0.09486917  0.27144168 -0.16665424  0.3170421  -0.16666664 -0.16029374]
ABSURDer phi_eff: 0.4242548884543495
current iteration:  11
WEER split: [0, 1, 0, 1, 0, 0]
WEER merge: [[], [], [], [], [2], [0]]
Split indices:  [1, 3]
split sum:  2
merge sum:  1
Bin attrs post WEER:  <Bin at 0x330043f20, label=None, count=6, weight=1>
New weights:
 [0.08919271 0.02278646 0.42708333 0.02278646 0.08919271 0.34895833]
Total = 6, splitting = 2, merging = 4
Iteration completed successfully
Iteration wallclock: 0:00:06.556279, cputime: 0:00:00


Wed Apr  9 17:42:22 2025
Iteration 12 (50 requested)
Beginning iteration 12
6 segments remain in iteration 12 (6 total)
1 of 1 (100.000000%) active bins are populated
per-bin minimum non-zero probability:       1
per-bin maximum probability:                1
per-bin probability dynamic range (kT):     0
per-segment minimum non-zero probability:   0.0227865
per-segment maximum non-zero probability:   0.427083
per-segment probability dynamic range (kT): 2.93081
norm = 1, error in norm = 0 (0*epsilon)
Waiting for segments to complete...
WE weights: 
 [0.02278646 0.02278646 0.08919271 0.08919271 0.34895833 0.42708333] 
weights sum:  1.0
curr pcoords:
 [1.8224294 2.020369  2.3444917 2.1381192 2.2408485 1.9790081]
curr parent ids:
 [3 3 5 5 4 0]
curr parent wtg ids:
 [{3} {3} {5} {5} {2, 4} {0, 1}]
curr data len:  6

# INFO ON THE DATASET
# Number of methyls:  116
# Number of rates:    3
# Number of blocks:   6
# Overall chi square: 249.83
# THETA: 10         
# Done! All minimizations terminated successfully
Skip save of results.pkl for temp testing
ABSURDer weights: 
 [0.         0.27769841 0.00048823 0.4374076  0.19447002 0.08993573]
ABSURDer weight change: 
 [-0.16666667  0.11103175 -0.16617843  0.27074093  0.02780336 -0.07673094]
ABSURDer phi_eff: 0.5853815267793712
current iteration:  12
WEER split: [0, 1, 0, 1, 0, 0]
WEER merge: [[5], [], [4], [], [], []]
Split indices:  [1, 3]
split sum:  2
merge sum:  2
Bin attrs post WEER:  <Bin at 0x330029f40, label=None, count=6, weight=1>
New weights:
 [0.04459635 0.04459635 0.44986979 0.01139323 0.01139323 0.43815104]
Total = 6, splitting = 2, merging = 4
Iteration completed successfully
Iteration wallclock: 0:00:06.521790, cputime: 0:00:00


Wed Apr  9 17:42:29 2025
Iteration 13 (50 requested)
Beginning iteration 13
6 segments remain in iteration 13 (6 total)
1 of 1 (100.000000%) active bins are populated
per-bin minimum non-zero probability:       1
per-bin maximum probability:                1
per-bin probability dynamic range (kT):     0
per-segment minimum non-zero probability:   0.0113932
per-segment maximum non-zero probability:   0.44987
per-segment probability dynamic range (kT): 3.67594
norm = 1, error in norm = -1.11022e-16 (-0.5*epsilon)
Waiting for segments to complete...
WE weights: 
 [0.01139323 0.01139323 0.04459635 0.04459635 0.43815104 0.44986979] 
weights sum:  0.9999999999999999
curr pcoords:
 [2.2263694 1.981059  2.315579  2.1196113 2.2895637 2.0149438]
curr parent ids:
 [1 1 0 0 5 2]
curr parent wtg ids:
 [{1} {1} {0} {0} {4, 5} {2, 3}]
curr data len:  6

# INFO ON THE DATASET
# Number of methyls:  116
# Number of rates:    3
# Number of blocks:   6
# Overall chi square: 197.22
# THETA: 10         
# Done! All minimizations terminated successfully
Skip save of results.pkl for temp testing
ABSURDer weights: 
 [0.28031764 0.02728253 0.01470704 0.46303274 0.21466004 0.        ]
ABSURDer weight change: 
 [ 0.11365097 -0.13938413 -0.15195962  0.29636607  0.04799338 -0.16666667]
ABSURDer phi_eff: 0.5553725813941531
current iteration:  13
WEER split: [1, 0, 0, 1, 0, 0]
WEER merge: [[], [], [4], [], [], [1]]
Split indices:  [0, 3]
split sum:  2
merge sum:  2
Bin attrs post WEER:  <Bin at 0x3300c4500, label=None, count=6, weight=1>
New weights:
 [0.46126302 0.00569661 0.02229818 0.02229818 0.00569661 0.4827474 ]
Total = 6, splitting = 2, merging = 4
Iteration completed successfully
Iteration wallclock: 0:00:06.377393, cputime: 0:00:00


Wed Apr  9 17:42:35 2025
Iteration 14 (50 requested)
Beginning iteration 14
6 segments remain in iteration 14 (6 total)
1 of 1 (100.000000%) active bins are populated
per-bin minimum non-zero probability:       1
per-bin maximum probability:                1
per-bin probability dynamic range (kT):     0
per-segment minimum non-zero probability:   0.00569661
per-segment maximum non-zero probability:   0.482747
per-segment probability dynamic range (kT): 4.43962
norm = 1, error in norm = 0 (0*epsilon)
Waiting for segments to complete...
WE weights: 
 [0.00569661 0.00569661 0.02229818 0.02229818 0.46126302 0.4827474 ] 
weights sum:  1.0
curr pcoords:
 [2.0264466 2.067627  1.7470502 1.8553357 1.9223661 2.2408648]
curr parent ids:
 [4 4 0 0 2 5]
curr parent wtg ids:
 [{4} {4} {0} {0} {2, 3} {1, 5}]
curr data len:  6

# INFO ON THE DATASET
# Number of methyls:  116
# Number of rates:    3
# Number of blocks:   6
# Overall chi square: 226.85
# THETA: 10         
# Done! All minimizations terminated successfully
Skip save of results.pkl for temp testing
ABSURDer weights: 
 [2.02447560e-01 2.52158957e-04 0.00000000e+00 2.91986667e-05
 1.86322868e-01 6.10948214e-01]
ABSURDer weight change: 
 [ 0.03578089 -0.16641451 -0.16666667 -0.16663747  0.0196562   0.44428155]
ABSURDer phi_eff: 0.4266091531582517
current iteration:  14
WEER split: [1, 0, 0, 0, 0, 1]
WEER merge: [[], [4], [3], [], [], []]
Split indices:  [0, 5]
split sum:  2
merge sum:  2
Bin attrs post WEER:  <Bin at 0x330043f20, label=None, count=6, weight=1>
New weights:
 [0.00284831 0.46695964 0.00284831 0.04459635 0.2413737  0.2413737 ]
Total = 6, splitting = 2, merging = 4
Iteration completed successfully
Iteration wallclock: 0:00:06.481717, cputime: 0:00:00


Wed Apr  9 17:42:42 2025
Iteration 15 (50 requested)
Beginning iteration 15
6 segments remain in iteration 15 (6 total)
1 of 1 (100.000000%) active bins are populated
per-bin minimum non-zero probability:       1
per-bin maximum probability:                1
per-bin probability dynamic range (kT):     0
per-segment minimum non-zero probability:   0.00284831
per-segment maximum non-zero probability:   0.46696
per-segment probability dynamic range (kT): 5.09952
norm = 1, error in norm = -1.11022e-16 (-0.5*epsilon)
Waiting for segments to complete...
WE weights: 
 [0.00284831 0.00284831 0.04459635 0.2413737  0.2413737  0.46695964] 
weights sum:  0.9999999999999999
curr pcoords:
 [2.547796  2.0237253 1.7503746 2.1034572 1.9215261 1.9364493]
curr parent ids:
 [1 1 2 5 5 0]
curr parent wtg ids:
 [{1} {1} {2, 3} {5} {5} {0, 4}]
curr data len:  6

# INFO ON THE DATASET
# Number of methyls:  116
# Number of rates:    3
# Number of blocks:   6
# Overall chi square: 266.41
# THETA: 10         
# Done! All minimizations terminated successfully
Skip save of results.pkl for temp testing
ABSURDer weights: 
 [3.71996583e-01 1.89580156e-02 1.26613715e-05 1.01559754e-05
 5.64982394e-01 4.40401901e-02]
ABSURDer weight change: 
 [ 0.20532992 -0.14770865 -0.16665401 -0.16665651  0.39831573 -0.12262648]
ABSURDer phi_eff: 0.4113298150309525
current iteration:  15
WEER split: [1, 0, 0, 0, 1, 0]
WEER merge: [[], [], [5], [1], [], []]
Split indices:  [0, 4]
split sum:  2
merge sum:  2
Bin attrs post WEER:  <Bin at 0x3300c4500, label=None, count=6, weight=1>
New weights:
 [0.12068685 0.00142415 0.51155599 0.12068685 0.00142415 0.24422201]
Total = 6, splitting = 2, merging = 4
Iteration completed successfully
Iteration wallclock: 0:00:06.173189, cputime: 0:00:00


Wed Apr  9 17:42:48 2025
Iteration 16 (50 requested)
Beginning iteration 16
6 segments remain in iteration 16 (6 total)
1 of 1 (100.000000%) active bins are populated
per-bin minimum non-zero probability:       1
per-bin maximum probability:                1
per-bin probability dynamic range (kT):     0
per-segment minimum non-zero probability:   0.00142415
per-segment maximum non-zero probability:   0.511556
per-segment probability dynamic range (kT): 5.88388
norm = 1, error in norm = 0 (0*epsilon)
Waiting for segments to complete...
WE weights: 
 [0.00142415 0.00142415 0.12068685 0.12068685 0.24422201 0.51155599] 
weights sum:  0.9999999999999999
curr pcoords:
 [2.5525436 1.8163829 2.4209838 2.4169397 2.114453  2.2205875]
curr parent ids:
 [2 2 4 4 5 1]
curr parent wtg ids:
 [{2} {2} {4} {4} {0, 5} {1, 3}]
curr data len:  6

# INFO ON THE DATASET
# Number of methyls:  116
# Number of rates:    3
# Number of blocks:   6
# Overall chi square: 192.21
# THETA: 10         
# Done! All minimizations terminated successfully
Skip save of results.pkl for temp testing
ABSURDer weights: 
 [4.07127890e-01 3.05933144e-05 5.39807604e-01 3.50243763e-03
 7.52928993e-04 4.87785459e-02]
ABSURDer weight change: 
 [ 0.24046122 -0.16663607  0.37314094 -0.16316423 -0.16591374 -0.11788812]
ABSURDer phi_eff: 0.39843208049474377
current iteration:  16
WEER split: [1, 0, 1, 0, 0, 0]
WEER merge: [[], [4], [], [5], [], []]
Split indices:  [0, 2]
split sum:  2
merge sum:  2
Bin attrs post WEER:  <Bin at 0x16f1ccb90, label=None, count=6, weight=1>
New weights:
 [0.00071208 0.63224284 0.24564616 0.06034342 0.00071208 0.06034342]
Total = 6, splitting = 2, merging = 4
Iteration completed successfully
Iteration wallclock: 0:00:06.475083, cputime: 0:00:00


Wed Apr  9 17:42:54 2025
Iteration 17 (50 requested)
Beginning iteration 17
6 segments remain in iteration 17 (6 total)
1 of 1 (100.000000%) active bins are populated
per-bin minimum non-zero probability:       1
per-bin maximum probability:                1
per-bin probability dynamic range (kT):     0
per-segment minimum non-zero probability:   0.000712077
per-segment maximum non-zero probability:   0.632243
per-segment probability dynamic range (kT): 6.78884
norm = 1, error in norm = -2.22045e-16 (-1*epsilon)
Waiting for segments to complete...
WE weights: 
 [0.00071208 0.00071208 0.06034342 0.06034342 0.24564616 0.63224284] 
weights sum:  1.0
curr pcoords:
 [2.255324  2.0253942 2.0007784 2.0125852 1.7824827 1.7784902]
curr parent ids:
 [4 4 3 3 5 2]
curr parent wtg ids:
 [{4} {4} {3} {3} {1, 5} {0, 2}]
curr data len:  6

# INFO ON THE DATASET
# Number of methyls:  116
# Number of rates:    3
# Number of blocks:   6
# Overall chi square: 202.80
# THETA: 10         
# Done! All minimizations terminated successfully
Skip save of results.pkl for temp testing
ABSURDer weights: 
 [3.70388218e-06 6.05892826e-02 4.15283365e-01 2.99789781e-07
 3.69653989e-01 1.54469359e-01]
ABSURDer weight change: 
 [-0.16666296 -0.10607738  0.2486167  -0.16666637  0.20298732 -0.01219731]
ABSURDer phi_eff: 0.5485357170287992
current iteration:  17
WEER split: [0, 0, 1, 0, 1, 0]
WEER merge: [[5], [], [], [1], [], []]
Split indices:  [2, 4]
split sum:  2
merge sum:  2
Bin attrs post WEER:  <Bin at 0x16d3a25d0, label=None, count=6, weight=1>
New weights:
 [0.0610555  0.63295492 0.12282308 0.03017171 0.03017171 0.12282308]
Total = 6, splitting = 2, merging = 4
Iteration completed successfully
Iteration wallclock: 0:00:06.556366, cputime: 0:00:00


Wed Apr  9 17:43:01 2025
Iteration 18 (50 requested)
Beginning iteration 18
6 segments remain in iteration 18 (6 total)
1 of 1 (100.000000%) active bins are populated
per-bin minimum non-zero probability:       1
per-bin maximum probability:                1
per-bin probability dynamic range (kT):     0
per-segment minimum non-zero probability:   0.0301717
per-segment maximum non-zero probability:   0.632955
per-segment probability dynamic range (kT): 3.04349
norm = 1, error in norm = 0 (0*epsilon)
Waiting for segments to complete...
WE weights: 
 [0.03017171 0.03017171 0.0610555  0.12282308 0.12282308 0.63295492] 
weights sum:  0.9999999999999999
curr pcoords:
 [1.8193185 2.6266105 2.165571  1.8250191 1.849462  1.7972816]
curr parent ids:
 [3 3 5 2 2 1]
curr parent wtg ids:
 [{3} {3} {4, 5} {2} {2} {0, 1}]
curr data len:  6

# INFO ON THE DATASET
# Number of methyls:  116
# Number of rates:    3
# Number of blocks:   6
# Overall chi square: 209.70
# THETA: 10         
# Done! All minimizations terminated successfully
Skip save of results.pkl for temp testing
ABSURDer weights: 
 [0.00000000e+00 6.73653217e-01 2.83262572e-08 1.49238603e-01
 1.76717506e-01 3.90645846e-04]
ABSURDer weight change: 
 [-0.16666667  0.50698655 -0.16666664 -0.01742806  0.01005084 -0.16627602]
ABSURDer phi_eff: 0.3936066651254376
current iteration:  18
WEER split: [0, 1, 0, 0, 1, 0]
WEER merge: [[3], [], [5], [], [], []]
Split indices:  [1, 4]
split sum:  2
merge sum:  2
Bin attrs post WEER:  <Bin at 0x16f0c7f20, label=None, count=6, weight=1>
New weights:
 [0.01508586 0.06141154 0.06141154 0.01508586 0.15299479 0.69401042]
Total = 6, splitting = 2, merging = 4
Iteration completed successfully
Iteration wallclock: 0:00:06.615441, cputime: 0:00:00


Wed Apr  9 17:43:07 2025
Iteration 19 (50 requested)
Beginning iteration 19
6 segments remain in iteration 19 (6 total)
1 of 1 (100.000000%) active bins are populated
per-bin minimum non-zero probability:       1
per-bin maximum probability:                1
per-bin probability dynamic range (kT):     0
per-segment minimum non-zero probability:   0.0150859
per-segment maximum non-zero probability:   0.69401
per-segment probability dynamic range (kT): 3.82873
norm = 1, error in norm = 0 (0*epsilon)
Waiting for segments to complete...
WE weights: 
 [0.01508586 0.01508586 0.06141154 0.06141154 0.15299479 0.69401042] 
weights sum:  1.0
curr pcoords:
 [2.9439778 2.3935127 1.7867041 1.7351443 2.0064974 1.8296833]
curr parent ids:
 [4 4 5 5 2 1]
curr parent wtg ids:
 [{4} {4} {5} {5} {2, 3} {0, 1}]
curr data len:  6

# INFO ON THE DATASET
# Number of methyls:  116
# Number of rates:    3
# Number of blocks:   6
# Overall chi square: 205.17
# THETA: 10         
# Done! All minimizations terminated successfully
Skip save of results.pkl for temp testing
ABSURDer weights: 
 [0.24241636 0.         0.02628824 0.         0.46918331 0.26211209]
ABSURDer weight change: 
 [ 0.0757497  -0.16666667 -0.14037843 -0.16666667  0.30251664  0.09544542]
ABSURDer phi_eff: 0.5238474760668556
current iteration:  19
WEER split: [0, 0, 0, 0, 1, 1]
WEER merge: [[], [0], [], [2], [], []]
Split indices:  [4, 5]
split sum:  2
merge sum:  1
Bin attrs post WEER:  <Bin at 0x16f1ccb90, label=None, count=6, weight=1>
New weights:
 [0.0764974  0.34700521 0.12282308 0.03017171 0.34700521 0.0764974 ]
Total = 6, splitting = 2, merging = 4
Iteration completed successfully
Iteration wallclock: 0:00:06.694437, cputime: 0:00:00


Wed Apr  9 17:43:14 2025
Iteration 20 (50 requested)
Beginning iteration 20
6 segments remain in iteration 20 (6 total)
1 of 1 (100.000000%) active bins are populated
per-bin minimum non-zero probability:       1
per-bin maximum probability:                1
per-bin probability dynamic range (kT):     0
per-segment minimum non-zero probability:   0.0301717
per-segment maximum non-zero probability:   0.347005
per-segment probability dynamic range (kT): 2.44243
norm = 1, error in norm = 0 (0*epsilon)
Waiting for segments to complete...
WE weights: 
 [0.03017171 0.0764974  0.0764974  0.12282308 0.34700521 0.34700521] 
weights sum:  1.0
curr pcoords:
 [2.0745542 2.2405195 2.1899884 1.8821945 2.8589916 1.9514853]
curr parent ids:
 [0 4 4 2 5 5]
curr parent wtg ids:
 [{0, 3} {4} {4} {1, 2} {5} {5}]
curr data len:  6

# INFO ON THE DATASET
# Number of methyls:  116
# Number of rates:    3
# Number of blocks:   6
# Overall chi square: 219.81
# THETA: 10         
# Done! All minimizations terminated successfully
Skip save of results.pkl for temp testing
ABSURDer weights: 
 [0.3997754  0.         0.15784979 0.         0.27201279 0.17036202]
ABSURDer weight change: 
 [ 0.23310873 -0.16666667 -0.00881688 -0.16666667  0.10534613  0.00369535]
ABSURDer phi_eff: 0.619917257258037
current iteration:  20
WEER split: [1, 0, 0, 0, 1, 0]
WEER merge: [[], [2], [], [5], [], []]
Split indices:  [0, 4]
split sum:  2
merge sum:  2
Bin attrs post WEER:  <Bin at 0x16f0f6030, label=None, count=6, weight=1>
New weights:
 [0.1735026  0.01508586 0.1735026  0.46982829 0.15299479 0.01508586]
Total = 6, splitting = 2, merging = 4
Iteration completed successfully
Iteration wallclock: 0:00:06.605890, cputime: 0:00:00


Wed Apr  9 17:43:21 2025
Iteration 21 (50 requested)
Beginning iteration 21
6 segments remain in iteration 21 (6 total)
1 of 1 (100.000000%) active bins are populated
per-bin minimum non-zero probability:       1
per-bin maximum probability:                1
per-bin probability dynamic range (kT):     0
per-segment minimum non-zero probability:   0.0150859
per-segment maximum non-zero probability:   0.469828
per-segment probability dynamic range (kT): 3.43861
norm = 1, error in norm = -1.11022e-16 (-0.5*epsilon)
Waiting for segments to complete...
WE weights: 
 [0.01508586 0.01508586 0.15299479 0.1735026  0.1735026  0.46982829] 
weights sum:  0.9999999999999999
curr pcoords:
 [1.8871064 2.4311852 2.0007784 1.8612341 2.296365  2.003802 ]
curr parent ids:
 [3 3 0 4 4 1]
curr parent wtg ids:
 [{3} {3} {0, 5} {4} {4} {1, 2}]
curr data len:  6

# INFO ON THE DATASET
# Number of methyls:  116
# Number of rates:    3
# Number of blocks:   6
# Overall chi square: 230.57
# THETA: 10         
# Done! All minimizations terminated successfully
Skip save of results.pkl for temp testing
ABSURDer weights: 
 [1.55382990e-01 3.39763558e-07 0.00000000e+00 7.43274500e-01
 4.64447317e-05 1.01295725e-01]
ABSURDer weight change: 
 [-0.01128368 -0.16666633 -0.16666667  0.57660783 -0.16662022 -0.06537094]
ABSURDer phi_eff: 0.3501024897404894
current iteration:  21
WEER split: [1, 0, 0, 1, 0, 0]
WEER merge: [[], [4], [5], [], [], []]
Split indices:  [0, 3]
split sum:  2
merge sum:  2
Bin attrs post WEER:  <Bin at 0x16f1ccb90, label=None, count=6, weight=1>
New weights:
 [0.0867513  0.00754293 0.00754293 0.18858846 0.62282308 0.0867513 ]
Total = 6, splitting = 2, merging = 4
Iteration completed successfully
Iteration wallclock: 0:00:06.621035, cputime: 0:00:00


Wed Apr  9 17:43:27 2025
Iteration 22 (50 requested)
Beginning iteration 22
6 segments remain in iteration 22 (6 total)
1 of 1 (100.000000%) active bins are populated
per-bin minimum non-zero probability:       1
per-bin maximum probability:                1
per-bin probability dynamic range (kT):     0
per-segment minimum non-zero probability:   0.00754293
per-segment maximum non-zero probability:   0.622823
per-segment probability dynamic range (kT): 4.41365
norm = 1, error in norm = -1.11022e-16 (-0.5*epsilon)
Waiting for segments to complete...
WE weights: 
 [0.00754293 0.00754293 0.0867513  0.0867513  0.18858846 0.62282308] 
weights sum:  0.9999999999999999
curr pcoords:
 [1.908347  1.9420607 1.7201959 1.8566387 1.9727944 2.079225 ]
curr parent ids:
 [1 1 2 2 0 3]
curr parent wtg ids:
 [{1} {1} {2} {2} {0, 5} {3, 4}]
curr data len:  6

# INFO ON THE DATASET
# Number of methyls:  116
# Number of rates:    3
# Number of blocks:   6
# Overall chi square: 217.12
# THETA: 10         
# Done! All minimizations terminated successfully
Skip save of results.pkl for temp testing
ABSURDer weights: 
 [2.71948446e-07 5.70986715e-01 1.05867700e-01 1.89465610e-05
 2.23999696e-06 3.23124127e-01]
ABSURDer weight change: 
 [-0.16666639  0.40432005 -0.06079897 -0.16664772 -0.16666443  0.15645746]
ABSURDer phi_eff: 0.41946586022970317
current iteration:  22
WEER split: [0, 1, 0, 0, 0, 1]
WEER merge: [[3], [], [], [], [2], []]
Split indices:  [1, 5]
split sum:  2
merge sum:  2
Bin attrs post WEER:  <Bin at 0x16f09bf20, label=None, count=6, weight=1>
New weights:
 [0.00377146 0.31141154 0.27533976 0.00377146 0.31141154 0.09429423]
Total = 6, splitting = 2, merging = 4
Iteration completed successfully
Iteration wallclock: 0:00:06.453853, cputime: 0:00:00


Wed Apr  9 17:43:34 2025
Iteration 23 (50 requested)
Beginning iteration 23
6 segments remain in iteration 23 (6 total)
1 of 1 (100.000000%) active bins are populated
per-bin minimum non-zero probability:       1
per-bin maximum probability:                1
per-bin probability dynamic range (kT):     0
per-segment minimum non-zero probability:   0.00377146
per-segment maximum non-zero probability:   0.311412
per-segment probability dynamic range (kT): 4.41365
norm = 1, error in norm = -1.11022e-16 (-0.5*epsilon)
Waiting for segments to complete...
WE weights: 
 [0.00377146 0.00377146 0.09429423 0.27533976 0.31141154 0.31141154] 
weights sum:  0.9999999999999999
curr pcoords:
 [2.2405195 1.9293809 2.3327734 2.2557018 2.2405195 2.1218889]
curr parent ids:
 [2 2 5 3 4 4]
curr parent wtg ids:
 [{2} {2} {1, 5} {0, 3} {4} {4}]
curr data len:  6

# INFO ON THE DATASET
# Number of methyls:  116
# Number of rates:    3
# Number of blocks:   6
# Overall chi square: 216.38
# THETA: 10         
# Done! All minimizations terminated successfully
Skip save of results.pkl for temp testing
ABSURDer weights: 
 [3.33333145e-01 3.33333145e-01 9.81727188e-07 3.33332729e-01
 0.00000000e+00 0.00000000e+00]
ABSURDer weight change: 
 [ 0.16666648  0.16666648 -0.16666568  0.16666606 -0.16666667 -0.16666667]
ABSURDer phi_eff: 0.5000067422235329
current iteration:  23
WEER split: [1, 1, 0, 0, 0, 0]
WEER merge: [[], [], [], [], [3], [2]]
Split indices:  [0, 1]
split sum:  2
merge sum:  2
Bin attrs post WEER:  <Bin at 0x16d43ab70, label=None, count=6, weight=1>
New weights:
 [0.5867513  0.00188573 0.00188573 0.40570577 0.00188573 0.00188573]
Total = 6, splitting = 2, merging = 4
Iteration completed successfully
Iteration wallclock: 0:00:06.445645, cputime: 0:00:00


Wed Apr  9 17:43:40 2025
Iteration 24 (50 requested)
Beginning iteration 24
6 segments remain in iteration 24 (6 total)
1 of 1 (100.000000%) active bins are populated
per-bin minimum non-zero probability:       1
per-bin maximum probability:                1
per-bin probability dynamic range (kT):     0
per-segment minimum non-zero probability:   0.00188573
per-segment maximum non-zero probability:   0.586751
per-segment probability dynamic range (kT): 5.74028
norm = 1, error in norm = 0 (0*epsilon)
Waiting for segments to complete...
WE weights: 
 [0.00188573 0.00188573 0.00188573 0.00188573 0.40570577 0.5867513 ] 
weights sum:  0.9999999999999998
curr pcoords:
 [2.0125852 2.0159206 2.0447516 1.9049369 2.2212532 2.089956 ]
curr parent ids:
 [3 3 0 0 4 2]
curr parent wtg ids:
 [{3} {3} {0} {0} {4, 5} {1, 2}]
curr data len:  6

# INFO ON THE DATASET
# Number of methyls:  116
# Number of rates:    3
# Number of blocks:   6
# Overall chi square: 229.98
# THETA: 10         
# Done! All minimizations terminated successfully
Skip save of results.pkl for temp testing
ABSURDer weights: 
 [1.10044655e-01 3.63039710e-01 5.01173405e-02 4.11789203e-04
 4.23130501e-01 5.32560043e-02]
ABSURDer weight change: 
 [-0.05662201  0.19637304 -0.11654933 -0.16625488  0.25646383 -0.11341066]
ABSURDer phi_eff: 0.6018647313805993
current iteration:  24
WEER split: [0, 1, 0, 0, 1, 0]
WEER merge: [[], [], [5], [0], [], []]
Split indices:  [1, 4]
split sum:  2
merge sum:  1
Bin attrs post WEER:  <Bin at 0x16d3e85f0, label=None, count=6, weight=1>
New weights:
 [0.20285288 0.00377146 0.20285288 0.58863703 0.00094287 0.00094287]
Total = 6, splitting = 2, merging = 4
Iteration completed successfully
Iteration wallclock: 0:00:06.736204, cputime: 0:00:00


Wed Apr  9 17:43:47 2025
Iteration 25 (50 requested)
Beginning iteration 25
6 segments remain in iteration 25 (6 total)
1 of 1 (100.000000%) active bins are populated
per-bin minimum non-zero probability:       1
per-bin maximum probability:                1
per-bin probability dynamic range (kT):     0
per-segment minimum non-zero probability:   0.000942866
per-segment maximum non-zero probability:   0.588637
per-segment probability dynamic range (kT): 6.43664
norm = 1, error in norm = -2.22045e-16 (-1*epsilon)
Waiting for segments to complete...
WE weights: 
 [0.00094287 0.00094287 0.00377146 0.20285288 0.20285288 0.58863703] 
weights sum:  0.9999999999999999
curr pcoords:
 [1.778356  1.8089789 2.1377237 2.2970629 2.0959475 1.726145 ]
curr parent ids:
 [2 2 4 3 3 0]
curr parent wtg ids:
 [{2} {2} {4, 5} {3} {3} {0, 1}]
curr data len:  6

# INFO ON THE DATASET
# Number of methyls:  116
# Number of rates:    3
# Number of blocks:   6
# Overall chi square: 237.49
# THETA: 10         
# Done! All minimizations terminated successfully
Skip save of results.pkl for temp testing
ABSURDer weights: 
 [3.64303335e-07 3.63306731e-01 4.89643869e-05 4.74291759e-01
 1.60205109e-01 2.14707210e-03]
ABSURDer weight change: 
 [-0.1666663   0.19664006 -0.1666177   0.30762509 -0.00646156 -0.16451959]
ABSURDer phi_eff: 0.4662408214748957
current iteration:  25
WEER split: [0, 1, 0, 1, 0, 0]
WEER merge: [[5], [], [4], [], [], []]
Split indices:  [1, 3]
split sum:  2
merge sum:  2
Bin attrs post WEER:  <Bin at 0x16f09e030, label=None, count=6, weight=1>
New weights:
 [1.01426442e-01 5.89579900e-01 2.06624349e-01 1.01426442e-01
 4.71433004e-04 4.71433004e-04]
Total = 6, splitting = 2, merging = 4
Iteration completed successfully
Iteration wallclock: 0:00:06.857721, cputime: 0:00:00


Wed Apr  9 17:43:54 2025
Iteration 26 (50 requested)
Beginning iteration 26
6 segments remain in iteration 26 (6 total)
1 of 1 (100.000000%) active bins are populated
per-bin minimum non-zero probability:       1
per-bin maximum probability:                1
per-bin probability dynamic range (kT):     0
per-segment minimum non-zero probability:   0.000471433
per-segment maximum non-zero probability:   0.58958
per-segment probability dynamic range (kT): 7.13139
norm = 1, error in norm = -2.22045e-16 (-1*epsilon)
Waiting for segments to complete...
WE weights: 
 [4.71433004e-04 4.71433004e-04 1.01426442e-01 1.01426442e-01
 2.06624349e-01 5.89579900e-01] 
weights sum:  0.9999999999999999
curr pcoords:
 [1.8850459 1.7824827 2.023216  2.1738088 1.970791  1.8746071]
curr parent ids:
 [5 5 2 2 0 3]
curr parent wtg ids:
 [{5} {5} {2} {2} {0, 1} {3, 4}]
curr data len:  6

# INFO ON THE DATASET
# Number of methyls:  116
# Number of rates:    3
# Number of blocks:   6
# Overall chi square: 202.12
# THETA: 10         
# Done! All minimizations terminated successfully
Skip save of results.pkl for temp testing
ABSURDer weights: 
 [5.72268283e-05 1.74598358e-02 6.52127886e-02 9.15540174e-01
 1.71559927e-03 1.43752365e-05]
ABSURDer weight change: 
 [-0.16660944 -0.14920683 -0.10145388  0.74887351 -0.16495107 -0.16665229]
ABSURDer phi_eff: 0.2344261224719402
current iteration:  26
WEER split: [0, 0, 1, 1, 0, 0]
WEER merge: [[], [], [], [], [1], [0]]
Split indices:  [2, 3]
split sum:  2
merge sum:  1
Bin attrs post WEER:  <Bin at 0x16f5c3f20, label=None, count=6, weight=1>
New weights:
 [0.05071322 0.05071322 0.05071322 0.05071322 0.20709578 0.59005133]
Total = 6, splitting = 2, merging = 4
Iteration completed successfully
Iteration wallclock: 0:00:06.474723, cputime: 0:00:00


Wed Apr  9 17:44:00 2025
Iteration 27 (50 requested)
Beginning iteration 27
6 segments remain in iteration 27 (6 total)
1 of 1 (100.000000%) active bins are populated
per-bin minimum non-zero probability:       1
per-bin maximum probability:                1
per-bin probability dynamic range (kT):     0
per-segment minimum non-zero probability:   0.0507132
per-segment maximum non-zero probability:   0.590051
per-segment probability dynamic range (kT): 2.45402
norm = 1, error in norm = -1.11022e-16 (-0.5*epsilon)
Waiting for segments to complete...
WE weights: 
 [0.05071322 0.05071322 0.05071322 0.05071322 0.20709578 0.59005133] 
weights sum:  0.9999999999999999
curr pcoords:
 [2.553221 2.320927 2.042406 2.470264 2.072375 1.786   ]
curr parent ids:
 [3 3 0 0 2 1]
curr parent wtg ids:
 [{3} {3} {0} {0} {2, 5} {1, 4}]
curr data len:  6

# INFO ON THE DATASET
# Number of methyls:  116
# Number of rates:    3
# Number of blocks:   6
# Overall chi square: 186.55
# THETA: 10         
# Done! All minimizations terminated successfully
Skip save of results.pkl for temp testing
ABSURDer weights: 
 [1.62234547e-04 1.18276091e-06 0.00000000e+00 8.94328038e-01
 1.05507804e-01 7.40851166e-07]
ABSURDer weight change: 
 [-0.16650443 -0.16666548 -0.16666667  0.72766137 -0.06115886 -0.16666593]
ABSURDer phi_eff: 0.23383201720518118
current iteration:  27
WEER split: [0, 0, 0, 1, 1, 0]
WEER merge: [[], [0], [5], [], [], []]
Split indices:  [3, 4]
split sum:  2
merge sum:  1
Bin attrs post WEER:  <Bin at 0x16d43ab70, label=None, count=6, weight=1>
New weights:
 [0.64076455 0.10354789 0.10142644 0.02535661 0.10354789 0.02535661]
Total = 6, splitting = 2, merging = 4
Iteration completed successfully
Iteration wallclock: 0:00:06.689693, cputime: 0:00:00


Wed Apr  9 17:44:07 2025
Iteration 28 (50 requested)
Beginning iteration 28
6 segments remain in iteration 28 (6 total)
1 of 1 (100.000000%) active bins are populated
per-bin minimum non-zero probability:       1
per-bin maximum probability:                1
per-bin probability dynamic range (kT):     0
per-segment minimum non-zero probability:   0.0253566
per-segment maximum non-zero probability:   0.640765
per-segment probability dynamic range (kT): 3.22962
norm = 1, error in norm = -1.11022e-16 (-0.5*epsilon)
Waiting for segments to complete...
WE weights: 
 [0.02535661 0.02535661 0.10142644 0.10354789 0.10354789 0.64076455] 
weights sum:  0.9999999999999998
curr pcoords:
 [2.2694914 2.020369  2.1452043 2.166263  2.1098335 2.1388068]
curr parent ids:
 [2 2 0 4 4 5]
curr parent wtg ids:
 [{2} {2} {0, 3} {4} {4} {1, 5}]
curr data len:  6

# INFO ON THE DATASET
# Number of methyls:  116
# Number of rates:    3
# Number of blocks:   6
# Overall chi square: 220.88
# THETA: 10         
# Done! All minimizations terminated successfully
Skip save of results.pkl for temp testing
ABSURDer weights: 
 [1.19930231e-05 3.18510473e-03 2.07251577e-02 0.00000000e+00
 1.33749356e-02 9.62702809e-01]
ABSURDer weight change: 
 [-0.16665467 -0.16348156 -0.14594151 -0.16666667 -0.15329173  0.79603614]
ABSURDer phi_eff: 0.20216418719635323
current iteration:  28
WEER split: [0, 0, 1, 0, 0, 1]
WEER merge: [[1], [], [], [4], [], []]
Split indices:  [2, 5]
split sum:  2
merge sum:  2
Bin attrs post WEER:  <Bin at 0x16f5c3f20, label=None, count=6, weight=1>
New weights:
 [0.32038228 0.05071322 0.20709578 0.05071322 0.32038228 0.05071322]
Total = 6, splitting = 2, merging = 4
Iteration completed successfully
Iteration wallclock: 0:00:06.854650, cputime: 0:00:00


Wed Apr  9 17:44:14 2025
Iteration 29 (50 requested)
Beginning iteration 29
6 segments remain in iteration 29 (6 total)
1 of 1 (100.000000%) active bins are populated
per-bin minimum non-zero probability:       1
per-bin maximum probability:                1
per-bin probability dynamic range (kT):     0
per-segment minimum non-zero probability:   0.0507132
per-segment maximum non-zero probability:   0.320382
per-segment probability dynamic range (kT): 1.84333
norm = 1, error in norm = -2.22045e-16 (-1*epsilon)
Waiting for segments to complete...
WE weights: 
 [0.05071322 0.05071322 0.05071322 0.20709578 0.32038228 0.32038228] 
weights sum:  0.9999999999999999
curr pcoords:
 [2.3130245 1.9570746 2.1812778 1.6718028 2.1956847 2.3031676]
curr parent ids:
 [2 2 3 1 0 0]
curr parent wtg ids:
 [{2} {2} {3, 5} {1, 4} {0} {0}]
curr data len:  6

# INFO ON THE DATASET
# Number of methyls:  116
# Number of rates:    3
# Number of blocks:   6
# Overall chi square: 199.08
# THETA: 10         
# Done! All minimizations terminated successfully
Skip save of results.pkl for temp testing
ABSURDer weights: 
 [4.16746750e-01 8.56682701e-07 3.57794743e-01 6.42352293e-05
 1.88872373e-05 2.25374527e-01]
ABSURDer weight change: 
 [ 0.25008008 -0.16666581  0.19112808 -0.16660243 -0.16664778  0.05870786]
ABSURDer phi_eff: 0.4854848308085205
current iteration:  29
WEER split: [1, 0, 1, 0, 0, 0]
WEER merge: [[], [4], [], [5], [], []]
Split indices:  [0, 2]
split sum:  2
merge sum:  2
Bin attrs post WEER:  <Bin at 0x16f5c3020, label=None, count=6, weight=1>
New weights:
 [0.3710955  0.02535661 0.02535661 0.52747806 0.02535661 0.02535661]
Total = 6, splitting = 2, merging = 4
Iteration completed successfully
Iteration wallclock: 0:00:06.902277, cputime: 0:00:00


Wed Apr  9 17:44:21 2025
Iteration 30 (50 requested)
Beginning iteration 30
6 segments remain in iteration 30 (6 total)
1 of 1 (100.000000%) active bins are populated
per-bin minimum non-zero probability:       1
per-bin maximum probability:                1
per-bin probability dynamic range (kT):     0
per-segment minimum non-zero probability:   0.0253566
per-segment maximum non-zero probability:   0.527478
per-segment probability dynamic range (kT): 3.03507
norm = 1, error in norm = -1.11022e-16 (-0.5*epsilon)
Waiting for segments to complete...
WE weights: 
 [0.02535661 0.02535661 0.02535661 0.02535661 0.3710955  0.52747806] 
weights sum:  0.9999999999999998
curr pcoords:
 [2.0429158 1.9593552 2.1917403 2.4767714 2.1085718 1.9593552]
curr parent ids:
 [1 5 5 1 0 4]
curr parent wtg ids:
 [{1} {5} {5} {1} {0, 3} {2, 4}]
curr data len:  6

# INFO ON THE DATASET
# Number of methyls:  116
# Number of rates:    3
# Number of blocks:   6
# Overall chi square: 243.85
# THETA: 10         
# Done! All minimizations terminated successfully
Skip save of results.pkl for temp testing
ABSURDer weights: 
 [1.33504501e-05 7.32822628e-06 1.39101681e-01 1.57834491e-01
 7.03043150e-01 0.00000000e+00]
ABSURDer weight change: 
 [-0.16665332 -0.16665934 -0.02756499 -0.00883218  0.53637648 -0.16666667]
ABSURDer phi_eff: 0.37604950893723127
current iteration:  30
WEER split: [0, 0, 0, 1, 1, 0]
WEER merge: [[], [2], [], [], [], [0]]
Split indices:  [3, 4]
split sum:  2
merge sum:  1
Bin attrs post WEER:  <Bin at 0x16f11ea80, label=None, count=6, weight=1>
New weights:
 [0.18554775 0.55283467 0.05071322 0.18554775 0.01267831 0.01267831]
Total = 6, splitting = 2, merging = 4
Iteration completed successfully
Iteration wallclock: 0:00:06.785285, cputime: 0:00:00


Wed Apr  9 17:44:28 2025
Iteration 31 (50 requested)
Beginning iteration 31
6 segments remain in iteration 31 (6 total)
1 of 1 (100.000000%) active bins are populated
per-bin minimum non-zero probability:       1
per-bin maximum probability:                1
per-bin probability dynamic range (kT):     0
per-segment minimum non-zero probability:   0.0126783
per-segment maximum non-zero probability:   0.552835
per-segment probability dynamic range (kT): 3.77517
norm = 1, error in norm = -2.22045e-16 (-1*epsilon)
Waiting for segments to complete...
WE weights: 
 [0.01267831 0.01267831 0.05071322 0.18554775 0.18554775 0.55283467] 
weights sum:  0.9999999999999999
curr pcoords:
 [2.0909367 2.012923  2.242997  2.0054092 2.2360573 2.2666886]
curr parent ids:
 [5 5 1 0 0 3]
curr parent wtg ids:
 [{5} {5} {1, 4} {0} {0} {2, 3}]
curr data len:  6

# INFO ON THE DATASET
# Number of methyls:  116
# Number of rates:    3
# Number of blocks:   6
# Overall chi square: 247.05
# THETA: 10         
# Done! All minimizations terminated successfully
Skip save of results.pkl for temp testing
ABSURDer weights: 
 [0.00000000e+00 9.69092067e-05 0.00000000e+00 5.58505132e-01
 4.41386122e-01 1.18366776e-05]
ABSURDer weight change: 
 [-0.16666667 -0.16656976 -0.16666667  0.39183847  0.27471945 -0.16665483]
ABSURDer phi_eff: 0.33140171936232565
current iteration:  31
WEER split: [0, 0, 0, 1, 1, 0]
WEER merge: [[1], [], [5], [], [], []]
Split indices:  [3, 4]
split sum:  2
merge sum:  2
Bin attrs post WEER:  <Bin at 0x16f0f4500, label=None, count=6, weight=1>
New weights:
 [0.09277387 0.09277387 0.60354789 0.02535661 0.09277387 0.09277387]
Total = 6, splitting = 2, merging = 4
Iteration completed successfully
Iteration wallclock: 0:00:06.728167, cputime: 0:00:00


Wed Apr  9 17:44:34 2025
Iteration 32 (50 requested)
Beginning iteration 32
6 segments remain in iteration 32 (6 total)
1 of 1 (100.000000%) active bins are populated
per-bin minimum non-zero probability:       1
per-bin maximum probability:                1
per-bin probability dynamic range (kT):     0
per-segment minimum non-zero probability:   0.0253566
per-segment maximum non-zero probability:   0.603548
per-segment probability dynamic range (kT): 3.16979
norm = 1, error in norm = -2.22045e-16 (-1*epsilon)
Waiting for segments to complete...
WE weights: 
 [0.02535661 0.09277387 0.09277387 0.09277387 0.09277387 0.60354789] 
weights sum:  0.9999999999999998
curr pcoords:
 [1.7686163 2.3566024 2.4140732 1.9965677 2.2402625 2.075842 ]
curr parent ids:
 [4 3 0 3 0 1]
curr parent wtg ids:
 [{4, 5} {3} {0} {3} {0} {1, 2}]
curr data len:  6

# INFO ON THE DATASET
# Number of methyls:  116
# Number of rates:    3
# Number of blocks:   6
# Overall chi square: 220.26
# THETA: 10         
# Done! All minimizations terminated successfully
Skip save of results.pkl for temp testing
ABSURDer weights: 
 [0.31009247 0.16987008 0.2134058  0.05500051 0.00092829 0.25070285]
ABSURDer weight change: 
 [ 0.1434258   0.00320341  0.04673913 -0.11166615 -0.16573838  0.08403619]
ABSURDer phi_eff: 0.7519564759747128
current iteration:  32
WEER split: [1, 0, 0, 0, 0, 1]
WEER merge: [[], [], [], [2], [1], []]
Split indices:  [0, 5]
split sum:  2
merge sum:  2
Bin attrs post WEER:  <Bin at 0x16f071f40, label=None, count=6, weight=1>
New weights:
 [0.30177395 0.18554775 0.01267831 0.01267831 0.18554775 0.30177395]
Total = 6, splitting = 2, merging = 4
Iteration completed successfully
Iteration wallclock: 0:00:06.823905, cputime: 0:00:00


Wed Apr  9 17:44:41 2025
Iteration 33 (50 requested)
Beginning iteration 33
6 segments remain in iteration 33 (6 total)
1 of 1 (100.000000%) active bins are populated
per-bin minimum non-zero probability:       1
per-bin maximum probability:                1
per-bin probability dynamic range (kT):     0
per-segment minimum non-zero probability:   0.0126783
per-segment maximum non-zero probability:   0.301774
per-segment probability dynamic range (kT): 3.16979
norm = 1, error in norm = -1.11022e-16 (-0.5*epsilon)
Waiting for segments to complete...
WE weights: 
 [0.01267831 0.01267831 0.18554775 0.18554775 0.30177395 0.30177395] 
weights sum:  0.9999999999999999
curr pcoords:
 [2.3935127 2.1832557 2.1085718 2.2155938 2.6061366 2.1806571]
curr parent ids:
 [3 3 0 4 2 2]
curr parent wtg ids:
 [{3} {3} {0, 1} {4, 5} {2} {2}]
curr data len:  6

# INFO ON THE DATASET
# Number of methyls:  116
# Number of rates:    3
# Number of blocks:   6
# Overall chi square: 193.27
# THETA: 10         
# Done! All minimizations terminated successfully
Skip save of results.pkl for temp testing
ABSURDer weights: 
 [9.35031807e-01 1.98930119e-06 5.57871312e-02 7.98964520e-06
 0.00000000e+00 9.17108305e-03]
ABSURDer weight change: 
 [ 0.76836514 -0.16666468 -0.11087954 -0.16665868 -0.16666667 -0.15749558]
ABSURDer phi_eff: 0.21766728334369462
current iteration:  33
WEER split: [1, 0, 1, 0, 0, 0]
WEER merge: [[], [5], [], [], [3], []]
Split indices:  [0, 2]
split sum:  2
merge sum:  2
Bin attrs post WEER:  <Bin at 0x16f73bf20, label=None, count=6, weight=1>
New weights:
 [0.31445225 0.48732169 0.00633915 0.09277387 0.09277387 0.00633915]
Total = 6, splitting = 2, merging = 4
Iteration completed successfully
Iteration wallclock: 0:00:06.703435, cputime: 0:00:00


Wed Apr  9 17:44:48 2025
Iteration 34 (50 requested)
Beginning iteration 34
6 segments remain in iteration 34 (6 total)
1 of 1 (100.000000%) active bins are populated
per-bin minimum non-zero probability:       1
per-bin maximum probability:                1
per-bin probability dynamic range (kT):     0
per-segment minimum non-zero probability:   0.00633915
per-segment maximum non-zero probability:   0.487322
per-segment probability dynamic range (kT): 4.34218
norm = 1, error in norm = -1.11022e-16 (-0.5*epsilon)
Waiting for segments to complete...
WE weights: 
 [0.00633915 0.00633915 0.09277387 0.09277387 0.31445225 0.48732169] 
weights sum:  0.9999999999999999
curr pcoords:
 [2.3653364 2.1960955 2.553221  2.2007942 1.9800829 2.070122 ]
curr parent ids:
 [3 3 1 1 5 0]
curr parent wtg ids:
 [{3} {3} {1} {1} {2, 5} {0, 4}]
curr data len:  6

# INFO ON THE DATASET
# Number of methyls:  116
# Number of rates:    3
# Number of blocks:   6
# Overall chi square: 198.81
# THETA: 10         
# Done! All minimizations terminated successfully
Skip save of results.pkl for temp testing
ABSURDer weights: 
 [6.25066542e-01 1.19263111e-02 2.46954984e-09 6.63291981e-03
 3.56374224e-01 0.00000000e+00]
ABSURDer weight change: 
 [ 0.45839988 -0.15474036 -0.16666666 -0.16003375  0.18970756 -0.16666667]
ABSURDer phi_eff: 0.3519541871718525
current iteration:  34
WEER split: [1, 0, 0, 0, 1, 0]
WEER merge: [[], [], [3], [], [], [1]]
Split indices:  [0, 4]
split sum:  2
merge sum:  2
Bin attrs post WEER:  <Bin at 0x16f06df40, label=None, count=6, weight=1>
New weights:
 [0.00316958 0.49366085 0.15722613 0.15722613 0.18554775 0.00316958]
Total = 6, splitting = 2, merging = 4
Iteration completed successfully
Iteration wallclock: 0:00:06.966712, cputime: 0:00:00


Wed Apr  9 17:44:55 2025
Iteration 35 (50 requested)
Beginning iteration 35
6 segments remain in iteration 35 (6 total)
1 of 1 (100.000000%) active bins are populated
per-bin minimum non-zero probability:       1
per-bin maximum probability:                1
per-bin probability dynamic range (kT):     0
per-segment minimum non-zero probability:   0.00316958
per-segment maximum non-zero probability:   0.493661
per-segment probability dynamic range (kT): 5.04825
norm = 1, error in norm = -2.22045e-16 (-1*epsilon)
Waiting for segments to complete...
WE weights: 
 [0.00316958 0.00316958 0.15722613 0.15722613 0.18554775 0.49366085] 
weights sum:  0.9999999999999998
curr pcoords:
 [2.2155938 2.1415439 1.9599984 2.4386559 2.0331783 1.9402952]
curr parent ids:
 [5 5 0 0 3 1]
curr parent wtg ids:
 [{5} {5} {0} {0} {3, 4} {1, 2}]
curr data len:  6

# INFO ON THE DATASET
# Number of methyls:  116
# Number of rates:    3
# Number of blocks:   6
# Overall chi square: 207.59
# THETA: 10         
# Done! All minimizations terminated successfully
Skip save of results.pkl for temp testing
ABSURDer weights: 
 [0.01570632 0.63944578 0.22644185 0.11840605 0.         0.        ]
ABSURDer weight change: 
 [-0.15096035  0.47277912  0.05977518 -0.04826062 -0.16666667 -0.16666667]
ABSURDer phi_eff: 0.4267197120788512
current iteration:  35
WEER split: [0, 1, 1, 0, 0, 0]
WEER merge: [[3], [], [], [], [5], []]
Split indices:  [1, 2]
split sum:  2
merge sum:  2
Bin attrs post WEER:  <Bin at 0x16f071f40, label=None, count=6, weight=1>
New weights:
 [0.00158479 0.1603957  0.07861306 0.6792086  0.00158479 0.07861306]
Total = 6, splitting = 2, merging = 4
Iteration completed successfully
Iteration wallclock: 0:00:06.229973, cputime: 0:00:00


Wed Apr  9 17:45:01 2025
Iteration 36 (50 requested)
Beginning iteration 36
6 segments remain in iteration 36 (6 total)
1 of 1 (100.000000%) active bins are populated
per-bin minimum non-zero probability:       1
per-bin maximum probability:                1
per-bin probability dynamic range (kT):     0
per-segment minimum non-zero probability:   0.00158479
per-segment maximum non-zero probability:   0.679209
per-segment probability dynamic range (kT): 6.06048
norm = 1, error in norm = 0 (0*epsilon)
Waiting for segments to complete...
WE weights: 
 [0.00158479 0.00158479 0.07861306 0.07861306 0.1603957  0.6792086 ] 
weights sum:  0.9999999999999999
curr pcoords:
 [1.9971538 2.0918834 1.6960416 1.7060395 2.055002  2.2204347]
curr parent ids:
 [5 5 3 3 2 1]
curr parent wtg ids:
 [{5} {5} {3} {3} {0, 2} {1, 4}]
curr data len:  6

# INFO ON THE DATASET
# Number of methyls:  116
# Number of rates:    3
# Number of blocks:   6
# Overall chi square: 241.16
# THETA: 10         
# Done! All minimizations terminated successfully
Skip save of results.pkl for temp testing
ABSURDer weights: 
 [8.51810939e-08 2.21724824e-01 4.07730362e-01 0.00000000e+00
 2.06997665e-01 1.63547064e-01]
ABSURDer weight change: 
 [-0.16666658  0.05505816  0.2410637  -0.16666667  0.040331   -0.0031196 ]
ABSURDer phi_eff: 0.6251169392320476
current iteration:  36
WEER split: [0, 1, 1, 0, 0, 0]
WEER merge: [[], [], [], [0], [], [4]]
Split indices:  [1, 2]
split sum:  2
merge sum:  1
Bin attrs post WEER:  <Bin at 0x16f11ee40, label=None, count=6, weight=1>
New weights:
 [7.92394082e-04 8.01978509e-02 8.39604298e-01 3.93065313e-02
 7.92394082e-04 3.93065313e-02]
Total = 6, splitting = 2, merging = 4
Iteration completed successfully
Iteration wallclock: 0:00:06.345162, cputime: 0:00:00


Wed Apr  9 17:45:07 2025
Iteration 37 (50 requested)
Beginning iteration 37
6 segments remain in iteration 37 (6 total)
1 of 1 (100.000000%) active bins are populated
per-bin minimum non-zero probability:       1
per-bin maximum probability:                1
per-bin probability dynamic range (kT):     0
per-segment minimum non-zero probability:   0.000792394
per-segment maximum non-zero probability:   0.839604
per-segment probability dynamic range (kT): 6.96563
norm = 1, error in norm = -2.22045e-16 (-1*epsilon)
Waiting for segments to complete...
WE weights: 
 [7.92394082e-04 7.92394082e-04 3.93065313e-02 3.93065313e-02
 8.01978509e-02 8.39604298e-01] 
weights sum:  0.9999999999999998
curr pcoords:
 [2.1222107 2.3664932 1.4914757 2.0734918 1.9064316 2.03552  ]
curr parent ids:
 [0 0 2 2 5 3]
curr parent wtg ids:
 [{0} {0} {2} {2} {4, 5} {1, 3}]
curr data len:  6

# INFO ON THE DATASET
# Number of methyls:  116
# Number of rates:    3
# Number of blocks:   6
# Overall chi square: 223.29
# THETA: 10         
# Done! All minimizations terminated successfully
Skip save of results.pkl for temp testing
ABSURDer weights: 
 [1.08221678e-01 9.03969164e-03 8.14609387e-05 3.28503091e-07
 8.05352318e-01 7.73045238e-02]
ABSURDer weight change: 
 [-0.05844499 -0.15762698 -0.16658521 -0.16666634  0.63868565 -0.08936214]
ABSURDer phi_eff: 0.3212396189668077
current iteration:  37
WEER split: [1, 0, 0, 0, 1, 0]
WEER merge: [[], [], [1], [5], [], []]
Split indices:  [0, 4]
split sum:  2
merge sum:  2
Bin attrs post WEER:  <Bin at 0x16f11ea80, label=None, count=6, weight=1>
New weights:
 [3.96197041e-04 8.78910830e-01 3.96197041e-04 4.00989254e-02
 4.00989254e-02 4.00989254e-02]
Total = 6, splitting = 2, merging = 4
Iteration completed successfully
Iteration wallclock: 0:00:06.597465, cputime: 0:00:00


Wed Apr  9 17:45:14 2025
Iteration 38 (50 requested)
Beginning iteration 38
6 segments remain in iteration 38 (6 total)
1 of 1 (100.000000%) active bins are populated
per-bin minimum non-zero probability:       1
per-bin maximum probability:                1
per-bin probability dynamic range (kT):     0
per-segment minimum non-zero probability:   0.000396197
per-segment maximum non-zero probability:   0.878911
per-segment probability dynamic range (kT): 7.70453
norm = 1, error in norm = 0 (0*epsilon)
Waiting for segments to complete...
WE weights: 
 [3.96197041e-04 3.96197041e-04 4.00989254e-02 4.00989254e-02
 4.00989254e-02 8.78910830e-01] 
weights sum:  0.9999999999999998
curr pcoords:
 [2.0007784 2.1262505 1.7867041 2.5389824 1.8636607 1.9876832]
curr parent ids:
 [0 0 1 5 1 2]
curr parent wtg ids:
 [{0} {0} {1} {4, 5} {1} {2, 3}]
curr data len:  6

# INFO ON THE DATASET
# Number of methyls:  116
# Number of rates:    3
# Number of blocks:   6
# Overall chi square: 200.30
# THETA: 10         
# Done! All minimizations terminated successfully
Skip save of results.pkl for temp testing
ABSURDer weights: 
 [0.0012626  0.0283535  0.4011543  0.3788933  0.         0.19033629]
ABSURDer weight change: 
 [-0.16540406 -0.13831316  0.23448763  0.21222663 -0.16666667  0.02366963]
ABSURDer phi_eff: 0.5313079750010108
current iteration:  38
WEER split: [0, 0, 1, 1, 0, 0]
WEER merge: [[1], [], [], [], [5], []]
Split indices:  [2, 3]
split sum:  2
merge sum:  2
Bin attrs post WEER:  <Bin at 0x16f6024e0, label=None, count=6, weight=1>
New weights:
 [2.00494627e-02 7.92394082e-04 2.00494627e-02 2.00494627e-02
 2.00494627e-02 9.19009755e-01]
Total = 6, splitting = 2, merging = 4
Iteration completed successfully
Iteration wallclock: 0:00:06.650200, cputime: 0:00:00


Wed Apr  9 17:45:21 2025
Iteration 39 (50 requested)
Beginning iteration 39
6 segments remain in iteration 39 (6 total)
1 of 1 (100.000000%) active bins are populated
per-bin minimum non-zero probability:       1
per-bin maximum probability:                1
per-bin probability dynamic range (kT):     0
per-segment minimum non-zero probability:   0.000792394
per-segment maximum non-zero probability:   0.91901
per-segment probability dynamic range (kT): 7.05599
norm = 1, error in norm = -1.11022e-16 (-0.5*epsilon)
Waiting for segments to complete...
WE weights: 
 [7.92394082e-04 2.00494627e-02 2.00494627e-02 2.00494627e-02
 2.00494627e-02 9.19009755e-01] 
weights sum:  0.9999999999999999
curr pcoords:
 [2.07399   1.9659497 2.2037148 2.0814617 1.7686163 1.9814584]
curr parent ids:
 [2 4 5 5 4 1]
curr parent wtg ids:
 [{0, 2} {4} {5} {5} {4} {1, 3}]
curr data len:  6

# INFO ON THE DATASET
# Number of methyls:  116
# Number of rates:    3
# Number of blocks:   6
# Overall chi square: 211.83
# THETA: 10         
# Done! All minimizations terminated successfully
Skip save of results.pkl for temp testing
ABSURDer weights: 
 [9.24471585e-02 5.03461457e-05 4.12519138e-06 2.32871618e-01
 3.91584793e-08 6.74626713e-01]
ABSURDer weight change: 
 [-0.07421951 -0.16661632 -0.16666254  0.06620495 -0.16666663  0.50796005]
ABSURDer phi_eff: 0.38052810600484543
current iteration:  39
WEER split: [0, 0, 0, 1, 0, 1]
WEER merge: [[], [], [0], [], [1], []]
Split indices:  [3, 5]
split sum:  2
merge sum:  1
Bin attrs post WEER:  <Bin at 0x16f777f20, label=None, count=6, weight=1>
New weights:
 [0.01002473 0.45950488 0.01002473 0.45950488 0.04009893 0.02084186]
Total = 6, splitting = 2, merging = 4
Iteration completed successfully
Iteration wallclock: 0:00:06.607193, cputime: 0:00:00


Wed Apr  9 17:45:27 2025
Iteration 40 (50 requested)
Beginning iteration 40
6 segments remain in iteration 40 (6 total)
1 of 1 (100.000000%) active bins are populated
per-bin minimum non-zero probability:       1
per-bin maximum probability:                1
per-bin probability dynamic range (kT):     0
per-segment minimum non-zero probability:   0.0100247
per-segment maximum non-zero probability:   0.459505
per-segment probability dynamic range (kT): 3.82509
norm = 1, error in norm = -1.11022e-16 (-0.5*epsilon)
Waiting for segments to complete...
WE weights: 
 [0.01002473 0.01002473 0.02084186 0.04009893 0.45950488 0.45950488] 
weights sum:  0.9999999999999999
curr pcoords:
 [2.2730536 1.9615012 1.9396433 1.5839772 1.9554136 1.6184669]
curr parent ids:
 [0 0 2 3 5 5]
curr parent wtg ids:
 [{0} {0} {1, 2} {3, 4} {5} {5}]
curr data len:  6

# INFO ON THE DATASET
# Number of methyls:  116
# Number of rates:    3
# Number of blocks:   6
# Overall chi square: 183.16
# THETA: 10         
# Done! All minimizations terminated successfully
Skip save of results.pkl for temp testing
ABSURDer weights: 
 [3.76976437e-01 2.17092321e-06 0.00000000e+00 1.23430869e-02
 1.90578070e-02 5.91620498e-01]
ABSURDer weight change: 
 [ 0.21030977 -0.1666645  -0.16666667 -0.15432358 -0.14760886  0.42495383]
ABSURDer phi_eff: 0.3739213594275297
current iteration:  40
WEER split: [1, 0, 0, 0, 0, 1]
WEER merge: [[], [3], [4], [], [], []]
Split indices:  [0, 5]
split sum:  2
merge sum:  2
Bin attrs post WEER:  <Bin at 0x16f6ddf40, label=None, count=6, weight=1>
New weights:
 [0.22975244 0.48034673 0.00501237 0.05012366 0.00501237 0.22975244]
Total = 6, splitting = 2, merging = 4
Iteration completed successfully
Iteration wallclock: 0:00:06.717508, cputime: 0:00:00


Wed Apr  9 17:45:34 2025
Iteration 41 (50 requested)
Beginning iteration 41
6 segments remain in iteration 41 (6 total)
1 of 1 (100.000000%) active bins are populated
per-bin minimum non-zero probability:       1
per-bin maximum probability:                1
per-bin probability dynamic range (kT):     0
per-segment minimum non-zero probability:   0.00501237
per-segment maximum non-zero probability:   0.480347
per-segment probability dynamic range (kT): 4.5626
norm = 1, error in norm = -2.22045e-16 (-1*epsilon)
Waiting for segments to complete...
WE weights: 
 [0.00501237 0.00501237 0.05012366 0.22975244 0.22975244 0.48034673] 
weights sum:  0.9999999999999998
curr pcoords:
 [2.1749425 2.2189875 1.5998385 1.7648498 1.7820779 2.296365 ]
curr parent ids:
 [2 2 4 3 3 1]
curr parent wtg ids:
 [{2} {2} {0, 4} {3} {3} {1, 5}]
curr data len:  6

# INFO ON THE DATASET
# Number of methyls:  116
# Number of rates:    3
# Number of blocks:   6
# Overall chi square: 201.21
# THETA: 10         
# Done! All minimizations terminated successfully
Skip save of results.pkl for temp testing
ABSURDer weights: 
 [3.80722462e-01 0.00000000e+00 1.70334039e-07 3.07677470e-01
 4.19708132e-02 2.69629084e-01]
ABSURDer weight change: 
 [ 0.2140558  -0.16666667 -0.1666665   0.1410108  -0.12469585  0.10296242]
ABSURDer phi_eff: 0.5627311416095321
current iteration:  41
WEER split: [1, 0, 0, 1, 0, 0]
WEER merge: [[], [5], [4], [], [], []]
Split indices:  [0, 3]
split sum:  2
merge sum:  2
Bin attrs post WEER:  <Bin at 0x16f781d60, label=None, count=6, weight=1>
New weights:
 [0.00250618 0.11487622 0.2798761  0.00250618 0.4853591  0.11487622]
Total = 6, splitting = 2, merging = 4
Iteration completed successfully
Iteration wallclock: 0:00:06.396287, cputime: 0:00:00


Wed Apr  9 17:45:40 2025
Iteration 42 (50 requested)
Beginning iteration 42
6 segments remain in iteration 42 (6 total)
1 of 1 (100.000000%) active bins are populated
per-bin minimum non-zero probability:       1
per-bin maximum probability:                1
per-bin probability dynamic range (kT):     0
per-segment minimum non-zero probability:   0.00250618
per-segment maximum non-zero probability:   0.485359
per-segment probability dynamic range (kT): 5.26613
norm = 1, error in norm = -2.22045e-16 (-1*epsilon)
Waiting for segments to complete...
WE weights: 
 [0.00250618 0.00250618 0.11487622 0.11487622 0.2798761  0.4853591 ] 
weights sum:  0.9999999999999998
curr pcoords:
 [2.122957  2.1381192 1.4717956 1.7568271 2.1272113 2.3784118]
curr parent ids:
 [2 2 0 0 5 1]
curr parent wtg ids:
 [{2} {2} {0} {0} {3, 5} {1, 4}]
curr data len:  6

# INFO ON THE DATASET
# Number of methyls:  116
# Number of rates:    3
# Number of blocks:   6
# Overall chi square: 238.82
# THETA: 10         
# Done! All minimizations terminated successfully
Skip save of results.pkl for temp testing
ABSURDer weights: 
 [6.10293440e-01 2.51233285e-08 1.29208993e-02 0.00000000e+00
 4.40053742e-02 3.32780261e-01]
ABSURDer weight change: 
 [ 0.44362677 -0.16666664 -0.15374577 -0.16666667 -0.12266129  0.16611359]
ABSURDer phi_eff: 0.3943180263173616
current iteration:  42
WEER split: [1, 0, 0, 0, 0, 1]
WEER merge: [[], [4], [], [2], [], []]
Split indices:  [0, 5]
split sum:  2
merge sum:  2
Bin attrs post WEER:  <Bin at 0x16f777f20, label=None, count=6, weight=1>
New weights:
 [0.24267955 0.24267955 0.22975244 0.28238228 0.00125309 0.00125309]
Total = 6, splitting = 2, merging = 4
Iteration completed successfully
Iteration wallclock: 0:00:06.590993, cputime: 0:00:00


Wed Apr  9 17:45:47 2025
Iteration 43 (50 requested)
Beginning iteration 43
6 segments remain in iteration 43 (6 total)
1 of 1 (100.000000%) active bins are populated
per-bin minimum non-zero probability:       1
per-bin maximum probability:                1
per-bin probability dynamic range (kT):     0
per-segment minimum non-zero probability:   0.00125309
per-segment maximum non-zero probability:   0.282382
per-segment probability dynamic range (kT): 5.41765
norm = 1, error in norm = -2.22045e-16 (-1*epsilon)
Waiting for segments to complete...
WE weights: 
 [0.00125309 0.00125309 0.22975244 0.24267955 0.24267955 0.28238228] 
weights sum:  0.9999999999999998
curr pcoords:
 [2.1557093 2.03552   1.9909503 2.035595  2.0667994 2.199412 ]
curr parent ids:
 [3 3 5 4 4 2]
curr parent wtg ids:
 [{3} {3} {1, 5} {4} {4} {0, 2}]
curr data len:  6

# INFO ON THE DATASET
# Number of methyls:  116
# Number of rates:    3
# Number of blocks:   6
# Overall chi square: 228.38
# THETA: 10         
# Done! All minimizations terminated successfully
Skip save of results.pkl for temp testing
ABSURDer weights: 
 [7.78106159e-07 6.38736179e-02 8.45194551e-04 3.87561686e-01
 4.09156365e-02 5.06803087e-01]
ABSURDer weight change: 
 [-0.16666589 -0.10279305 -0.16582147  0.22089502 -0.12575103  0.34013642]
ABSURDer phi_eff: 0.4641799632034747
current iteration:  43
WEER split: [0, 0, 0, 1, 0, 1]
WEER merge: [[4], [], [1], [], [], []]
Split indices:  [3, 5]
split sum:  2
merge sum:  2
Bin attrs post WEER:  <Bin at 0x16f11f020, label=None, count=6, weight=1>
New weights:
 [0.24393264 0.14119114 0.14119114 0.12133978 0.12133978 0.23100553]
Total = 6, splitting = 2, merging = 4
Iteration completed successfully
Iteration wallclock: 0:00:06.323683, cputime: 0:00:00


Wed Apr  9 17:45:53 2025
Iteration 44 (50 requested)
Beginning iteration 44
6 segments remain in iteration 44 (6 total)
1 of 1 (100.000000%) active bins are populated
per-bin minimum non-zero probability:       1
per-bin maximum probability:                1
per-bin probability dynamic range (kT):     0
per-segment minimum non-zero probability:   0.12134
per-segment maximum non-zero probability:   0.243933
per-segment probability dynamic range (kT): 0.698297
norm = 1, error in norm = -2.22045e-16 (-1*epsilon)
Waiting for segments to complete...
WE weights: 
 [0.12133978 0.12133978 0.14119114 0.14119114 0.23100553 0.24393264] 
weights sum:  0.9999999999999997
curr pcoords:
 [1.9548877 1.7376511 1.614664  1.8630265 2.1995912 2.242997 ]
curr parent ids:
 [1 1 3 3 2 0]
curr parent wtg ids:
 [{1} {1} {3} {3} {2, 5} {0, 4}]
curr data len:  6

# INFO ON THE DATASET
# Number of methyls:  116
# Number of rates:    3
# Number of blocks:   6
# Overall chi square: 243.08
# THETA: 10         
# Done! All minimizations terminated successfully
Skip save of results.pkl for temp testing
ABSURDer weights: 
 [6.32485570e-01 8.52940182e-02 1.64321764e-01 8.87934197e-05
 0.00000000e+00 1.17809854e-01]
ABSURDer weight change: 
 [ 0.4658189  -0.08137265 -0.0023449  -0.16657787 -0.16666667 -0.04885681]
ABSURDer phi_eff: 0.4759153288319189
current iteration:  44
WEER split: [1, 0, 1, 0, 0, 0]
WEER merge: [[], [], [], [1], [5], []]
Split indices:  [0, 2]
split sum:  2
merge sum:  2
Bin attrs post WEER:  <Bin at 0x16d40eb70, label=None, count=6, weight=1>
New weights:
 [0.06066989 0.06066989 0.47493817 0.07059557 0.07059557 0.26253091]
Total = 6, splitting = 2, merging = 4
Iteration completed successfully
Iteration wallclock: 0:00:06.908467, cputime: 0:00:00


Wed Apr  9 17:46:00 2025
Iteration 45 (50 requested)
Beginning iteration 45
6 segments remain in iteration 45 (6 total)
1 of 1 (100.000000%) active bins are populated
per-bin minimum non-zero probability:       1
per-bin maximum probability:                1
per-bin probability dynamic range (kT):     0
per-segment minimum non-zero probability:   0.0606699
per-segment maximum non-zero probability:   0.474938
per-segment probability dynamic range (kT): 2.05774
norm = 1, error in norm = -2.22045e-16 (-1*epsilon)
Waiting for segments to complete...
WE weights: 
 [0.06066989 0.06066989 0.07059557 0.07059557 0.26253091 0.47493817] 
weights sum:  0.9999999999999998
curr pcoords:
 [2.34611   2.0897765 1.4509019 1.4717956 1.9530864 2.0563986]
curr parent ids:
 [3 3 1 1 4 5]
curr parent wtg ids:
 [{3} {3} {1} {1} {2, 4} {0, 5}]
curr data len:  6

# INFO ON THE DATASET
# Number of methyls:  116
# Number of rates:    3
# Number of blocks:   6
# Overall chi square: 209.59
# THETA: 10         
# Done! All minimizations terminated successfully
Skip save of results.pkl for temp testing
ABSURDer weights: 
 [1.57674865e-01 5.80808028e-01 1.22710086e-01 0.00000000e+00
 7.55092404e-06 1.38799469e-01]
ABSURDer weight change: 
 [-0.0089918   0.41414136 -0.04395658 -0.16666667 -0.16665912 -0.0278672 ]
ABSURDer phi_eff: 0.5203212625161285
current iteration:  45
WEER split: [1, 1, 0, 0, 0, 0]
WEER merge: [[], [], [], [2], [5], []]
Split indices:  [0, 1]
split sum:  2
merge sum:  2
Bin attrs post WEER:  <Bin at 0x16f5665d0, label=None, count=6, weight=1>
New weights:
 [0.03033494 0.14119114 0.73746909 0.03033494 0.03033494 0.03033494]
Total = 6, splitting = 2, merging = 4
Iteration completed successfully
Iteration wallclock: 0:00:06.486807, cputime: 0:00:00


Wed Apr  9 17:46:07 2025
Iteration 46 (50 requested)
Beginning iteration 46
6 segments remain in iteration 46 (6 total)
1 of 1 (100.000000%) active bins are populated
per-bin minimum non-zero probability:       1
per-bin maximum probability:                1
per-bin probability dynamic range (kT):     0
per-segment minimum non-zero probability:   0.0303349
per-segment maximum non-zero probability:   0.737469
per-segment probability dynamic range (kT): 3.19092
norm = 1, error in norm = 0 (0*epsilon)
Waiting for segments to complete...
WE weights: 
 [0.03033494 0.03033494 0.03033494 0.03033494 0.14119114 0.73746909] 
weights sum:  0.9999999999999999
curr pcoords:
 [1.8926227 2.2212532 2.0153084 2.8784924 2.2173035 2.0429158]
curr parent ids:
 [1 0 0 1 4 2]
curr parent wtg ids:
 [{1} {0} {0} {1} {3, 4} {2, 5}]
curr data len:  6

# INFO ON THE DATASET
# Number of methyls:  116
# Number of rates:    3
# Number of blocks:   6
# Overall chi square: 228.77
# THETA: 10         
# Done! All minimizations terminated successfully
Skip save of results.pkl for temp testing
ABSURDer weights: 
 [7.17665475e-01 2.77881977e-01 0.00000000e+00 4.37772600e-03
 2.60051642e-05 4.88170529e-05]
ABSURDer weight change: 
 [ 0.55099881  0.11121531 -0.16666667 -0.16228894 -0.16664066 -0.16661785]
ABSURDer phi_eff: 0.3093466127647092
current iteration:  46
WEER split: [1, 1, 0, 0, 0, 0]
WEER merge: [[], [], [5], [], [3], []]
Split indices:  [0, 1]
split sum:  2
merge sum:  2
Bin attrs post WEER:  <Bin at 0x16f0dbf20, label=None, count=6, weight=1>
New weights:
 [0.17152608 0.01516747 0.01516747 0.01516747 0.01516747 0.76780403]
Total = 6, splitting = 2, merging = 4
Iteration completed successfully
Iteration wallclock: 0:00:06.620052, cputime: 0:00:00


Wed Apr  9 17:46:13 2025
Iteration 47 (50 requested)
Beginning iteration 47
6 segments remain in iteration 47 (6 total)
1 of 1 (100.000000%) active bins are populated
per-bin minimum non-zero probability:       1
per-bin maximum probability:                1
per-bin probability dynamic range (kT):     0
per-segment minimum non-zero probability:   0.0151675
per-segment maximum non-zero probability:   0.767804
per-segment probability dynamic range (kT): 3.92438
norm = 1, error in norm = -1.11022e-16 (-0.5*epsilon)
Waiting for segments to complete...
WE weights: 
 [0.01516747 0.01516747 0.01516747 0.01516747 0.17152608 0.76780403] 
weights sum:  0.9999999999999999
curr pcoords:
 [1.9508278 2.300021  1.8094784 1.7351443 1.6807454 2.141012 ]
curr parent ids:
 [4 4 5 5 1 2]
curr parent wtg ids:
 [{4} {4} {5} {5} {1, 3} {0, 2}]
curr data len:  6

# INFO ON THE DATASET
# Number of methyls:  116
# Number of rates:    3
# Number of blocks:   6
# Overall chi square: 208.26
# THETA: 10         
# Done! All minimizations terminated successfully
Skip save of results.pkl for temp testing
ABSURDer weights: 
 [0.00000000e+00 3.82331801e-07 5.94803874e-01 2.90448263e-01
 7.09444076e-02 4.38030733e-02]
ABSURDer weight change: 
 [-0.16666667 -0.16666628  0.42813721  0.1237816  -0.09572226 -0.12286359]
ABSURDer phi_eff: 0.44981350619406635
current iteration:  47
WEER split: [0, 0, 1, 1, 0, 0]
WEER merge: [[5], [4], [], [], [], []]
Split indices:  [2, 3]
split sum:  2
merge sum:  2
Bin attrs post WEER:  <Bin at 0x16f073f20, label=None, count=6, weight=1>
New weights:
 [0.00758374 0.00758374 0.00758374 0.00758374 0.18669355 0.7829715 ]
Total = 6, splitting = 2, merging = 4
Iteration completed successfully
Iteration wallclock: 0:00:06.899118, cputime: 0:00:00


Wed Apr  9 17:46:20 2025
Iteration 48 (50 requested)
Beginning iteration 48
6 segments remain in iteration 48 (6 total)
1 of 1 (100.000000%) active bins are populated
per-bin minimum non-zero probability:       1
per-bin maximum probability:                1
per-bin probability dynamic range (kT):     0
per-segment minimum non-zero probability:   0.00758374
per-segment maximum non-zero probability:   0.782972
per-segment probability dynamic range (kT): 4.63709
norm = 1, error in norm = -1.11022e-16 (-0.5*epsilon)
Waiting for segments to complete...
WE weights: 
 [0.00758374 0.00758374 0.00758374 0.00758374 0.18669355 0.7829715 ] 
weights sum:  0.9999999999999999
curr pcoords:
 [2.1429052 1.861559  2.121452  1.7060395 1.7120067 2.1005716]
curr parent ids:
 [2 1 2 1 0 5]
curr parent wtg ids:
 [{2} {1} {2} {1} {0, 4} {3, 5}]
curr data len:  6

# INFO ON THE DATASET
# Number of methyls:  116
# Number of rates:    3
# Number of blocks:   6
# Overall chi square: 221.58
# THETA: 10         
# Done! All minimizations terminated successfully
Skip save of results.pkl for temp testing
ABSURDer weights: 
 [2.18665739e-01 2.46073592e-01 5.35073765e-01 9.46066224e-05
 9.22981324e-05 0.00000000e+00]
ABSURDer weight change: 
 [ 0.05199907  0.07940693  0.3684071  -0.16657206 -0.16657437 -0.16666667]
ABSURDer phi_eff: 0.4593362688603488
current iteration:  48
WEER split: [0, 1, 1, 0, 0, 0]
WEER merge: [[], [], [], [], [3], [0]]
Split indices:  [1, 2]
split sum:  2
merge sum:  1
Bin attrs post WEER:  <Bin at 0x16f0fde50, label=None, count=6, weight=1>
New weights:
 [0.19427729 0.00379187 0.00379187 0.79055524 0.00379187 0.00379187]
Total = 6, splitting = 2, merging = 4
Iteration completed successfully
Iteration wallclock: 0:00:06.694487, cputime: 0:00:00


Wed Apr  9 17:46:27 2025
Iteration 49 (50 requested)
Beginning iteration 49
6 segments remain in iteration 49 (6 total)
1 of 1 (100.000000%) active bins are populated
per-bin minimum non-zero probability:       1
per-bin maximum probability:                1
per-bin probability dynamic range (kT):     0
per-segment minimum non-zero probability:   0.00379187
per-segment maximum non-zero probability:   0.790555
per-segment probability dynamic range (kT): 5.33988
norm = 1, error in norm = -2.22045e-16 (-1*epsilon)
Waiting for segments to complete...
WE weights: 
 [0.00379187 0.00379187 0.00379187 0.00379187 0.19427729 0.79055524] 
weights sum:  0.9999999999999999
curr pcoords:
 [1.6466421 1.7470502 2.0249825 2.0040333 1.6607203 2.1596088]
curr parent ids:
 [0 1 1 0 4 5]
curr parent wtg ids:
 [{0} {1} {1} {0} {2, 4} {3, 5}]
curr data len:  6

# INFO ON THE DATASET
# Number of methyls:  116
# Number of rates:    3
# Number of blocks:   6
# Overall chi square: 222.86
# THETA: 10         
# Done! All minimizations terminated successfully
Skip save of results.pkl for temp testing
ABSURDer weights: 
 [0.26071022 0.         0.00369092 0.09937067 0.63622819 0.        ]
ABSURDer weight change: 
 [ 0.09404355 -0.16666667 -0.16297575 -0.067296    0.46956153 -0.16666667]
ABSURDer phi_eff: 0.40516502294105544
current iteration:  49
WEER split: [1, 0, 0, 0, 1, 0]
WEER merge: [[], [3], [], [], [], [2]]
Split indices:  [0, 4]
split sum:  2
merge sum:  2
Bin attrs post WEER:  <Bin at 0x16f0dbf20, label=None, count=6, weight=1>
New weights:
 [0.09713865 0.00189593 0.00758374 0.00189593 0.79434711 0.09713865]
Total = 6, splitting = 2, merging = 4
Iteration completed successfully
Iteration wallclock: 0:00:06.539792, cputime: 0:00:00


Wed Apr  9 17:46:33 2025
Iteration 50 (50 requested)
Beginning iteration 50
6 segments remain in iteration 50 (6 total)
1 of 1 (100.000000%) active bins are populated
per-bin minimum non-zero probability:       1
per-bin maximum probability:                1
per-bin probability dynamic range (kT):     0
per-segment minimum non-zero probability:   0.00189593
per-segment maximum non-zero probability:   0.794347
per-segment probability dynamic range (kT): 6.03781
norm = 1, error in norm = -2.22045e-16 (-1*epsilon)
Waiting for segments to complete...
WE weights: 
 [0.00189593 0.00189593 0.00758374 0.09713865 0.09713865 0.79434711] 
weights sum:  0.9999999999999999
curr pcoords:
 [1.6937048 2.1200538 2.2467859 2.0814617 1.7351443 2.1514132]
curr parent ids:
 [4 4 2 0 0 3]
curr parent wtg ids:
 [{4} {4} {1, 2} {0} {0} {3, 5}]
curr data len:  6

# INFO ON THE DATASET
# Number of methyls:  116
# Number of rates:    3
# Number of blocks:   6
# Overall chi square: 248.80
# THETA: 10         
# Done! All minimizations terminated successfully
Skip save of results.pkl for temp testing
ABSURDer weights: 
 [2.07510883e-02 5.10180083e-01 7.47151126e-04 1.20575727e-02
 8.46536039e-08 4.56264020e-01]
ABSURDer weight change: 
 [-0.14591558  0.34351342 -0.16591952 -0.15460909 -0.16666658  0.28959735]
ABSURDer phi_eff: 0.38622909949361495
current iteration:  50
WEER split: [0, 1, 0, 0, 0, 1]
WEER merge: [[], [], [3], [], [0], []]
Split indices:  [1, 5]
split sum:  2
merge sum:  1
Bin attrs post WEER:  <Bin at 0x16f0d8e60, label=None, count=6, weight=1>
New weights:
 [0.10472238 0.39717355 0.09903458 0.39717355 0.00094797 0.00094797]
Total = 6, splitting = 2, merging = 4
Iteration completed successfully
Iteration wallclock: 0:00:06.795809, cputime: 0:00:00


Wed Apr  9 17:46:40 2025
WEST run complete.
