

               Quadric Diffusion Analysis

          ******************** Input Data ********************
Residue  D/10^7    dD/10^7   x         y         z
  2 N    3.8972    0.0318    0.7775   -0.0340    0.6280
  3 N    4.0222    0.0318   -0.9943   -0.0320    0.1020
  4 N    4.0490    0.0346    0.8446    0.3612   -0.3951
  5 N    4.1457    0.0365   -0.6156   -0.4360    0.6564
  6 N    4.0806    0.0356    0.6532    0.6512   -0.3863
  7 N    4.0169    0.0312   -0.1651   -0.5631    0.8097
 12 N    4.3040    0.0395   -0.1903   -0.6234    0.7584
 13 N    4.0264    0.0349    0.3677    0.4182   -0.8306
 14 N    4.0125    0.0345   -0.6865   -0.5447    0.4816
 15 N    4.3521    0.0368    0.9791    0.0690   -0.1914
 16 N    4.0630    0.0363   -0.9879   -0.0447   -0.1486
 17 N    3.9646    0.0327    0.8641   -0.3748    0.3359
 20 N    3.9382    0.0351   -0.1505   -0.1806    0.9720
 21 N    4.0885    0.0343    0.5288   -0.6103    0.5899
 22 N    4.1800    0.0362   -0.8793    0.2688    0.3931
 26 N    4.2239    0.0360    0.6098    0.6593   -0.4399
 27 N    3.9870    0.0344    0.3708    0.8271   -0.4223
 28 N    4.0828    0.0356    0.5009    0.8630   -0.0660
 29 N    3.9455    0.0311    0.7361    0.6264   -0.2564
 30 N    4.0895    0.0343    0.4156    0.7292   -0.5437
 32 N    3.9615    0.0320    0.5574    0.8128   -0.1690
 33 N    4.0135    0.0350    0.7066    0.5037   -0.4969
 34 N    4.0614    0.0352    0.1679    0.8591   -0.4834
 35 N    3.9266    0.0329    0.2398    0.8049    0.5428
 39 N    4.1642    0.0349   -0.9535   -0.0515    0.2971
 40 N    4.0468    0.0340   -0.4978    0.0670    0.8647
 41 N    4.0990    0.0373   -0.6563    0.7204    0.2243
 42 N    4.1767    0.0368   -0.0194   -0.9593    0.2816
 43 N    4.1534    0.0364   -0.2438    0.9119   -0.3302
 44 N    4.2489    0.0364   -0.3019   -0.7650    0.5689
 45 N    4.0187    0.0354    0.0165    0.6379   -0.7699
 46 N    4.1227    0.0366   -0.1514   -0.7688    0.6213
 47 N    4.1132    0.0357   -0.4527   -0.6966    0.5567
 48 N    3.9302    0.0323   -0.0418   -0.1680    0.9849
 49 N    4.2614    0.0307    0.3475    0.3737   -0.8600
 50 N    4.2275    0.0368   -0.3175   -0.9049    0.2835
 51 N    4.0199    0.0346    0.7709    0.4680    0.4321
 52 N    3.8102    0.0254   -0.3096   -0.3048   -0.9007
 54 N    3.8139    0.0321   -0.1000   -0.8079   -0.5807
 55 N    3.9477    0.0328    0.7507    0.6148   -0.2418
 56 N    4.0646    0.0368   -0.7796    0.1204    0.6146
 57 N    4.1431    0.0365   -0.8513    0.4358    0.2922
 58 N    4.0626    0.0360   -0.9939   -0.0281    0.1068
 59 N    4.0152    0.0333   -0.8770   -0.1243    0.4642
 60 N    3.9924    0.0345   -0.5126    0.8495    0.1252
 61 N    4.1617    0.0373   -0.6682    0.7177   -0.1962
 63 N    3.8945    0.0275    0.4475    0.7504    0.4864
 64 N    4.1730    0.0364   -0.9332    0.3088    0.1835
 65 N    4.0696    0.0366   -0.3495    0.8921    0.2864
 66 N    4.0015    0.0343    0.8999    0.1165   -0.4203
 67 N    4.1666    0.0352   -0.7165   -0.1291    0.6855
 68 N    3.9336    0.0321    0.4319    0.7367   -0.5203
 69 N    4.1614    0.0352    0.0835   -0.8358    0.5426
 70 N    3.8852    0.0317    0.1865    0.9742   -0.1272
 71 N    4.2547    0.0400    0.2816   -0.9595   -0.0117


          **************** Isotropic Results *****************
 Parameters          Actual
Diso (10^-7/s)     4.05073 +/-      0.00461

 X2    697.8904         X2 (red)    12.92390    

          **************** Residual Analysis *****************
Residue  D/10^7    dD/10^7   Diso/10^7  X2(iso)
  2 N    3.8972    0.0318    4.0507     23.31
  3 N    4.0222    0.0318    4.0507      0.80
  4 N    4.0490    0.0346    4.0507      0.00
  5 N    4.1457    0.0365    4.0507      6.77
  6 N    4.0806    0.0356    4.0507      0.70
  7 N    4.0169    0.0312    4.0507      1.18
 12 N    4.3040    0.0395    4.0507     41.19
 13 N    4.0264    0.0349    4.0507      0.48
 14 N    4.0125    0.0345    4.0507      1.23
 15 N    4.3521    0.0368    4.0507     66.98
 16 N    4.0630    0.0363    4.0507      0.11
 17 N    3.9646    0.0327    4.0507      6.93
 20 N    3.9382    0.0351    4.0507     10.28
 21 N    4.0885    0.0343    4.0507      1.21
 22 N    4.1800    0.0362    4.0507     12.78
 26 N    4.2239    0.0360    4.0507     23.18
 27 N    3.9870    0.0344    4.0507      3.43
 28 N    4.0828    0.0356    4.0507      0.81
 29 N    3.9455    0.0311    4.0507     11.44
 30 N    4.0895    0.0343    4.0507      1.27
 32 N    3.9615    0.0320    4.0507      7.78
 33 N    4.0135    0.0350    4.0507      1.13
 34 N    4.0614    0.0352    4.0507      0.09
 35 N    3.9266    0.0329    4.0507     14.22
 39 N    4.1642    0.0349    4.0507     10.59
 40 N    4.0468    0.0340    4.0507      0.01
 41 N    4.0990    0.0373    4.0507      1.68
 42 N    4.1767    0.0368    4.0507     11.69
 43 N    4.1534    0.0364    4.0507      7.94
 44 N    4.2489    0.0364    4.0507     29.64
 45 N    4.0187    0.0354    4.0507      0.82
 46 N    4.1227    0.0366    4.0507      3.86
 47 N    4.1132    0.0357    4.0507      3.06
 48 N    3.9302    0.0323    4.0507     13.97
 49 N    4.2614    0.0307    4.0507     47.00
 50 N    4.2275    0.0368    4.0507     23.11
 51 N    4.0199    0.0346    4.0507      0.79
 52 N    3.8102    0.0254    4.0507     89.41
 54 N    3.8139    0.0321    4.0507     54.39
 55 N    3.9477    0.0328    4.0507      9.86
 56 N    4.0646    0.0368    4.0507      0.14
 57 N    4.1431    0.0365    4.0507      6.41
 58 N    4.0626    0.0360    4.0507      0.11
 59 N    4.0152    0.0333    4.0507      1.14
 60 N    3.9924    0.0345    4.0507      2.86
 61 N    4.1617    0.0373    4.0507      8.84
 63 N    3.8945    0.0275    4.0507     32.30
 64 N    4.1730    0.0364    4.0507     11.31
 65 N    4.0696    0.0366    4.0507      0.27
 66 N    4.0015    0.0343    4.0507      2.06
 67 N    4.1666    0.0352    4.0507     10.82
 68 N    3.9336    0.0321    4.0507     13.30
 69 N    4.1614    0.0352    4.0507      9.86
 70 N    3.8852    0.0317    4.0507     27.28
 71 N    4.2547    0.0400    4.0507     26.05


          ****************** Axial Results *******************


 Parameters          Actual
Diso (10^-7/s)     4.01315 +/-      0.00530
Dpar/Dper          1.15315 +/-      0.00958
Theta              0.72561 +/-      0.03481
Phi                0.84029 +/-      0.06437

 Parameters          Jacknife
Diso (10^-7/s)     4.01138 +/-      0.01386
Dpar/Dper          1.14787 +/-      0.02426
Theta              0.69908 +/-      0.12198
Phi                0.81812 +/-      0.14769

 X2    407.6873         X2 (red)    7.993868    

 F      12.10107         #points            55


          **************** Residual Analysis *****************
Residue  Y20       D/10^7    dD/10^7   Dax/10^7    X2(ax)
  2 N    0.4534    3.8972    0.0318    3.9248      0.75
  3 N   -0.2836    4.0222    0.0318    4.0684      2.11
  4 N   -0.4010    4.0490    0.0346    4.0913      1.49
  5 N   -0.5000    4.1457    0.0365    4.1106      0.93
  6 N   -0.3443    4.0806    0.0356    4.0803      0.00
  7 N   -0.4030    4.0169    0.0312    4.0917      5.75
 12 N   -0.4541    4.3040    0.0395    4.1017     26.29
 13 N   -0.4049    4.0264    0.0349    4.0921      3.53
 14 N   -0.4320    4.0125    0.0345    4.0974      6.06
 15 N   -0.3421    4.3521    0.0368    4.0798     54.66
 16 N   -0.0115    4.0630    0.0363    4.0154      1.72
 17 N   -0.1980    3.9646    0.0327    4.0518      7.10
 20 N   -0.0106    3.9382    0.0351    4.0152      4.81
 21 N   -0.2904    4.0885    0.0343    4.0698      0.30
 22 N   -0.4979    4.1800    0.0362    4.1102      3.73
 26 N   -0.3932    4.2239    0.0360    4.0898     13.90
 27 N   -0.4008    3.9870    0.0344    4.0913      9.18
 28 N    0.0381    4.0828    0.0356    4.0057      4.68
 29 N   -0.2046    3.9455    0.0311    4.0530     11.95
 30 N   -0.4716    4.0895    0.0343    4.1051      0.21
 32 N   -0.0910    3.9615    0.0320    4.0309      4.70
 33 N   -0.4458    4.0135    0.0350    4.1001      6.11
 34 N   -0.4717    4.0614    0.0352    4.1051      1.54
 35 N    0.7423    3.9266    0.0329    3.8685      3.11
 39 N   -0.4238    4.1642    0.0349    4.0958      3.85
 40 N   -0.1833    4.0468    0.0340    4.0489      0.00
 41 N   -0.4184    4.0990    0.0373    4.0947      0.01
 42 N   -0.3889    4.1767    0.0368    4.0890      5.67
 43 N   -0.4862    4.1534    0.0364    4.1079      1.56
 44 N   -0.4889    4.2489    0.0364    4.1084     14.89
 45 N   -0.4037    4.0187    0.0354    4.0918      4.28
 46 N   -0.4995    4.1227    0.0366    4.1105      0.11
 47 N   -0.4753    4.1132    0.0357    4.1058      0.04
 48 N    0.1053    3.9302    0.0323    3.9926      3.75
 49 N   -0.3607    4.2614    0.0307    4.0835     33.53
 50 N   -0.2882    4.2275    0.0368    4.0693     18.50
 51 N    0.7039    4.0199    0.0346    3.8760     17.30
 52 N    0.8868    3.8102    0.0254    3.8403      1.40
 54 N    0.6565    3.8139    0.0321    3.8852      4.93
 55 N   -0.1890    3.9477    0.0328    4.0500      9.72
 56 N   -0.4546    4.0646    0.0368    4.1018      1.02
 57 N   -0.4951    4.1431    0.0365    4.1097      0.84
 58 N   -0.2901    4.0626    0.0360    4.0697      0.04
 59 N   -0.4843    4.0152    0.0333    4.1075      7.70
 60 N   -0.3768    3.9924    0.0345    4.0866      7.45
 61 N   -0.4884    4.1617    0.0373    4.1084      2.04
 63 N    0.8055    3.8945    0.0275    3.8561      1.95
 64 N   -0.4772    4.1730    0.0364    4.1062      3.38
 65 N   -0.1243    4.0696    0.0366    4.0374      0.78
 66 N   -0.4699    4.0015    0.0343    4.1048      9.06
 67 N   -0.4740    4.1666    0.0352    4.1055      3.00
 68 N   -0.4586    3.9336    0.0321    4.1025     27.66
 69 N   -0.4987    4.1614    0.0352    4.1104      2.10
 70 N   -0.1702    3.8852    0.0317    4.0463     25.84
 71 N   -0.3075    4.2547    0.0400    4.0731     20.65

          ************* Anisotropic Results ******************


 Parameters          Actual                 Simulated
Diso (10^-7/s)     4.01763          4.01737 +/-      0.00529
2Dzz/(Dxx+Dyy)     1.15870          1.15988 +/-      0.00970
Dxx/Dyy            0.97565          0.97413 +/-      0.00829
Theta              0.72086          0.73413 +/-      0.16614
Phi                0.84159          0.80882 +/-      0.32242
Psi               -1.48121         -1.32627 +/-      0.39865

 X2    399.9402         X2 (red)    8.162045    

 F     0.4745771         #points            55


          **************** Residual Analysis *****************
Residue  Y20       Y22       D/10^7    dD/10^7   Dani/10^7  X2(ani)
  2 N    0.4518    0.4474    3.8972    0.0318    3.9348      1.40
  3 N   -0.2874    0.0311    4.0222    0.0318    4.0763      2.89
  4 N   -0.4045   -0.9135    4.0490    0.0346    4.0817      0.89
  5 N   -0.4999   -1.2092    4.1457    0.0365    4.0953      1.91
  6 N   -0.3488   -1.0988    4.0806    0.0356    4.0669      0.15
  7 N   -0.3991   -0.8690    4.0169    0.0312    4.0816      4.31
 12 N   -0.4521   -0.8728    4.3040    0.0395    4.0921     28.84
 13 N   -0.4009   -1.1239    4.0264    0.0349    4.0771      2.10
 14 N   -0.4346   -1.1619    4.0125    0.0345    4.0831      4.19
 15 N   -0.3459   -0.1494    4.3521    0.0368    4.0845     52.79
 16 N   -0.0156    0.2584    4.0630    0.0363    4.0258      1.05
 17 N   -0.1993    0.9633    3.9646    0.0327    4.0763     11.66
 20 N   -0.0039   -0.8037    3.9382    0.0351    4.0030      3.40
 21 N   -0.2885    0.6737    4.0885    0.0343    4.0888      0.00
 22 N   -0.4975    0.2771    4.1800    0.0362    4.1234      2.46
 26 N   -0.3969   -1.1282    4.2239    0.0360    4.0761     16.89
 27 N   -0.4046   -0.8346    3.9870    0.0344    4.0831      7.80
 28 N    0.0307   -0.6119    4.0828    0.0356    3.9995      5.47
 29 N   -0.2101   -0.9816    3.9455    0.0311    4.0412      9.47
 30 N   -0.4734   -1.0346    4.0895    0.0343    4.0933      0.01
 32 N   -0.0979   -0.7974    3.9615    0.0320    4.0219      3.57
 33 N   -0.4485   -1.1563    4.0135    0.0350    4.0859      4.28
 34 N   -0.4731   -0.5293    4.0614    0.0352    4.1030      1.40
 35 N    0.7410    0.1325    3.9266    0.0329    3.8707      2.88
 39 N   -0.4264   -0.2496    4.1642    0.0349    4.0989      3.51
 40 N   -0.1770   -0.6717    4.0468    0.0340    4.0406      0.03
 41 N   -0.4171    1.0942    4.0990    0.0373    4.1229      0.41
 42 N   -0.3917    0.0227    4.1767    0.0368    4.0970      4.67
 43 N   -0.4869    0.5168    4.1534    0.0364    4.1258      0.57
 44 N   -0.4898   -0.8827    4.2489    0.0364    4.0996     16.83
 45 N   -0.4014   -0.5571    4.0187    0.0354    4.0878      3.82
 46 N   -0.4993   -0.6612    4.1227    0.0366    4.1057      0.21
 47 N   -0.4771   -1.0941    4.1132    0.0357    4.0929      0.32
 48 N    0.1115   -0.6713    3.9302    0.0323    3.9821      2.59
 49 N   -0.3560   -1.0935    4.2614    0.0307    4.0686     39.37
 50 N   -0.2926   -0.5775    4.2275    0.0368    4.0655     19.40
 51 N    0.6984   -0.1164    4.0199    0.0346    3.8744     17.69
 52 N    0.8907   -0.0828    3.8102    0.0254    3.8363      1.05
 54 N    0.6556    0.2664    3.8139    0.0321    3.8903      5.66
 55 N   -0.1952   -0.9636    3.9477    0.0328    4.0385      7.65
 56 N   -0.4521   -0.3230    4.0646    0.0368    4.1028      1.07
 57 N   -0.4946    0.7108    4.1431    0.0365    4.1311      0.11
 58 N   -0.2938    0.0328    4.0626    0.0360    4.0776      0.17
 59 N   -0.4856   -0.6095    4.0152    0.0333    4.1039      7.11
 60 N   -0.3771    1.1179    3.9924    0.0345    4.1151     12.63
 61 N   -0.4883    1.1862    4.1617    0.0373    4.1390      0.37
 63 N    0.8015   -0.0687    3.8945    0.0275    3.8545      2.12
 64 N   -0.4782    0.6080    4.1730    0.0364    4.1258      1.68
 65 N   -0.1240    0.9091    4.0696    0.0366    4.0602      0.07
 66 N   -0.4715   -0.5410    4.0015    0.0343    4.1025      8.67
 67 N   -0.4723   -0.8702    4.1666    0.0352    4.0962      3.99
 68 N   -0.4606   -1.0329    3.9336    0.0321    4.0908     23.95
 69 N   -0.4984   -0.0689    4.1614    0.0352    4.1169      1.59
 70 N   -0.1740   -0.1543    3.8852    0.0317    4.0498     26.98
 71 N   -0.3094    0.8324    4.2547    0.0400    4.0959     15.79
