Updating system with the options from the configuration file
SynD propagator inferring 10001 steps per iteration from west.system.system_options.pcoord_len
Maximum wallclock time: 1 day, 0:00:00

Tue Feb 18 15:41:20 2025
Iteration 1 (10 requested)
Beginning iteration 1
24 segments remain in iteration 1 (24 total)
1 of 1 (100.000000%) active bins are populated
per-bin minimum non-zero probability:       1
per-bin maximum probability:                1
per-bin probability dynamic range (kT):     0
per-segment minimum non-zero probability:   0.03125
per-segment maximum non-zero probability:   0.0625
per-segment probability dynamic range (kT): 0.693147
norm = 1, error in norm = 0 (0*epsilon)
Waiting for segments to complete...
WE weights: 
 [0.03125 0.03125 0.03125 0.03125 0.03125 0.03125 0.03125 0.03125 0.03125
 0.03125 0.03125 0.03125 0.03125 0.03125 0.03125 0.03125 0.0625  0.0625
 0.0625  0.0625  0.0625  0.0625  0.0625  0.0625 ] 
weights sum:  1.0
pcoords shape:  (24, 1)
curr data len:  24

# INFO ON THE DATASET
# Number of methyls:  116
# Number of rates:    3
# Number of blocks:   24
# Overall chi square: 670.35
# THETA: 100         
# Done! All minimizations terminated successfully
Skip save of results.pkl for temp testing
ABSURDer weights: 
 [0.06609652 0.03127573 0.02680557 0.01239241 0.01453138 0.02692133
 0.02393572 0.0261879  0.02395887 0.02972744 0.07172877 0.01861523
 0.02853125 0.03701853 0.00847991 0.0452287  0.08037911 0.09046088
 0.09947773 0.02776094 0.05593362 0.02232194 0.01329015 0.11894037]
ABSURDer phi_eff: 0.8492568182414484
current iteration:  1
WEER split: [1, 0, 0, 0, 0, 0, 0, 0, 0, 0, 1, 0, 0, 0, 0, 1, 1, 1, 1, 0, 1, 0, 0, 1]
WEER merge: [[], [], [], [22], [1], [13], [2], [], [9], [], [], [19], [], [], [7], [], [], [], [], [], [], [12], [], []]
Split indices:  [0, 10, 15, 16, 17, 18, 20, 23]
split sum:  8
merge sum:  8
Bin attrs post WEER:  <Bin at 0x1705b4c80, label=None, count=24, weight=1>
Total = 24, splitting = 8, merging = 16
Iteration completed successfully
Iteration wallclock: 0:01:45.516388, cputime: 0:00:00


Tue Feb 18 15:43:05 2025
Iteration 2 (10 requested)
Beginning iteration 2
24 segments remain in iteration 2 (24 total)
1 of 1 (100.000000%) active bins are populated
per-bin minimum non-zero probability:       1
per-bin maximum probability:                1
per-bin probability dynamic range (kT):     0
per-segment minimum non-zero probability:   0.015625
per-segment maximum non-zero probability:   0.09375
per-segment probability dynamic range (kT): 1.79176
norm = 1, error in norm = 0 (0*epsilon)
Waiting for segments to complete...
WE weights: 
 [0.015625 0.015625 0.015625 0.015625 0.015625 0.015625 0.03125  0.03125
 0.03125  0.03125  0.03125  0.03125  0.03125  0.03125  0.03125  0.03125
 0.0625   0.0625   0.0625   0.0625   0.0625   0.09375  0.09375  0.09375 ] 
weights sum:  1.0
pcoords shape:  (24, 1)
curr data len:  24

# INFO ON THE DATASET
# Number of methyls:  116
# Number of rates:    3
# Number of blocks:   24
# Overall chi square: 673.63
# THETA: 100         
# Done! All minimizations terminated successfully
Skip save of results.pkl for temp testing
ABSURDer weights: 
 [0.0242086  0.01318797 0.01965839 0.00713415 0.00846183 0.03017103
 0.0093123  0.0567185  0.02709129 0.00545546 0.01523834 0.03438147
 0.0646552  0.05403238 0.08093178 0.02251855 0.18735893 0.07170742
 0.01221567 0.05019166 0.10437152 0.01967429 0.05230305 0.02902022]
ABSURDer phi_eff: 0.731610040075058
current iteration:  2
WEER split: [0, 0, 0, 0, 0, 0, 0, 1, 0, 0, 0, 0, 1, 1, 1, 0, 1, 1, 0, 0, 1, 0, 1, 0]
WEER merge: [[11], [21], [15], [8], [19], [], [], [], [], [6], [5], [], [], [], [], [], [], [], [23], [], [], [], [], []]
Split indices:  [7, 12, 13, 14, 16, 17, 20, 22]
split sum:  8
merge sum:  8
Bin attrs post WEER:  <Bin at 0x364c9cc80, label=None, count=24, weight=1>
Total = 24, splitting = 8, merging = 16
Iteration completed successfully
Iteration wallclock: 0:01:47.179786, cputime: 0:00:00


Tue Feb 18 15:44:52 2025
Iteration 3 (10 requested)
Beginning iteration 3
24 segments remain in iteration 3 (24 total)
1 of 1 (100.000000%) active bins are populated
per-bin minimum non-zero probability:       1
per-bin maximum probability:                1
per-bin probability dynamic range (kT):     0
per-segment minimum non-zero probability:   0.015625
per-segment maximum non-zero probability:   0.15625
per-segment probability dynamic range (kT): 2.30259
norm = 1, error in norm = 0 (0*epsilon)
Waiting for segments to complete...
WE weights: 
 [0.015625 0.015625 0.015625 0.015625 0.015625 0.015625 0.015625 0.015625
 0.03125  0.03125  0.03125  0.03125  0.03125  0.03125  0.046875 0.046875
 0.046875 0.046875 0.046875 0.046875 0.0625   0.078125 0.109375 0.15625 ] 
weights sum:  1.0
pcoords shape:  (24, 1)
curr data len:  24

# INFO ON THE DATASET
# Number of methyls:  116
# Number of rates:    3
# Number of blocks:   24
# Overall chi square: 670.24
# THETA: 100         
# Done! All minimizations terminated successfully
Skip save of results.pkl for temp testing
ABSURDer weights: 
 [0.0125334  0.01144891 0.01999391 0.03958459 0.00563082 0.01787262
 0.00690625 0.00923269 0.01769105 0.01878458 0.02596403 0.00872039
 0.01694154 0.10617786 0.04929156 0.12493824 0.01480057 0.02946232
 0.03580804 0.05790474 0.12868188 0.07790621 0.10006584 0.06365795]
ABSURDer phi_eff: 0.7953720680014283
current iteration:  3
WEER split: [0, 0, 0, 0, 0, 0, 0, 0, 0, 0, 0, 0, 0, 1, 1, 1, 0, 0, 0, 1, 1, 1, 1, 1]
WEER merge: [[], [0], [], [], [2], [], [5], [18], [], [], [3], [17], [9], [], [], [], [8], [], [], [], [], [], [], []]
Split indices:  [13, 14, 15, 19, 20, 21, 22, 23]
split sum:  8
merge sum:  7
Bin attrs post WEER:  <Bin at 0x364c9e4e0, label=None, count=24, weight=1>
Total = 24, splitting = 8, merging = 16
Iteration completed successfully
Iteration wallclock: 0:01:47.778425, cputime: 0:00:00


Tue Feb 18 15:46:40 2025
Iteration 4 (10 requested)
Beginning iteration 4
24 segments remain in iteration 4 (24 total)
1 of 1 (100.000000%) active bins are populated
per-bin minimum non-zero probability:       1
per-bin maximum probability:                1
per-bin probability dynamic range (kT):     0
per-segment minimum non-zero probability:   0.015625
per-segment maximum non-zero probability:   0.078125
per-segment probability dynamic range (kT): 1.60944
norm = 1, error in norm = 0 (0*epsilon)
Waiting for segments to complete...
WE weights: 
 [0.015625  0.015625  0.0234375 0.0234375 0.0234375 0.0234375 0.0234375
 0.0234375 0.03125   0.03125   0.03125   0.03125   0.03125   0.0390625
 0.0390625 0.046875  0.0546875 0.0546875 0.0625    0.0625    0.078125
 0.078125  0.078125  0.078125 ] 
weights sum:  1.0
pcoords shape:  (24, 1)
curr data len:  24

# INFO ON THE DATASET
# Number of methyls:  116
# Number of rates:    3
# Number of blocks:   24
# Overall chi square: 673.06
# THETA: 100         
# Done! All minimizations terminated successfully
Skip save of results.pkl for temp testing
ABSURDer weights: 
 [0.02304941 0.00802688 0.01541026 0.04063158 0.03038098 0.04664596
 0.02698504 0.01913148 0.01049314 0.01154575 0.03314358 0.03831682
 0.04990934 0.02489665 0.05084137 0.11454331 0.08896167 0.03086964
 0.02751322 0.02088736 0.06739248 0.06804535 0.087903   0.06447571]
ABSURDer phi_eff: 0.8755399612184149
current iteration:  4
WEER split: [0, 0, 0, 0, 0, 0, 0, 0, 0, 0, 0, 0, 1, 0, 1, 1, 1, 0, 0, 0, 1, 1, 1, 1]
WEER merge: [[], [10], [4], [], [], [], [], [5], [3], [0], [], [], [], [17], [], [], [], [], [11], [6], [], [], [], []]
Split indices:  [12, 14, 15, 16, 20, 21, 22, 23]
split sum:  8
merge sum:  7
Bin attrs post WEER:  <Bin at 0x364c9f020, label=None, count=24, weight=1>
Total = 24, splitting = 8, merging = 16
Iteration completed successfully
Iteration wallclock: 0:01:48.453394, cputime: 0:00:00


Tue Feb 18 15:48:29 2025
Iteration 5 (10 requested)
Beginning iteration 5
24 segments remain in iteration 5 (24 total)
1 of 1 (100.000000%) active bins are populated
per-bin minimum non-zero probability:       1
per-bin maximum probability:                1
per-bin probability dynamic range (kT):     0
per-segment minimum non-zero probability:   0.015625
per-segment maximum non-zero probability:   0.09375
per-segment probability dynamic range (kT): 1.79176
norm = 1, error in norm = 0 (0*epsilon)
Waiting for segments to complete...
WE weights: 
 [0.015625   0.015625   0.01953125 0.01953125 0.0234375  0.0234375
 0.02734375 0.02734375 0.0390625  0.0390625  0.0390625  0.0390625
 0.0390625  0.0390625  0.0390625  0.0390625  0.046875   0.046875
 0.046875   0.046875   0.0546875  0.0859375  0.09375    0.09375   ] 
weights sum:  1.0
pcoords shape:  (24, 1)
curr data len:  24

# INFO ON THE DATASET
# Number of methyls:  116
# Number of rates:    3
# Number of blocks:   24
# Overall chi square: 666.09
# THETA: 100         
# Done! All minimizations terminated successfully
Skip save of results.pkl for temp testing
ABSURDer weights: 
 [0.02405603 0.01317065 0.01130575 0.02067586 0.01464856 0.01830007
 0.02652919 0.12867253 0.02980681 0.0250226  0.06002745 0.00958162
 0.01153761 0.01798045 0.03608456 0.02781736 0.05798277 0.04187625
 0.03870142 0.10378008 0.02573571 0.05340661 0.12980437 0.07349569]
ABSURDer phi_eff: 0.8144746792582431
current iteration:  5
WEER split: [0, 0, 0, 0, 0, 0, 0, 1, 0, 0, 1, 0, 0, 0, 0, 0, 1, 1, 0, 1, 0, 1, 1, 1]
WEER merge: [[], [13], [15], [8], [6], [14], [], [], [], [20], [], [0], [18], [], [], [], [], [], [], [], [], [], [], []]
Split indices:  [7, 10, 16, 17, 19, 21, 22, 23]
split sum:  8
merge sum:  7
Bin attrs post WEER:  <Bin at 0x364c9e4e0, label=None, count=24, weight=1>
Total = 24, splitting = 8, merging = 16
Iteration completed successfully
Iteration wallclock: 0:01:47.395439, cputime: 0:00:00


Tue Feb 18 15:50:16 2025
Iteration 6 (10 requested)
Beginning iteration 6
24 segments remain in iteration 6 (24 total)
1 of 1 (100.000000%) active bins are populated
per-bin minimum non-zero probability:       1
per-bin maximum probability:                1
per-bin probability dynamic range (kT):     0
per-segment minimum non-zero probability:   0.0136719
per-segment maximum non-zero probability:   0.09375
per-segment probability dynamic range (kT): 1.92529
norm = 1, error in norm = 0 (0*epsilon)
Waiting for segments to complete...
WE weights: 
 [0.01367188 0.01367188 0.01953125 0.01953125 0.0234375  0.0234375
 0.0234375  0.0234375  0.0234375  0.0234375  0.04296875 0.04296875
 0.046875   0.046875   0.046875   0.046875   0.05078125 0.0546875
 0.0546875  0.05859375 0.05859375 0.0625     0.0859375  0.09375   ] 
weights sum:  1.0
pcoords shape:  (24, 1)
curr data len:  24

# INFO ON THE DATASET
# Number of methyls:  116
# Number of rates:    3
# Number of blocks:   24
# Overall chi square: 674.92
# THETA: 100         
# Done! All minimizations terminated successfully
Skip save of results.pkl for temp testing
ABSURDer weights: 
 [0.01328382 0.02212255 0.00796235 0.02052392 0.01858797 0.03271764
 0.01258278 0.01301114 0.02308059 0.03024196 0.0266031  0.0365012
 0.06954965 0.04526082 0.03798727 0.08378045 0.0182108  0.09615407
 0.05253635 0.04313778 0.04728458 0.04736093 0.13080346 0.07071483]
ABSURDer phi_eff: 0.9208821278445036
current iteration:  6
WEER split: [0, 0, 0, 0, 0, 0, 0, 0, 0, 0, 0, 0, 1, 0, 0, 1, 0, 1, 1, 0, 1, 1, 1, 1]
WEER merge: [[10], [13], [6], [8], [], [19], [], [9], [], [], [], [14], [], [], [], [], [4], [], [], [], [], [], [], []]
Split indices:  [12, 15, 17, 18, 20, 21, 22, 23]
split sum:  8
merge sum:  8
Bin attrs post WEER:  <Bin at 0x169410d70, label=None, count=24, weight=1>
Total = 24, splitting = 8, merging = 16
Iteration completed successfully
Iteration wallclock: 0:01:47.379357, cputime: 0:00:00


Tue Feb 18 15:52:03 2025
Iteration 7 (10 requested)
Beginning iteration 7
24 segments remain in iteration 7 (24 total)
1 of 1 (100.000000%) active bins are populated
per-bin minimum non-zero probability:       1
per-bin maximum probability:                1
per-bin probability dynamic range (kT):     0
per-segment minimum non-zero probability:   0.0234375
per-segment maximum non-zero probability:   0.0898438
per-segment probability dynamic range (kT): 1.34373
norm = 1, error in norm = 0 (0*epsilon)
Waiting for segments to complete...
WE weights: 
 [0.0234375  0.0234375  0.0234375  0.0234375  0.02734375 0.02734375
 0.02734375 0.02734375 0.02929688 0.02929688 0.03125    0.03125
 0.04296875 0.04296875 0.04296875 0.04296875 0.046875   0.046875
 0.046875   0.05664062 0.06054688 0.07421875 0.08203125 0.08984375] 
weights sum:  1.0
pcoords shape:  (24, 1)
curr data len:  24

# INFO ON THE DATASET
# Number of methyls:  116
# Number of rates:    3
# Number of blocks:   24
# Overall chi square: 671.48
# THETA: 100         
# Done! All minimizations terminated successfully
Skip save of results.pkl for temp testing
ABSURDer weights: 
 [0.02996838 0.0199371  0.03985614 0.026519   0.08027069 0.03154001
 0.02399834 0.02234989 0.02569234 0.04935926 0.02157379 0.02627421
 0.02331854 0.06889657 0.09169186 0.01110407 0.07218494 0.04128602
 0.05411542 0.01731723 0.02248161 0.06352136 0.03574424 0.10099898]
ABSURDer phi_eff: 0.8541883567225953
current iteration:  7
WEER split: [0, 0, 0, 0, 1, 0, 0, 0, 0, 1, 0, 0, 0, 1, 1, 0, 1, 0, 1, 0, 0, 1, 0, 1]
WEER merge: [[17], [10], [], [], [], [], [], [22], [2], [], [], [3], [5], [], [], [6], [], [], [], [20], [], [], [], []]
Split indices:  [4, 9, 13, 14, 16, 18, 21, 23]
split sum:  8
merge sum:  8
Bin attrs post WEER:  <Bin at 0x33b6237a0, label=None, count=24, weight=1>
Total = 24, splitting = 8, merging = 16
Iteration completed successfully
Iteration wallclock: 0:01:46.838709, cputime: 0:00:00


Tue Feb 18 15:53:50 2025
Iteration 8 (10 requested)
Beginning iteration 8
24 segments remain in iteration 8 (24 total)
1 of 1 (100.000000%) active bins are populated
per-bin minimum non-zero probability:       1
per-bin maximum probability:                1
per-bin probability dynamic range (kT):     0
per-segment minimum non-zero probability:   0.0136719
per-segment maximum non-zero probability:   0.117188
per-segment probability dynamic range (kT): 2.14843
norm = 1, error in norm = 0 (0*epsilon)
Waiting for segments to complete...
WE weights: 
 [0.01367188 0.01367188 0.01464844 0.01464844 0.02148438 0.02148438
 0.02148438 0.02148438 0.0234375  0.0234375  0.0234375  0.0234375
 0.03710938 0.03710938 0.04492188 0.04492188 0.05273438 0.0546875
 0.0546875  0.0703125  0.0703125  0.0703125  0.109375   0.1171875 ] 
weights sum:  1.0
pcoords shape:  (24, 1)
curr data len:  24

# INFO ON THE DATASET
# Number of methyls:  116
# Number of rates:    3
# Number of blocks:   24
# Overall chi square: 677.10
# THETA: 100         
# Done! All minimizations terminated successfully
Skip save of results.pkl for temp testing
ABSURDer weights: 
 [0.01563841 0.02139663 0.01466388 0.00391865 0.0127102  0.02881377
 0.02484427 0.01071008 0.02679713 0.02823462 0.01665443 0.00786329
 0.0075054  0.04817917 0.03565713 0.02488669 0.04057193 0.00383678
 0.05983758 0.1767971  0.13478018 0.0777412  0.08270571 0.09525577]
ABSURDer phi_eff: 0.8378502530637193
current iteration:  8
WEER split: [0, 0, 0, 0, 0, 0, 0, 0, 0, 0, 0, 0, 0, 1, 0, 0, 1, 0, 1, 1, 1, 1, 1, 1]
WEER merge: [[], [], [6], [11], [1], [], [], [0], [], [], [8], [], [9], [], [], [5], [], [14], [], [], [], [], [], []]
Split indices:  [13, 16, 18, 19, 20, 21, 22, 23]
split sum:  8
merge sum:  7
Bin attrs post WEER:  <Bin at 0x33b620d70, label=None, count=24, weight=1>
Total = 24, splitting = 8, merging = 16
Iteration completed successfully
Iteration wallclock: 0:01:46.884866, cputime: 0:00:00


Tue Feb 18 15:55:37 2025
Iteration 9 (10 requested)
Beginning iteration 9
24 segments remain in iteration 9 (24 total)
1 of 1 (100.000000%) active bins are populated
per-bin minimum non-zero probability:       1
per-bin maximum probability:                1
per-bin probability dynamic range (kT):     0
per-segment minimum non-zero probability:   0.0185547
per-segment maximum non-zero probability:   0.0996094
per-segment probability dynamic range (kT): 1.68053
norm = 1, error in norm = 0 (0*epsilon)
Waiting for segments to complete...
WE weights: 
 [0.01855469 0.01855469 0.02636719 0.02636719 0.02734375 0.02734375
 0.03515625 0.03515625 0.03515625 0.03515625 0.03515625 0.03515625
 0.03515625 0.03515625 0.03613281 0.03808594 0.046875   0.0546875
 0.0546875  0.05859375 0.05859375 0.06054688 0.06640625 0.09960938] 
weights sum:  1.0
pcoords shape:  (24, 1)
curr data len:  24

# INFO ON THE DATASET
# Number of methyls:  116
# Number of rates:    3
# Number of blocks:   24
# Overall chi square: 662.15
# THETA: 100         
# Done! All minimizations terminated successfully
Skip save of results.pkl for temp testing
ABSURDer weights: 
 [0.00530389 0.00935293 0.01559081 0.04211042 0.03659736 0.03528618
 0.01400184 0.06961052 0.01144265 0.02841793 0.01463415 0.03386828
 0.03687951 0.01012304 0.03778327 0.03141049 0.00401585 0.01592882
 0.05919811 0.06101809 0.04849429 0.08004789 0.11130374 0.18757994]
ABSURDer phi_eff: 0.8422689997371652
current iteration:  9
WEER split: [0, 0, 0, 1, 0, 0, 0, 1, 0, 0, 0, 0, 0, 0, 0, 0, 0, 0, 1, 1, 1, 1, 1, 1]
WEER merge: [[13], [9], [12], [], [], [], [], [], [14], [], [11], [], [], [], [], [4], [6], [5], [], [], [], [], [], []]
Split indices:  [3, 7, 18, 19, 20, 21, 22, 23]
split sum:  8
merge sum:  8
Bin attrs post WEER:  <Bin at 0x33b3888c0, label=None, count=24, weight=1>
Total = 24, splitting = 8, merging = 16
Iteration completed successfully
Iteration wallclock: 0:01:47.032368, cputime: 0:00:00


Tue Feb 18 15:57:24 2025
Iteration 10 (10 requested)
Beginning iteration 10
24 segments remain in iteration 10 (24 total)
1 of 1 (100.000000%) active bins are populated
per-bin minimum non-zero probability:       1
per-bin maximum probability:                1
per-bin probability dynamic range (kT):     0
per-segment minimum non-zero probability:   0.0131836
per-segment maximum non-zero probability:   0.0820312
per-segment probability dynamic range (kT): 1.82813
norm = 1, error in norm = 0 (0*epsilon)
Waiting for segments to complete...
WE weights: 
 [0.01318359 0.01318359 0.01757812 0.01757812 0.02734375 0.02734375
 0.02929688 0.02929688 0.02929688 0.02929688 0.03027344 0.03027344
 0.03320312 0.03320312 0.04980469 0.04980469 0.05371094 0.05371094
 0.06152344 0.06542969 0.0703125  0.07128906 0.08203125 0.08203125] 
weights sum:  1.0
pcoords shape:  (24, 1)
curr data len:  24

# INFO ON THE DATASET
# Number of methyls:  116
# Number of rates:    3
# Number of blocks:   24
# Overall chi square: 674.46
# THETA: 100         
# Done! All minimizations terminated successfully
Skip save of results.pkl for temp testing
ABSURDer weights: 
 [0.02490705 0.00709873 0.03153067 0.00614009 0.00327725 0.03539159
 0.02915975 0.00792155 0.01568172 0.07842155 0.01293751 0.01669037
 0.03571555 0.01613639 0.04748385 0.01835631 0.08294111 0.05380988
 0.03868609 0.028428   0.05028905 0.10755632 0.08838579 0.16305382]
ABSURDer phi_eff: 0.8416174584335709
current iteration:  10
WEER split: [0, 0, 0, 0, 0, 0, 0, 0, 0, 1, 0, 0, 0, 0, 1, 0, 1, 1, 0, 0, 1, 1, 1, 1]
WEER merge: [[], [], [], [12], [1], [], [], [6], [2], [], [18], [19], [], [0], [], [5], [], [], [], [], [], [], [], []]
Split indices:  [9, 14, 16, 17, 20, 21, 22, 23]
split sum:  8
merge sum:  7
Bin attrs post WEER:  <Bin at 0x1694109b0, label=None, count=24, weight=1>
Total = 24, splitting = 8, merging = 16
Iteration completed successfully
Iteration wallclock: 0:01:46.963194, cputime: 0:00:00


Tue Feb 18 15:59:11 2025
WEST run complete.
