Updating system with the options from the configuration file
SynD propagator inferring 10001 steps per iteration from west.system.system_options.pcoord_len
Maximum wallclock time: 1 day, 0:00:00

Tue Feb 25 18:00:37 2025
Iteration 1 (10 requested)
Beginning iteration 1
6 segments remain in iteration 1 (6 total)
1 of 1 (100.000000%) active bins are populated
per-bin minimum non-zero probability:       1
per-bin maximum probability:                1
per-bin probability dynamic range (kT):     0
per-segment minimum non-zero probability:   0.166667
per-segment maximum non-zero probability:   0.166667
per-segment probability dynamic range (kT): 0
norm = 1, error in norm = -1.11022e-16 (-0.5*epsilon)
Waiting for segments to complete...
WE weights: 
 [0.16666667 0.16666667 0.16666667 0.16666667 0.16666667 0.16666667] 
weights sum:  0.9999999999999999
curr pcoords:
 [2.0043957 1.9593552 2.0859852 2.0563986 2.0283155 1.9813012]
curr parent ids:
 [-2 -6 -1 -4 -3 -5]
curr parent wtg ids:
 [{-2} {-6} {-1} {-4} {-3} {-5}]
curr data len:  6

# INFO ON THE DATASET
# Number of methyls:  116
# Number of rates:    3
# Number of blocks:   6
# Overall chi square: 590.55
# THETA: 1000         
# Done! All minimizations terminated successfully
Skip save of results.pkl for temp testing
ABSURDer weights: 
 [0.15881801 0.15803019 0.17204972 0.16658183 0.16637877 0.17814149]
ABSURDer phi_eff: 0.9991123541678024
current iteration:  1
WEER split: [0, 0, 1, 0, 0, 1]
WEER merge: [[], [0], [], [], [3], []]
Split indices:  [2, 5]
split sum:  2
merge sum:  1
Bin attrs post WEER:  <Bin at 0x139c18f50, label=None, count=6, weight=1>
New weights:
 [0.33333333 0.08333333 0.33333333 0.08333333 0.08333333 0.08333333]
Total = 6, splitting = 2, merging = 4
Iteration completed successfully
Iteration wallclock: 0:00:25.692561, cputime: 0:00:00


Tue Feb 25 18:01:03 2025
Iteration 2 (10 requested)
Beginning iteration 2
6 segments remain in iteration 2 (6 total)
1 of 1 (100.000000%) active bins are populated
per-bin minimum non-zero probability:       1
per-bin maximum probability:                1
per-bin probability dynamic range (kT):     0
per-segment minimum non-zero probability:   0.0833333
per-segment maximum non-zero probability:   0.333333
per-segment probability dynamic range (kT): 1.38629
norm = 1, error in norm = 0 (0*epsilon)
Waiting for segments to complete...
WE weights: 
 [0.08333333 0.08333333 0.08333333 0.08333333 0.33333333 0.33333333] 
weights sum:  1.0
curr pcoords:
 [2.1289065 2.141012  1.9909503 2.157887  2.1203763 2.140067 ]
curr parent ids:
 [2 5 5 2 4 3]
curr parent wtg ids:
 [{2} {5} {5} {2} {0, 4} {1, 3}]
curr data len:  6

# INFO ON THE DATASET
# Number of methyls:  116
# Number of rates:    3
# Number of blocks:   6
# Overall chi square: 577.67
# THETA: 1000         
# Done! All minimizations terminated successfully
Skip save of results.pkl for temp testing
ABSURDer weights: 
 [0.09060773 0.08345512 0.09259182 0.0822477  0.32567239 0.32542523]
ABSURDer phi_eff: 0.9990051206835691
current iteration:  2
WEER split: [0, 0, 0, 0, 1, 1]
WEER merge: [[2], [], [], [1], [], []]
Split indices:  [4, 5]
split sum:  2
merge sum:  2
Bin attrs post WEER:  <Bin at 0x139c18c80, label=None, count=6, weight=1>
New weights:
 [0.16666667 0.16666667 0.16666667 0.16666667 0.16666667 0.16666667]
Total = 6, splitting = 2, merging = 4
Iteration completed successfully
Iteration wallclock: 0:00:25.989841, cputime: 0:00:00


Tue Feb 25 18:01:29 2025
Iteration 3 (10 requested)
Beginning iteration 3
6 segments remain in iteration 3 (6 total)
1 of 1 (100.000000%) active bins are populated
per-bin minimum non-zero probability:       1
per-bin maximum probability:                1
per-bin probability dynamic range (kT):     0
per-segment minimum non-zero probability:   0.166667
per-segment maximum non-zero probability:   0.166667
per-segment probability dynamic range (kT): 0
norm = 1, error in norm = -1.11022e-16 (-0.5*epsilon)
Waiting for segments to complete...
WE weights: 
 [0.16666667 0.16666667 0.16666667 0.16666667 0.16666667 0.16666667] 
weights sum:  0.9999999999999999
curr pcoords:
 [2.045599  2.157663  2.2408485 2.199412  1.8589822 1.7553203]
curr parent ids:
 [4 5 0 2 2 0]
curr parent wtg ids:
 [{1, 4} {3, 5} {0} {2} {2} {0}]
curr data len:  6

# INFO ON THE DATASET
# Number of methyls:  116
# Number of rates:    3
# Number of blocks:   6
# Overall chi square: 620.41
# THETA: 1000         
# Done! All minimizations terminated successfully
Skip save of results.pkl for temp testing
ABSURDer weights: 
 [0.16368994 0.17411349 0.15661014 0.16302003 0.17110783 0.17145856]
ABSURDer phi_eff: 0.9993327670658118
current iteration:  3
WEER split: [0, 1, 0, 0, 0, 1]
WEER merge: [[4], [], [3], [], [], []]
Split indices:  [1, 5]
split sum:  2
merge sum:  2
Bin attrs post WEER:  <Bin at 0x13a24ac60, label=None, count=6, weight=1>
New weights:
 [0.08333333 0.08333333 0.33333333 0.08333333 0.33333333 0.08333333]
Total = 6, splitting = 2, merging = 4
Iteration completed successfully
Iteration wallclock: 0:00:26.307916, cputime: 0:00:00


Tue Feb 25 18:01:55 2025
Iteration 4 (10 requested)
Beginning iteration 4
6 segments remain in iteration 4 (6 total)
1 of 1 (100.000000%) active bins are populated
per-bin minimum non-zero probability:       1
per-bin maximum probability:                1
per-bin probability dynamic range (kT):     0
per-segment minimum non-zero probability:   0.0833333
per-segment maximum non-zero probability:   0.333333
per-segment probability dynamic range (kT): 1.38629
norm = 1, error in norm = 0 (0*epsilon)
Waiting for segments to complete...
WE weights: 
 [0.08333333 0.08333333 0.08333333 0.08333333 0.33333333 0.33333333] 
weights sum:  1.0
curr pcoords:
 [1.7120067 2.6274533 2.2263694 2.220635  2.332131  1.7959014]
curr parent ids:
 [4 0 0 4 1 2]
curr parent wtg ids:
 [{4} {0} {0} {4} {1, 5} {2, 3}]
curr data len:  6

# INFO ON THE DATASET
# Number of methyls:  116
# Number of rates:    3
# Number of blocks:   6
# Overall chi square: 621.15
# THETA: 1000         
# Done! All minimizations terminated successfully
Skip save of results.pkl for temp testing
ABSURDer weights: 
 [0.0804697  0.07773246 0.08395462 0.08589287 0.33855955 0.33339081]
ABSURDer phi_eff: 0.9996757098804694
current iteration:  4
WEER split: [0, 0, 0, 0, 1, 1]
WEER merge: [[3], [2], [], [], [], []]
Split indices:  [4, 5]
split sum:  2
merge sum:  2
Bin attrs post WEER:  <Bin at 0x139c188c0, label=None, count=6, weight=1>
New weights:
 [0.16666667 0.16666667 0.16666667 0.16666667 0.16666667 0.16666667]
Total = 6, splitting = 2, merging = 4
Iteration completed successfully
Iteration wallclock: 0:00:26.485885, cputime: 0:00:00


Tue Feb 25 18:02:22 2025
Iteration 5 (10 requested)
Beginning iteration 5
6 segments remain in iteration 5 (6 total)
1 of 1 (100.000000%) active bins are populated
per-bin minimum non-zero probability:       1
per-bin maximum probability:                1
per-bin probability dynamic range (kT):     0
per-segment minimum non-zero probability:   0.166667
per-segment maximum non-zero probability:   0.166667
per-segment probability dynamic range (kT): 0
norm = 1, error in norm = -1.11022e-16 (-0.5*epsilon)
Waiting for segments to complete...
WE weights: 
 [0.16666667 0.16666667 0.16666667 0.16666667 0.16666667 0.16666667] 
weights sum:  0.9999999999999999
curr pcoords:
 [1.8280815 2.1957104 2.1768107 2.1432352 2.0694687 2.084062 ]
curr parent ids:
 [5 1 4 2 4 2]
curr parent wtg ids:
 [{0, 5} {1, 3} {4} {2} {4} {2}]
curr data len:  6

# INFO ON THE DATASET
# Number of methyls:  116
# Number of rates:    3
# Number of blocks:   6
# Overall chi square: 589.65
# THETA: 1000         
# Done! All minimizations terminated successfully
Skip save of results.pkl for temp testing
ABSURDer weights: 
 [0.16211447 0.17218758 0.13245462 0.17780839 0.17578801 0.17964693]
ABSURDer phi_eff: 0.9949772523829294
current iteration:  5
WEER split: [0, 0, 0, 1, 0, 1]
WEER merge: [[4], [], [1], [], [], []]
Split indices:  [3, 5]
split sum:  2
merge sum:  2
Bin attrs post WEER:  <Bin at 0x139c19310, label=None, count=6, weight=1>
New weights:
 [0.08333333 0.33333333 0.08333333 0.08333333 0.33333333 0.08333333]
Total = 6, splitting = 2, merging = 4
Iteration completed successfully
Iteration wallclock: 0:00:26.578847, cputime: 0:00:00


Tue Feb 25 18:02:48 2025
Iteration 6 (10 requested)
Beginning iteration 6
6 segments remain in iteration 6 (6 total)
1 of 1 (100.000000%) active bins are populated
per-bin minimum non-zero probability:       1
per-bin maximum probability:                1
per-bin probability dynamic range (kT):     0
per-segment minimum non-zero probability:   0.0833333
per-segment maximum non-zero probability:   0.333333
per-segment probability dynamic range (kT): 1.38629
norm = 1, error in norm = -1.11022e-16 (-0.5*epsilon)
Waiting for segments to complete...
WE weights: 
 [0.08333333 0.08333333 0.08333333 0.08333333 0.33333333 0.33333333] 
weights sum:  1.0
curr pcoords:
 [2.6045754 2.2054265 2.180903  1.8959196 2.079225  2.0705173]
curr parent ids:
 [3 3 1 1 5 2]
curr parent wtg ids:
 [{3} {3} {1} {1} {0, 5} {2, 4}]
curr data len:  6

# INFO ON THE DATASET
# Number of methyls:  116
# Number of rates:    3
# Number of blocks:   6
# Overall chi square: 589.66
# THETA: 1000         
# Done! All minimizations terminated successfully
Skip save of results.pkl for temp testing
ABSURDer weights: 
 [0.08633952 0.07747538 0.07720347 0.08379309 0.32827632 0.34691221]
ABSURDer phi_eff: 0.9991919380913794
current iteration:  6
WEER split: [0, 0, 0, 0, 1, 1]
WEER merge: [[], [], [1], [0], [], []]
Split indices:  [4, 5]
split sum:  2
merge sum:  1
Bin attrs post WEER:  <Bin at 0x139c1bc50, label=None, count=6, weight=1>
New weights:
 [0.16666667 0.16666667 0.16666667 0.16666667 0.16666667 0.16666667]
Total = 6, splitting = 2, merging = 4
Iteration completed successfully
Iteration wallclock: 0:00:26.732396, cputime: 0:00:00


Tue Feb 25 18:03:15 2025
Iteration 7 (10 requested)
Beginning iteration 7
6 segments remain in iteration 7 (6 total)
1 of 1 (100.000000%) active bins are populated
per-bin minimum non-zero probability:       1
per-bin maximum probability:                1
per-bin probability dynamic range (kT):     0
per-segment minimum non-zero probability:   0.166667
per-segment maximum non-zero probability:   0.166667
per-segment probability dynamic range (kT): 0
norm = 1, error in norm = -1.11022e-16 (-0.5*epsilon)
Waiting for segments to complete...
WE weights: 
 [0.16666667 0.16666667 0.16666667 0.16666667 0.16666667 0.16666667] 
weights sum:  0.9999999999999999
curr pcoords:
 [2.2489977 1.9092509 1.9497732 1.8566387 2.2615974 2.093601 ]
curr parent ids:
 [1 0 4 1 4 3]
curr parent wtg ids:
 [{1} {0, 5} {4} {1} {4} {2, 3}]
curr data len:  6

# INFO ON THE DATASET
# Number of methyls:  116
# Number of rates:    3
# Number of blocks:   6
# Overall chi square: 589.52
# THETA: 1000         
# Done! All minimizations terminated successfully
Skip save of results.pkl for temp testing
ABSURDer weights: 
 [0.15494661 0.1633366  0.18275622 0.15982657 0.15382133 0.18531268]
ABSURDer phi_eff: 0.9971390189888966
current iteration:  7
WEER split: [0, 0, 1, 0, 0, 1]
WEER merge: [[], [], [], [1], [0], []]
Split indices:  [2, 5]
split sum:  2
merge sum:  1
Bin attrs post WEER:  <Bin at 0x14b9205f0, label=None, count=6, weight=1>
New weights:
 [0.08333333 0.33333333 0.08333333 0.33333333 0.08333333 0.08333333]
Total = 6, splitting = 2, merging = 4
Iteration completed successfully
Iteration wallclock: 0:00:26.344044, cputime: 0:00:00


Tue Feb 25 18:03:41 2025
Iteration 8 (10 requested)
Beginning iteration 8
6 segments remain in iteration 8 (6 total)
1 of 1 (100.000000%) active bins are populated
per-bin minimum non-zero probability:       1
per-bin maximum probability:                1
per-bin probability dynamic range (kT):     0
per-segment minimum non-zero probability:   0.0833333
per-segment maximum non-zero probability:   0.333333
per-segment probability dynamic range (kT): 1.38629
norm = 1, error in norm = 0 (0*epsilon)
Waiting for segments to complete...
WE weights: 
 [0.08333333 0.08333333 0.08333333 0.08333333 0.33333333 0.33333333] 
weights sum:  1.0
curr pcoords:
 [2.1361372 1.8681763 1.943811  2.3130245 2.117248  1.5323611]
curr parent ids:
 [1 1 0 0 5 2]
curr parent wtg ids:
 [{1} {1} {0} {0} {3, 5} {2, 4}]
curr data len:  6

# INFO ON THE DATASET
# Number of methyls:  116
# Number of rates:    3
# Number of blocks:   6
# Overall chi square: 598.72
# THETA: 1000         
# Done! All minimizations terminated successfully
Skip save of results.pkl for temp testing
ABSURDer weights: 
 [0.08153662 0.07389048 0.08676578 0.07769716 0.36088568 0.31922428]
ABSURDer phi_eff: 0.9977503338834691
current iteration:  8
WEER split: [0, 0, 0, 0, 1, 1]
WEER merge: [[], [2], [], [0], [], []]
Split indices:  [4, 5]
split sum:  2
merge sum:  1
Bin attrs post WEER:  <Bin at 0x139c1bc50, label=None, count=6, weight=1>
New weights:
 [0.16666667 0.16666667 0.16666667 0.16666667 0.16666667 0.16666667]
Total = 6, splitting = 2, merging = 4
Iteration completed successfully
Iteration wallclock: 0:00:26.950320, cputime: 0:00:00


Tue Feb 25 18:04:08 2025
Iteration 9 (10 requested)
Beginning iteration 9
6 segments remain in iteration 9 (6 total)
1 of 1 (100.000000%) active bins are populated
per-bin minimum non-zero probability:       1
per-bin maximum probability:                1
per-bin probability dynamic range (kT):     0
per-segment minimum non-zero probability:   0.166667
per-segment maximum non-zero probability:   0.166667
per-segment probability dynamic range (kT): 0
norm = 1, error in norm = -1.11022e-16 (-0.5*epsilon)
Waiting for segments to complete...
WE weights: 
 [0.16666667 0.16666667 0.16666667 0.16666667 0.16666667 0.16666667] 
weights sum:  0.9999999999999999
curr pcoords:
 [2.1191652 2.0339792 2.2037148 2.2257261 2.2557018 1.6718028]
curr parent ids:
 [3 4 5 3 1 1]
curr parent wtg ids:
 [{3} {0, 4} {2, 5} {3} {1} {1}]
curr data len:  6

# INFO ON THE DATASET
# Number of methyls:  116
# Number of rates:    3
# Number of blocks:   6
# Overall chi square: 572.42
# THETA: 1000         
# Done! All minimizations terminated successfully
Skip save of results.pkl for temp testing
ABSURDer weights: 
 [0.16243335 0.17956703 0.16181267 0.15730591 0.17779801 0.16108304]
ABSURDer phi_eff: 0.9986621990645783
current iteration:  9
WEER split: [0, 1, 0, 0, 1, 0]
WEER merge: [[], [], [], [2], [], [0]]
Split indices:  [1, 4]
split sum:  2
merge sum:  1
Bin attrs post WEER:  <Bin at 0x139c1b3e0, label=None, count=6, weight=1>
New weights:
 [0.08333333 0.33333333 0.08333333 0.33333333 0.08333333 0.08333333]
Total = 6, splitting = 2, merging = 4
Iteration completed successfully
Iteration wallclock: 0:00:27.084887, cputime: 0:00:00


Tue Feb 25 18:04:35 2025
Iteration 10 (10 requested)
Beginning iteration 10
6 segments remain in iteration 10 (6 total)
1 of 1 (100.000000%) active bins are populated
per-bin minimum non-zero probability:       1
per-bin maximum probability:                1
per-bin probability dynamic range (kT):     0
per-segment minimum non-zero probability:   0.0833333
per-segment maximum non-zero probability:   0.333333
per-segment probability dynamic range (kT): 1.38629
norm = 1, error in norm = 0 (0*epsilon)
Waiting for segments to complete...
WE weights: 
 [0.08333333 0.08333333 0.08333333 0.08333333 0.33333333 0.33333333] 
weights sum:  1.0
curr pcoords:
 [2.0324757 2.8234353 2.1899884 2.2155938 2.1248882 1.56202  ]
curr parent ids:
 [1 0 0 1 5 3]
curr parent wtg ids:
 [{1} {0} {0} {1} {4, 5} {2, 3}]
curr data len:  6

# INFO ON THE DATASET
# Number of methyls:  116
# Number of rates:    3
# Number of blocks:   6
# Overall chi square: 608.29
# THETA: 1000         
# Done! All minimizations terminated successfully
Skip save of results.pkl for temp testing
ABSURDer weights: 
 [0.08603692 0.08663713 0.08882487 0.07594242 0.33579358 0.32676508]
ABSURDer phi_eff: 0.9993030219347306
current iteration:  10
WEER split: [0, 0, 0, 0, 1, 1]
WEER merge: [[1], [], [], [2], [], []]
Split indices:  [4, 5]
split sum:  2
merge sum:  2
Bin attrs post WEER:  <Bin at 0x139c196d0, label=None, count=6, weight=1>
New weights:
 [0.16666667 0.16666667 0.16666667 0.16666667 0.16666667 0.16666667]
Total = 6, splitting = 2, merging = 4
Iteration completed successfully
Iteration wallclock: 0:00:26.886692, cputime: 0:00:00


Tue Feb 25 18:05:02 2025
WEST run complete.
